<?xml version="1.0" encoding="UTF-8" ?>
<?xml version="1.0" encoding="UTF-8"?>
<testsuites name="http://localhost:8081/phaser-framework/projects/FurnitureConstructor/dev/Testing/unit_tests/InnerSlotMatrixUtilityTests.html" tests="606" failures="0" errors="0" time="2.122">
    <testsuite id="0" name="defaultSlotDataObject()" hostname="localhost" tests="34" failures="0" errors="0" time="0.107" timestamp="2016-10-17T19:05:17Z">
        <testcase name="should return object of default slot data object with all parts enabled and 3 empty slots, test params: {&quot;partType&quot;:&quot;horzBaffle&quot;,&quot;value&quot;:true}" time="0.01" timestamp="2016-10-17T19:05:17Z"></testcase>
        <testcase name="should return object of default slot data object with all parts enabled and 3 empty slots, test params: {&quot;partType&quot;:&quot;vertBaffle&quot;,&quot;value&quot;:true}" time="0.01" timestamp="2016-10-17T19:05:17Z"></testcase>
        <testcase name="should return object of default slot data object with all parts enabled and 3 empty slots, test params: {&quot;partType&quot;:&quot;horzBeam&quot;,&quot;value&quot;:true}" time="0.01" timestamp="2016-10-17T19:05:17Z"></testcase>
        <testcase name="should return object of default slot data object with all parts enabled and 3 empty slots, test params: {&quot;partType&quot;:&quot;vertBeam&quot;,&quot;value&quot;:true}" time="0.011" timestamp="2016-10-17T19:05:17Z"></testcase>
        <testcase name="should return object of default slot data object with all parts enabled and 3 empty slots, test params: {&quot;partType&quot;:&quot;drawer&quot;,&quot;value&quot;:true}" time="0.009" timestamp="2016-10-17T19:05:17Z"></testcase>
        <testcase name="should return object of default slot data object with all parts enabled and 3 empty slots, test params: {&quot;partType&quot;:&quot;tie&quot;,&quot;value&quot;:true}" time="0.007" timestamp="2016-10-17T19:05:17Z"></testcase>
        <testcase name="should return object of default slot data object with all parts enabled and 3 empty slots, test params: {&quot;partType&quot;:&quot;shoes&quot;,&quot;value&quot;:true}" time="0.007" timestamp="2016-10-17T19:05:17Z"></testcase>
        <testcase name="should return object of default slot data object with all parts enabled and 3 empty slots, test params: {&quot;partType&quot;:&quot;hanger&quot;,&quot;value&quot;:true}" time="0.008" timestamp="2016-10-17T19:05:17Z"></testcase>
        <testcase name="should return object of default slot data object with all parts enabled and 3 empty slots, test params: {&quot;partType&quot;:&quot;pantograph&quot;,&quot;value&quot;:true}" time="0.008" timestamp="2016-10-17T19:05:17Z"></testcase>
        <testcase name="should return object of default slot data object with all parts enabled and 3 empty slots, test params: {&quot;partType&quot;:&quot;trouser&quot;,&quot;value&quot;:true}" time="0.007" timestamp="2016-10-17T19:05:17Z"></testcase>
        <testcase name="parts array should be non empty containing preset value of parts (3 is max currently)" time="0.006" timestamp="2016-10-17T19:05:17Z"></testcase>
    </testsuite>
    <testsuite id="1" name="modifyInnerPartAccess(slotDataObject, hbf, hbm, vbf, vbm, drw, tie, shoes, hgr, ptgr, trsr)" hostname="localhost" tests="7" failures="0" errors="0" time="0.019" timestamp="2016-10-17T19:05:17Z">
        <testcase name="if no params are sent it should return default slot data object" time="0.002" timestamp="2016-10-17T19:05:17Z"></testcase>
        <testcase name="if only slot data object is sent, its values should not be changed, test params: {&quot;slotDataObject&quot;:{&quot;horzBaffle&quot;:true,&quot;horzBeam&quot;:true,&quot;vertBaffle&quot;:true,&quot;vertBeam&quot;:true,&quot;drawer&quot;:true,&quot;tie&quot;:true,&quot;shoes&quot;:true,&quot;hanger&quot;:true,&quot;pantograph&quot;:true,&quot;trouser&quot;:true,&quot;parts&quot;:[&quot;emptySlot&quot;,&quot;emptySlot&quot;,&quot;emptySlot&quot;]}}" time="0.001" timestamp="2016-10-17T19:05:17Z"></testcase>
        <testcase name="if only slot data object is sent, its values should not be changed, test params: {&quot;slotDataObject&quot;:{&quot;horzBaffle&quot;:false,&quot;vertBaffle&quot;:true,&quot;horzBeam&quot;:true,&quot;vertBeam&quot;:false,&quot;drawer&quot;:false,&quot;tie&quot;:true,&quot;shoes&quot;:true,&quot;hanger&quot;:false,&quot;pantograph&quot;:false,&quot;trouser&quot;:true,&quot;parts&quot;:[&quot;drawer&quot;,&quot;emptySlot&quot;,&quot;hanger&quot;]}}" time="0.001" timestamp="2016-10-17T19:05:17Z"></testcase>
        <testcase name="if all params are provided, the new object should contain the new argumnets, test params: {&quot;slotDataObject&quot;:{&quot;horzBaffle&quot;:true,&quot;horzBeam&quot;:true,&quot;vertBaffle&quot;:true,&quot;vertBeam&quot;:true,&quot;drawer&quot;:true,&quot;tie&quot;:true,&quot;shoes&quot;:true,&quot;hanger&quot;:true,&quot;pantograph&quot;:true,&quot;trouser&quot;:true,&quot;parts&quot;:[&quot;emptySlot&quot;,&quot;emptySlot&quot;,&quot;emptySlot&quot;]},&quot;expected&quot;:{&quot;horzBaffle&quot;:true,&quot;vertBaffle&quot;:false,&quot;horzBeam&quot;:true,&quot;vertBeam&quot;:false,&quot;drawer&quot;:true,&quot;tie&quot;:false,&quot;shoes&quot;:true,&quot;hanger&quot;:false,&quot;pantograph&quot;:true,&quot;trouser&quot;:false,&quot;parts&quot;:[&quot;emptySlot&quot;,&quot;emptySlot&quot;,&quot;emptySlot&quot;]}}" time="0.001" timestamp="2016-10-17T19:05:17Z"></testcase>
        <testcase name="if all params are provided, the new object should contain the new argumnets, test params: {&quot;slotDataObject&quot;:{&quot;horzBaffle&quot;:false,&quot;vertBaffle&quot;:true,&quot;horzBeam&quot;:true,&quot;vertBeam&quot;:false,&quot;drawer&quot;:false,&quot;tie&quot;:true,&quot;shoes&quot;:true,&quot;hanger&quot;:false,&quot;pantograph&quot;:false,&quot;trouser&quot;:true,&quot;parts&quot;:[&quot;drawer&quot;,&quot;emptySlot&quot;,&quot;hanger&quot;]},&quot;expected&quot;:{&quot;horzBaffle&quot;:true,&quot;vertBaffle&quot;:false,&quot;horzBeam&quot;:true,&quot;vertBeam&quot;:false,&quot;drawer&quot;:true,&quot;tie&quot;:false,&quot;shoes&quot;:true,&quot;hanger&quot;:false,&quot;pantograph&quot;:true,&quot;trouser&quot;:false,&quot;parts&quot;:[&quot;drawer&quot;,&quot;emptySlot&quot;,&quot;hanger&quot;]}}" time="0.001" timestamp="2016-10-17T19:05:17Z"></testcase>
        <testcase name="if several params are sent including the slot data object, it should change only the given arguments., test params: {&quot;slotDataObject&quot;:{&quot;horzBaffle&quot;:true,&quot;horzBeam&quot;:true,&quot;vertBaffle&quot;:true,&quot;vertBeam&quot;:true,&quot;drawer&quot;:true,&quot;tie&quot;:true,&quot;shoes&quot;:true,&quot;hanger&quot;:true,&quot;pantograph&quot;:true,&quot;trouser&quot;:true,&quot;parts&quot;:[&quot;emptySlot&quot;,&quot;emptySlot&quot;,&quot;emptySlot&quot;]},&quot;expected&quot;:{&quot;horzBaffle&quot;:true,&quot;vertBaffle&quot;:false,&quot;horzBeam&quot;:true,&quot;vertBeam&quot;:false,&quot;drawer&quot;:true,&quot;tie&quot;:true,&quot;shoes&quot;:true,&quot;hanger&quot;:true,&quot;pantograph&quot;:true,&quot;trouser&quot;:true,&quot;parts&quot;:[&quot;emptySlot&quot;,&quot;emptySlot&quot;,&quot;emptySlot&quot;]}}" time="0.002" timestamp="2016-10-17T19:05:17Z"></testcase>
        <testcase name="if several params are sent including the slot data object, it should change only the given arguments., test params: {&quot;slotDataObject&quot;:{&quot;horzBaffle&quot;:false,&quot;vertBaffle&quot;:true,&quot;horzBeam&quot;:true,&quot;vertBeam&quot;:false,&quot;drawer&quot;:false,&quot;tie&quot;:true,&quot;shoes&quot;:true,&quot;hanger&quot;:false,&quot;pantograph&quot;:false,&quot;trouser&quot;:true,&quot;parts&quot;:[&quot;drawer&quot;,&quot;emptySlot&quot;,&quot;hanger&quot;]},&quot;expected&quot;:{&quot;horzBaffle&quot;:true,&quot;vertBaffle&quot;:false,&quot;horzBeam&quot;:true,&quot;vertBeam&quot;:false,&quot;drawer&quot;:true,&quot;tie&quot;:true,&quot;shoes&quot;:true,&quot;hanger&quot;:true,&quot;pantograph&quot;:true,&quot;trouser&quot;:true,&quot;parts&quot;:[&quot;drawer&quot;,&quot;emptySlot&quot;,&quot;hanger&quot;]}}" time="0.002" timestamp="2016-10-17T19:05:17Z"></testcase>
    </testsuite>
    <testsuite id="2" name="defaultInnerPartsMatrix(maxNumOfInnerShelves, maxNumOfBeams)" hostname="localhost" tests="1" failures="0" errors="0" time="0.003" timestamp="2016-10-17T19:05:17Z">
        <testcase name="should return two dimesinal array containing default data slot objects, test params: {&quot;maxNumOfShelves&quot;:2,&quot;maxNumOfBeams&quot;:2,&quot;expected&quot;:[[{&quot;horzBaffle&quot;:true,&quot;horzBeam&quot;:true,&quot;vertBaffle&quot;:true,&quot;vertBeam&quot;:true,&quot;drawer&quot;:true,&quot;tie&quot;:true,&quot;shoes&quot;:true,&quot;hanger&quot;:true,&quot;pantograph&quot;:true,&quot;trouser&quot;:true,&quot;parts&quot;:[&quot;emptySlot&quot;,&quot;emptySlot&quot;,&quot;emptySlot&quot;]},{&quot;horzBaffle&quot;:true,&quot;horzBeam&quot;:true,&quot;vertBaffle&quot;:true,&quot;vertBeam&quot;:true,&quot;drawer&quot;:true,&quot;tie&quot;:true,&quot;shoes&quot;:true,&quot;hanger&quot;:true,&quot;pantograph&quot;:true,&quot;trouser&quot;:true,&quot;parts&quot;:[&quot;emptySlot&quot;,&quot;emptySlot&quot;,&quot;emptySlot&quot;]}],[{&quot;horzBaffle&quot;:true,&quot;horzBeam&quot;:true,&quot;vertBaffle&quot;:true,&quot;vertBeam&quot;:true,&quot;drawer&quot;:true,&quot;tie&quot;:true,&quot;shoes&quot;:true,&quot;hanger&quot;:true,&quot;pantograph&quot;:true,&quot;trouser&quot;:true,&quot;parts&quot;:[&quot;emptySlot&quot;,&quot;emptySlot&quot;,&quot;emptySlot&quot;]},{&quot;horzBaffle&quot;:true,&quot;horzBeam&quot;:true,&quot;vertBaffle&quot;:true,&quot;vertBeam&quot;:true,&quot;drawer&quot;:true,&quot;tie&quot;:true,&quot;shoes&quot;:true,&quot;hanger&quot;:true,&quot;pantograph&quot;:true,&quot;trouser&quot;:true,&quot;parts&quot;:[&quot;emptySlot&quot;,&quot;emptySlot&quot;,&quot;emptySlot&quot;]}]]}" time="0.002" timestamp="2016-10-17T19:05:17Z"></testcase>
    </testsuite>
    <testsuite id="3" name="addHorzBaffle(innerPartsSlotMatrix, row, col, numCols)" hostname="localhost" tests="6" failures="0" errors="0" time="0.025" timestamp="2016-10-17T19:05:17Z">
        <testcase name="The new matrix should have changed rows as given in the params, test params: {&quot;row&quot;:0,&quot;col&quot;:0,&quot;numCols&quot;:2,&quot;maxNumOfShelves&quot;:2,&quot;maxNumOfBeams&quot;:2,&quot;matrixStubName&quot;:&quot;topRow_maxNumShelves2_maxNumOfBeams2&quot;}" time="0.003" timestamp="2016-10-17T19:05:17Z"></testcase>
        <testcase name="The new matrix should have changed rows as given in the params, test params: {&quot;row&quot;:1,&quot;col&quot;:0,&quot;numCols&quot;:2,&quot;maxNumOfShelves&quot;:2,&quot;maxNumOfBeams&quot;:2,&quot;matrixStubName&quot;:&quot;bottomRow_maxNumShelves2_maxNumOfBeams2&quot;}" time="0.003" timestamp="2016-10-17T19:05:17Z"></testcase>
        <testcase name="The new matrix should have changed rows as given in the params, test params: {&quot;row&quot;:0,&quot;col&quot;:0,&quot;numCols&quot;:2,&quot;maxNumOfShelves&quot;:3,&quot;maxNumOfBeams&quot;:2,&quot;matrixStubName&quot;:&quot;topRow_maxNumShelves3_maxNumOfBeams2&quot;}" time="0.004" timestamp="2016-10-17T19:05:17Z"></testcase>
        <testcase name="The new matrix should have changed rows as given in the params, test params: {&quot;row&quot;:2,&quot;col&quot;:0,&quot;numCols&quot;:2,&quot;maxNumOfShelves&quot;:3,&quot;maxNumOfBeams&quot;:2,&quot;matrixStubName&quot;:&quot;bottomRow_maxNumShelves3_maxNumOfBeams2&quot;}" time="0.002" timestamp="2016-10-17T19:05:17Z"></testcase>
        <testcase name="The new matrix should have changed rows as given in the params, test params: {&quot;row&quot;:1,&quot;col&quot;:1,&quot;numCols&quot;:2,&quot;maxNumOfShelves&quot;:2,&quot;maxNumOfBeams&quot;:3,&quot;matrixStubName&quot;:&quot;bottomRow_middleCol_maxNumShelves2_maxNumOfBeams3&quot;}" time="0.002" timestamp="2016-10-17T19:05:17Z"></testcase>
        <testcase name="The new matrix should have changed rows as given in the params, test params: {&quot;row&quot;:1,&quot;col&quot;:0,&quot;numCols&quot;:3,&quot;maxNumOfShelves&quot;:2,&quot;maxNumOfBeams&quot;:3,&quot;matrixStubName&quot;:&quot;bottomRow_maxNumShelves2_maxNumOfBeams3&quot;}" time="0.004" timestamp="2016-10-17T19:05:17Z"></testcase>
    </testsuite>
    <testsuite id="4" name="addHorzBeam(innerPartsSlotMatrix, row, col, numCols)" hostname="localhost" tests="8" failures="0" errors="0" time="0.028" timestamp="2016-10-17T19:05:17Z">
        <testcase name="The new matrix should contain horizontal beam where specified, test params: {&quot;row&quot;:0,&quot;col&quot;:0,&quot;numCols&quot;:2,&quot;maxNumOfShelves&quot;:2,&quot;maxNumOfBeams&quot;:2,&quot;matrixStubName&quot;:&quot;fullHorzBeam_maxNumShelves2_maxNumOfBeams2&quot;}" time="0.002" timestamp="2016-10-17T19:05:17Z"></testcase>
        <testcase name="The new matrix should contain horizontal beam where specified, test params: {&quot;row&quot;:1,&quot;col&quot;:0,&quot;numCols&quot;:2,&quot;maxNumOfShelves&quot;:2,&quot;maxNumOfBeams&quot;:2,&quot;matrixStubName&quot;:&quot;bottomRow_maxNumShelves2_maxNumOfBeams2&quot;}" time="0.002" timestamp="2016-10-17T19:05:17Z"></testcase>
        <testcase name="The new matrix should contain horizontal beam where specified, test params: {&quot;row&quot;:0,&quot;col&quot;:0,&quot;numCols&quot;:2,&quot;maxNumOfShelves&quot;:3,&quot;maxNumOfBeams&quot;:2,&quot;matrixStubName&quot;:&quot;fullHorzBeam_maxNumShelves3_maxNumOfBeams2&quot;}" time="0.002" timestamp="2016-10-17T19:05:17Z"></testcase>
        <testcase name="The new matrix should contain horizontal beam where specified, test params: {&quot;row&quot;:2,&quot;col&quot;:0,&quot;numCols&quot;:2,&quot;maxNumOfShelves&quot;:3,&quot;maxNumOfBeams&quot;:2,&quot;matrixStubName&quot;:&quot;bottomRow_maxNumShelves3_maxNumOfBeams2&quot;}" time="0.002" timestamp="2016-10-17T19:05:17Z"></testcase>
        <testcase name="The new matrix should contain horizontal beam where specified, test params: {&quot;row&quot;:1,&quot;col&quot;:1,&quot;numCols&quot;:2,&quot;maxNumOfShelves&quot;:2,&quot;maxNumOfBeams&quot;:3,&quot;matrixStubName&quot;:&quot;bottomRow_middleCol_maxNumShelves2_maxNumOfBeams3&quot;}" time="0.002" timestamp="2016-10-17T19:05:17Z"></testcase>
        <testcase name="The new matrix should contain horizontal beam where specified, test params: {&quot;row&quot;:1,&quot;col&quot;:0,&quot;numCols&quot;:3,&quot;maxNumOfShelves&quot;:2,&quot;maxNumOfBeams&quot;:3,&quot;matrixStubName&quot;:&quot;bottomRow_maxNumShelves2_maxNumOfBeams3&quot;}" time="0.002" timestamp="2016-10-17T19:05:17Z"></testcase>
        <testcase name="The new matrix should contain horizontal beam where specified, test params: {&quot;row&quot;:0,&quot;col&quot;:1,&quot;numCols&quot;:1,&quot;maxNumOfShelves&quot;:6,&quot;maxNumOfBeams&quot;:2,&quot;matrixStubName&quot;:&quot;topRow_maxNumShelves6_maxNumOfBeams2&quot;}" time="0.002" timestamp="2016-10-17T19:05:17Z"></testcase>
        <testcase name="The new matrix should contain horizontal beam where specified, test params: {&quot;row&quot;:1,&quot;col&quot;:0,&quot;numCols&quot;:2,&quot;maxNumOfShelves&quot;:6,&quot;maxNumOfBeams&quot;:3,&quot;matrixStubName&quot;:&quot;bottomRow_maxNumShelves6_maxNumOfBeams3&quot;}" time="0.003" timestamp="2016-10-17T19:05:17Z"></testcase>
    </testsuite>
    <testsuite id="5" name="addVertBaffle(innerPartsSlotMatrix, row, col, numRows)" hostname="localhost" tests="7" failures="0" errors="0" time="0.022" timestamp="2016-10-17T19:05:17Z">
        <testcase name="The new matrix should have changed cols as given in the params, test params: {&quot;row&quot;:0,&quot;col&quot;:0,&quot;numRows&quot;:2,&quot;maxNumOfShelves&quot;:2,&quot;maxNumOfBeams&quot;:2,&quot;matrixStubName&quot;:&quot;leftCol_maxNumShelves2_maxNumOfBeams2&quot;}" time="0.002" timestamp="2016-10-17T19:05:17Z"></testcase>
        <testcase name="The new matrix should have changed cols as given in the params, test params: {&quot;row&quot;:0,&quot;col&quot;:1,&quot;numRows&quot;:2,&quot;maxNumOfShelves&quot;:2,&quot;maxNumOfBeams&quot;:2,&quot;matrixStubName&quot;:&quot;rightCol_maxNumShelves2_maxNumOfBeams2&quot;}" time="0.001" timestamp="2016-10-17T19:05:17Z"></testcase>
        <testcase name="The new matrix should have changed cols as given in the params, test params: {&quot;row&quot;:0,&quot;col&quot;:1,&quot;numRows&quot;:3,&quot;maxNumOfShelves&quot;:3,&quot;maxNumOfBeams&quot;:2,&quot;matrixStubName&quot;:&quot;rightCol_maxNumShelves3_maxNumOfBeams2&quot;}" time="0.001" timestamp="2016-10-17T19:05:17Z"></testcase>
        <testcase name="The new matrix should have changed cols as given in the params, test params: {&quot;row&quot;:1,&quot;col&quot;:1,&quot;numRows&quot;:2,&quot;maxNumOfShelves&quot;:3,&quot;maxNumOfBeams&quot;:2,&quot;matrixStubName&quot;:&quot;rightCol_btm2Rows_maxNumShelves3_maxNumOfBeams2&quot;}" time="0.002" timestamp="2016-10-17T19:05:17Z"></testcase>
        <testcase name="The new matrix should have changed cols as given in the params, test params: {&quot;row&quot;:0,&quot;col&quot;:0,&quot;numRows&quot;:2,&quot;maxNumOfShelves&quot;:2,&quot;maxNumOfBeams&quot;:3,&quot;matrixStubName&quot;:&quot;leftCol_maxNumShelves2_maxNumOfBeams3&quot;}" time="0.002" timestamp="2016-10-17T19:05:17Z"></testcase>
        <testcase name="The new matrix should have changed cols as given in the params, test params: {&quot;row&quot;:0,&quot;col&quot;:2,&quot;numRows&quot;:2,&quot;maxNumOfShelves&quot;:2,&quot;maxNumOfBeams&quot;:3,&quot;matrixStubName&quot;:&quot;rightCol_maxNumShelves2_maxNumOfBeams3&quot;}" time="0.002" timestamp="2016-10-17T19:05:17Z"></testcase>
        <testcase name="The new matrix should have changed cols as given in the params, test params: {&quot;row&quot;:1,&quot;col&quot;:2,&quot;numRows&quot;:1,&quot;maxNumOfShelves&quot;:2,&quot;maxNumOfBeams&quot;:3,&quot;matrixStubName&quot;:&quot;rightCol_btm1Row_maxNumShelves2_maxNumOfBeams3&quot;}" time="0.002" timestamp="2016-10-17T19:05:17Z"></testcase>
    </testsuite>
    <testsuite id="6" name="makeInnerPartsMatrix(fcdo, slotMatrix)" hostname="localhost" tests="32" failures="0" errors="0" time="0.124" timestamp="2016-10-17T19:05:17Z">
        <testcase name="Should create default matrix with ceiling/floor and left wall depending on how they are enabled, test params: {&quot;maxNumOfInnerShelves&quot;:3,&quot;maxNumOfBeams&quot;:3,&quot;ceilOn&quot;:true,&quot;floorOn&quot;:true,&quot;leftWallOn&quot;:true,&quot;matrixStubName&quot;:&quot;innerPartsMatrix_rows3_cols3&quot;,&quot;matrixStubType&quot;:&quot;defaultMatrix&quot;}" time="0.002" timestamp="2016-10-17T19:05:17Z"></testcase>
        <testcase name="Should create default matrix with ceiling/floor and left wall depending on how they are enabled, test params: {&quot;maxNumOfInnerShelves&quot;:3,&quot;maxNumOfBeams&quot;:3,&quot;ceilOn&quot;:false,&quot;floorOn&quot;:true,&quot;leftWallOn&quot;:true,&quot;matrixStubName&quot;:&quot;innerPartsMatrix_rows3_cols3&quot;,&quot;matrixStubType&quot;:&quot;noCeil&quot;}" time="0.002" timestamp="2016-10-17T19:05:17Z"></testcase>
        <testcase name="Should create default matrix with ceiling/floor and left wall depending on how they are enabled, test params: {&quot;maxNumOfInnerShelves&quot;:3,&quot;maxNumOfBeams&quot;:3,&quot;ceilOn&quot;:true,&quot;floorOn&quot;:false,&quot;leftWallOn&quot;:true,&quot;matrixStubName&quot;:&quot;innerPartsMatrix_rows3_cols3&quot;,&quot;matrixStubType&quot;:&quot;noFloor&quot;}" time="0.002" timestamp="2016-10-17T19:05:17Z"></testcase>
        <testcase name="Should create default matrix with ceiling/floor and left wall depending on how they are enabled, test params: {&quot;maxNumOfInnerShelves&quot;:3,&quot;maxNumOfBeams&quot;:3,&quot;ceilOn&quot;:true,&quot;floorOn&quot;:true,&quot;leftWallOn&quot;:false,&quot;matrixStubName&quot;:&quot;innerPartsMatrix_rows3_cols3&quot;,&quot;matrixStubType&quot;:&quot;noLeftWall&quot;}" time="0.002" timestamp="2016-10-17T19:05:17Z"></testcase>
        <testcase name="Should create default matrix with ceiling/floor and left wall depending on how they are enabled, test params: {&quot;maxNumOfInnerShelves&quot;:3,&quot;maxNumOfBeams&quot;:3,&quot;ceilOn&quot;:false,&quot;floorOn&quot;:false,&quot;leftWallOn&quot;:true,&quot;matrixStubName&quot;:&quot;innerPartsMatrix_rows3_cols3&quot;,&quot;matrixStubType&quot;:&quot;noCeilNoFloor&quot;}" time="0.002" timestamp="2016-10-17T19:05:17Z"></testcase>
        <testcase name="Should create default matrix with ceiling/floor and left wall depending on how they are enabled, test params: {&quot;maxNumOfInnerShelves&quot;:3,&quot;maxNumOfBeams&quot;:3,&quot;ceilOn&quot;:false,&quot;floorOn&quot;:true,&quot;leftWallOn&quot;:false,&quot;matrixStubName&quot;:&quot;innerPartsMatrix_rows3_cols3&quot;,&quot;matrixStubType&quot;:&quot;noCeilNoLeftWall&quot;}" time="0.002" timestamp="2016-10-17T19:05:17Z"></testcase>
        <testcase name="Should create default matrix with ceiling/floor and left wall depending on how they are enabled, test params: {&quot;maxNumOfInnerShelves&quot;:3,&quot;maxNumOfBeams&quot;:3,&quot;ceilOn&quot;:true,&quot;floorOn&quot;:false,&quot;leftWallOn&quot;:false,&quot;matrixStubName&quot;:&quot;innerPartsMatrix_rows3_cols3&quot;,&quot;matrixStubType&quot;:&quot;noFloorNoLeftWall&quot;}" time="0.002" timestamp="2016-10-17T19:05:17Z"></testcase>
        <testcase name="Should create default matrix with ceiling/floor and left wall depending on how they are enabled, test params: {&quot;maxNumOfInnerShelves&quot;:3,&quot;maxNumOfBeams&quot;:3,&quot;ceilOn&quot;:false,&quot;floorOn&quot;:false,&quot;leftWallOn&quot;:false,&quot;matrixStubName&quot;:&quot;innerPartsMatrix_rows3_cols3&quot;,&quot;matrixStubType&quot;:&quot;noCeilNoFloorNoLeftWall&quot;}" time="0.002" timestamp="2016-10-17T19:05:17Z"></testcase>
        <testcase name="Should create default matrix with ceiling/floor and left wall depending on how they are enabled, test params: {&quot;maxNumOfInnerShelves&quot;:3,&quot;maxNumOfBeams&quot;:4,&quot;ceilOn&quot;:true,&quot;floorOn&quot;:true,&quot;leftWallOn&quot;:true,&quot;matrixStubName&quot;:&quot;innerPartsMatrix_rows3_cols4&quot;,&quot;matrixStubType&quot;:&quot;defaultMatrix&quot;}" time="0.006" timestamp="2016-10-17T19:05:17Z"></testcase>
        <testcase name="Should create default matrix with ceiling/floor and left wall depending on how they are enabled, test params: {&quot;maxNumOfInnerShelves&quot;:3,&quot;maxNumOfBeams&quot;:4,&quot;ceilOn&quot;:false,&quot;floorOn&quot;:true,&quot;leftWallOn&quot;:true,&quot;matrixStubName&quot;:&quot;innerPartsMatrix_rows3_cols4&quot;,&quot;matrixStubType&quot;:&quot;noCeil&quot;}" time="0.002" timestamp="2016-10-17T19:05:17Z"></testcase>
        <testcase name="Should create default matrix with ceiling/floor and left wall depending on how they are enabled, test params: {&quot;maxNumOfInnerShelves&quot;:3,&quot;maxNumOfBeams&quot;:4,&quot;ceilOn&quot;:true,&quot;floorOn&quot;:false,&quot;leftWallOn&quot;:true,&quot;matrixStubName&quot;:&quot;innerPartsMatrix_rows3_cols4&quot;,&quot;matrixStubType&quot;:&quot;noFloor&quot;}" time="0.002" timestamp="2016-10-17T19:05:17Z"></testcase>
        <testcase name="Should create default matrix with ceiling/floor and left wall depending on how they are enabled, test params: {&quot;maxNumOfInnerShelves&quot;:3,&quot;maxNumOfBeams&quot;:4,&quot;ceilOn&quot;:true,&quot;floorOn&quot;:true,&quot;leftWallOn&quot;:false,&quot;matrixStubName&quot;:&quot;innerPartsMatrix_rows3_cols4&quot;,&quot;matrixStubType&quot;:&quot;noLeftWall&quot;}" time="0.003" timestamp="2016-10-17T19:05:17Z"></testcase>
        <testcase name="Should create default matrix with ceiling/floor and left wall depending on how they are enabled, test params: {&quot;maxNumOfInnerShelves&quot;:3,&quot;maxNumOfBeams&quot;:4,&quot;ceilOn&quot;:false,&quot;floorOn&quot;:false,&quot;leftWallOn&quot;:true,&quot;matrixStubName&quot;:&quot;innerPartsMatrix_rows3_cols4&quot;,&quot;matrixStubType&quot;:&quot;noCeilNoFloor&quot;}" time="0.002" timestamp="2016-10-17T19:05:17Z"></testcase>
        <testcase name="Should create default matrix with ceiling/floor and left wall depending on how they are enabled, test params: {&quot;maxNumOfInnerShelves&quot;:3,&quot;maxNumOfBeams&quot;:4,&quot;ceilOn&quot;:false,&quot;floorOn&quot;:true,&quot;leftWallOn&quot;:false,&quot;matrixStubName&quot;:&quot;innerPartsMatrix_rows3_cols4&quot;,&quot;matrixStubType&quot;:&quot;noCeilNoLeftWall&quot;}" time="0.003" timestamp="2016-10-17T19:05:17Z"></testcase>
        <testcase name="Should create default matrix with ceiling/floor and left wall depending on how they are enabled, test params: {&quot;maxNumOfInnerShelves&quot;:3,&quot;maxNumOfBeams&quot;:4,&quot;ceilOn&quot;:true,&quot;floorOn&quot;:false,&quot;leftWallOn&quot;:false,&quot;matrixStubName&quot;:&quot;innerPartsMatrix_rows3_cols4&quot;,&quot;matrixStubType&quot;:&quot;noFloorNoLeftWall&quot;}" time="0.003" timestamp="2016-10-17T19:05:17Z"></testcase>
        <testcase name="Should create default matrix with ceiling/floor and left wall depending on how they are enabled, test params: {&quot;maxNumOfInnerShelves&quot;:3,&quot;maxNumOfBeams&quot;:4,&quot;ceilOn&quot;:false,&quot;floorOn&quot;:false,&quot;leftWallOn&quot;:false,&quot;matrixStubName&quot;:&quot;innerPartsMatrix_rows3_cols4&quot;,&quot;matrixStubType&quot;:&quot;noCeilNoFloorNoLeftWall&quot;}" time="0.002" timestamp="2016-10-17T19:05:17Z"></testcase>
        <testcase name="Should create default matrix with ceiling/floor and left wall depending on how they are enabled, test params: {&quot;maxNumOfInnerShelves&quot;:4,&quot;maxNumOfBeams&quot;:3,&quot;ceilOn&quot;:true,&quot;floorOn&quot;:true,&quot;leftWallOn&quot;:true,&quot;matrixStubName&quot;:&quot;innerPartsMatrix_rows4_cols3&quot;,&quot;matrixStubType&quot;:&quot;defaultMatrix&quot;}" time="0.003" timestamp="2016-10-17T19:05:17Z"></testcase>
        <testcase name="Should create default matrix with ceiling/floor and left wall depending on how they are enabled, test params: {&quot;maxNumOfInnerShelves&quot;:4,&quot;maxNumOfBeams&quot;:3,&quot;ceilOn&quot;:false,&quot;floorOn&quot;:true,&quot;leftWallOn&quot;:true,&quot;matrixStubName&quot;:&quot;innerPartsMatrix_rows4_cols3&quot;,&quot;matrixStubType&quot;:&quot;noCeil&quot;}" time="0.003" timestamp="2016-10-17T19:05:17Z"></testcase>
        <testcase name="Should create default matrix with ceiling/floor and left wall depending on how they are enabled, test params: {&quot;maxNumOfInnerShelves&quot;:4,&quot;maxNumOfBeams&quot;:3,&quot;ceilOn&quot;:true,&quot;floorOn&quot;:false,&quot;leftWallOn&quot;:true,&quot;matrixStubName&quot;:&quot;innerPartsMatrix_rows4_cols3&quot;,&quot;matrixStubType&quot;:&quot;noFloor&quot;}" time="0.003" timestamp="2016-10-17T19:05:17Z"></testcase>
        <testcase name="Should create default matrix with ceiling/floor and left wall depending on how they are enabled, test params: {&quot;maxNumOfInnerShelves&quot;:4,&quot;maxNumOfBeams&quot;:3,&quot;ceilOn&quot;:true,&quot;floorOn&quot;:true,&quot;leftWallOn&quot;:false,&quot;matrixStubName&quot;:&quot;innerPartsMatrix_rows4_cols3&quot;,&quot;matrixStubType&quot;:&quot;noLeftWall&quot;}" time="0.003" timestamp="2016-10-17T19:05:18Z"></testcase>
        <testcase name="Should create default matrix with ceiling/floor and left wall depending on how they are enabled, test params: {&quot;maxNumOfInnerShelves&quot;:4,&quot;maxNumOfBeams&quot;:3,&quot;ceilOn&quot;:false,&quot;floorOn&quot;:false,&quot;leftWallOn&quot;:true,&quot;matrixStubName&quot;:&quot;innerPartsMatrix_rows4_cols3&quot;,&quot;matrixStubType&quot;:&quot;noCeilNoFloor&quot;}" time="0.004" timestamp="2016-10-17T19:05:18Z"></testcase>
        <testcase name="Should create default matrix with ceiling/floor and left wall depending on how they are enabled, test params: {&quot;maxNumOfInnerShelves&quot;:4,&quot;maxNumOfBeams&quot;:3,&quot;ceilOn&quot;:false,&quot;floorOn&quot;:true,&quot;leftWallOn&quot;:false,&quot;matrixStubName&quot;:&quot;innerPartsMatrix_rows4_cols3&quot;,&quot;matrixStubType&quot;:&quot;noCeilNoLeftWall&quot;}" time="0.003" timestamp="2016-10-17T19:05:18Z"></testcase>
        <testcase name="Should create default matrix with ceiling/floor and left wall depending on how they are enabled, test params: {&quot;maxNumOfInnerShelves&quot;:4,&quot;maxNumOfBeams&quot;:3,&quot;ceilOn&quot;:true,&quot;floorOn&quot;:false,&quot;leftWallOn&quot;:false,&quot;matrixStubName&quot;:&quot;innerPartsMatrix_rows4_cols3&quot;,&quot;matrixStubType&quot;:&quot;noFloorNoLeftWall&quot;}" time="0.002" timestamp="2016-10-17T19:05:18Z"></testcase>
        <testcase name="Should create default matrix with ceiling/floor and left wall depending on how they are enabled, test params: {&quot;maxNumOfInnerShelves&quot;:4,&quot;maxNumOfBeams&quot;:3,&quot;ceilOn&quot;:false,&quot;floorOn&quot;:false,&quot;leftWallOn&quot;:false,&quot;matrixStubName&quot;:&quot;innerPartsMatrix_rows4_cols3&quot;,&quot;matrixStubType&quot;:&quot;noCeilNoFloorNoLeftWall&quot;}" time="0.002" timestamp="2016-10-17T19:05:18Z"></testcase>
        <testcase name="Should create default matrix if the given matrix argument is non-truthy or empty array, test params: {&quot;matrixObject&quot;:{},&quot;maxNumOfInnerShelves&quot;:3,&quot;maxNumOfBeams&quot;:3,&quot;ceilOn&quot;:true,&quot;floorOn&quot;:true,&quot;leftWallOn&quot;:true}" time="0.003" timestamp="2016-10-17T19:05:18Z"></testcase>
        <testcase name="Should create default matrix if the given matrix argument is non-truthy or empty array, test params: {&quot;matrixObject&quot;:true,&quot;maxNumOfInnerShelves&quot;:3,&quot;maxNumOfBeams&quot;:3,&quot;ceilOn&quot;:true,&quot;floorOn&quot;:true,&quot;leftWallOn&quot;:true}" time="0.002" timestamp="2016-10-17T19:05:18Z"></testcase>
        <testcase name="Should create default matrix if the given matrix argument is non-truthy or empty array, test params: {&quot;matrixObject&quot;:false,&quot;maxNumOfInnerShelves&quot;:3,&quot;maxNumOfBeams&quot;:3,&quot;ceilOn&quot;:true,&quot;floorOn&quot;:true,&quot;leftWallOn&quot;:true}" time="0.002" timestamp="2016-10-17T19:05:18Z"></testcase>
        <testcase name="Should create default matrix if the given matrix argument is non-truthy or empty array, test params: {&quot;matrixObject&quot;:null,&quot;maxNumOfInnerShelves&quot;:3,&quot;maxNumOfBeams&quot;:3,&quot;ceilOn&quot;:true,&quot;floorOn&quot;:true,&quot;leftWallOn&quot;:true}" time="0.002" timestamp="2016-10-17T19:05:18Z"></testcase>
        <testcase name="Should create default matrix if the given matrix argument is non-truthy or empty array, test params: {&quot;maxNumOfInnerShelves&quot;:3,&quot;maxNumOfBeams&quot;:3,&quot;ceilOn&quot;:true,&quot;floorOn&quot;:true,&quot;leftWallOn&quot;:true}" time="0.002" timestamp="2016-10-17T19:05:18Z"></testcase>
        <testcase name="Should create default matrix if the given matrix argument is non-truthy or empty array, test params: {&quot;matrixObject&quot;:0,&quot;maxNumOfInnerShelves&quot;:3,&quot;maxNumOfBeams&quot;:3,&quot;ceilOn&quot;:true,&quot;floorOn&quot;:true,&quot;leftWallOn&quot;:true}" time="0.002" timestamp="2016-10-17T19:05:18Z"></testcase>
        <testcase name="Should create default matrix if the given matrix argument is non-truthy or empty array, test params: {&quot;matrixObject&quot;:null,&quot;maxNumOfInnerShelves&quot;:3,&quot;maxNumOfBeams&quot;:3,&quot;ceilOn&quot;:true,&quot;floorOn&quot;:true,&quot;leftWallOn&quot;:true} " time="0.003" timestamp="2016-10-17T19:05:18Z"></testcase>
        <testcase name="Should create default matrix if the given matrix argument is non-truthy or empty array, test params: {&quot;matrixObject&quot;:[],&quot;maxNumOfInnerShelves&quot;:3,&quot;maxNumOfBeams&quot;:3,&quot;ceilOn&quot;:true,&quot;floorOn&quot;:true,&quot;leftWallOn&quot;:true}" time="0.002" timestamp="2016-10-17T19:05:18Z"></testcase>
    </testsuite>
    <testsuite id="7" name="searchEmptySpaceForHorzBaffle(innerPartsSlotMatrix, row, col, numCols) against horzBaffleStubs" hostname="localhost" tests="22" failures="0" errors="0" time="0.06" timestamp="2016-10-17T19:05:18Z">
        <testcase name="true for horizontal baffle = true, false for horizontal baffle = false or if no part slots ar available, test params: {&quot;row&quot;:0,&quot;col&quot;:0,&quot;numCols&quot;:2,&quot;matrixStubName&quot;:&quot;topRow_maxNumShelves2_maxNumOfBeams2&quot;,&quot;expected&quot;:false}" time="0.002" timestamp="2016-10-17T19:05:18Z"></testcase>
        <testcase name="true for horizontal baffle = true, false for horizontal baffle = false or if no part slots ar available, test params: {&quot;row&quot;:1,&quot;col&quot;:0,&quot;numCols&quot;:2,&quot;matrixStubName&quot;:&quot;topRow_maxNumShelves2_maxNumOfBeams2&quot;,&quot;expected&quot;:true}" time="0.001" timestamp="2016-10-17T19:05:18Z"></testcase>
        <testcase name="true for horizontal baffle = true, false for horizontal baffle = false or if no part slots ar available, test params: {&quot;row&quot;:0,&quot;col&quot;:0,&quot;numCols&quot;:2,&quot;matrixStubName&quot;:&quot;bottomRow_maxNumShelves2_maxNumOfBeams2&quot;,&quot;expected&quot;:true}" time="0.002" timestamp="2016-10-17T19:05:18Z"></testcase>
        <testcase name="true for horizontal baffle = true, false for horizontal baffle = false or if no part slots ar available, test params: {&quot;row&quot;:1,&quot;col&quot;:0,&quot;numCols&quot;:2,&quot;matrixStubName&quot;:&quot;bottomRow_maxNumShelves2_maxNumOfBeams2&quot;,&quot;expected&quot;:false}" time="0.002" timestamp="2016-10-17T19:05:18Z"></testcase>
        <testcase name="true for horizontal baffle = true, false for horizontal baffle = false or if no part slots ar available, test params: {&quot;row&quot;:0,&quot;col&quot;:0,&quot;numCols&quot;:2,&quot;matrixStubName&quot;:&quot;topRow_maxNumShelves3_maxNumOfBeams2&quot;,&quot;expected&quot;:false}" time="0.001" timestamp="2016-10-17T19:05:18Z"></testcase>
        <testcase name="true for horizontal baffle = true, false for horizontal baffle = false or if no part slots ar available, test params: {&quot;row&quot;:1,&quot;col&quot;:0,&quot;numCols&quot;:2,&quot;matrixStubName&quot;:&quot;topRow_maxNumShelves3_maxNumOfBeams2&quot;,&quot;expected&quot;:true}" time="0.001" timestamp="2016-10-17T19:05:18Z"></testcase>
        <testcase name="true for horizontal baffle = true, false for horizontal baffle = false or if no part slots ar available, test params: {&quot;row&quot;:2,&quot;col&quot;:0,&quot;numCols&quot;:2,&quot;matrixStubName&quot;:&quot;topRow_maxNumShelves3_maxNumOfBeams2&quot;,&quot;expected&quot;:true}" time="0.001" timestamp="2016-10-17T19:05:18Z"></testcase>
        <testcase name="true for horizontal baffle = true, false for horizontal baffle = false or if no part slots ar available, test params: {&quot;row&quot;:0,&quot;col&quot;:1,&quot;numCols&quot;:1,&quot;matrixStubName&quot;:&quot;topRow_maxNumShelves3_maxNumOfBeams2&quot;,&quot;expected&quot;:false}" time="0.001" timestamp="2016-10-17T19:05:18Z"></testcase>
        <testcase name="true for horizontal baffle = true, false for horizontal baffle = false or if no part slots ar available, test params: {&quot;row&quot;:1,&quot;col&quot;:1,&quot;numCols&quot;:1,&quot;matrixStubName&quot;:&quot;topRow_maxNumShelves3_maxNumOfBeams2&quot;,&quot;expected&quot;:true}" time="0.002" timestamp="2016-10-17T19:05:18Z"></testcase>
        <testcase name="true for horizontal baffle = true, false for horizontal baffle = false or if no part slots ar available, test params: {&quot;row&quot;:0,&quot;col&quot;:0,&quot;numCols&quot;:2,&quot;matrixStubName&quot;:&quot;bottomRow_maxNumShelves3_maxNumOfBeams2&quot;,&quot;expected&quot;:true}" time="0.001" timestamp="2016-10-17T19:05:18Z"></testcase>
        <testcase name="true for horizontal baffle = true, false for horizontal baffle = false or if no part slots ar available, test params: {&quot;row&quot;:1,&quot;col&quot;:0,&quot;numCols&quot;:2,&quot;matrixStubName&quot;:&quot;bottomRow_maxNumShelves3_maxNumOfBeams2&quot;,&quot;expected&quot;:true}" time="0.001" timestamp="2016-10-17T19:05:18Z"></testcase>
        <testcase name="true for horizontal baffle = true, false for horizontal baffle = false or if no part slots ar available, test params: {&quot;row&quot;:2,&quot;col&quot;:0,&quot;numCols&quot;:2,&quot;matrixStubName&quot;:&quot;bottomRow_maxNumShelves3_maxNumOfBeams2&quot;,&quot;expected&quot;:false}" time="0.001" timestamp="2016-10-17T19:05:18Z"></testcase>
        <testcase name="true for horizontal baffle = true, false for horizontal baffle = false or if no part slots ar available, test params: {&quot;row&quot;:1,&quot;col&quot;:1,&quot;numCols&quot;:1,&quot;matrixStubName&quot;:&quot;bottomRow_maxNumShelves3_maxNumOfBeams2&quot;,&quot;expected&quot;:true}" time="0.001" timestamp="2016-10-17T19:05:18Z"></testcase>
        <testcase name="true for horizontal baffle = true, false for horizontal baffle = false or if no part slots ar available, test params: {&quot;row&quot;:2,&quot;col&quot;:1,&quot;numCols&quot;:1,&quot;matrixStubName&quot;:&quot;bottomRow_maxNumShelves3_maxNumOfBeams2&quot;,&quot;expected&quot;:false}" time="0.002" timestamp="2016-10-17T19:05:18Z"></testcase>
        <testcase name="true for horizontal baffle = true, false for horizontal baffle = false or if no part slots ar available, test params: {&quot;row&quot;:0,&quot;col&quot;:0,&quot;numCols&quot;:3,&quot;matrixStubName&quot;:&quot;bottomRow_middleCol_maxNumShelves2_maxNumOfBeams3&quot;,&quot;expected&quot;:true}" time="0.001" timestamp="2016-10-17T19:05:18Z"></testcase>
        <testcase name="true for horizontal baffle = true, false for horizontal baffle = false or if no part slots ar available, test params: {&quot;row&quot;:0,&quot;col&quot;:0,&quot;numCols&quot;:2,&quot;matrixStubName&quot;:&quot;bottomRow_middleCol_maxNumShelves2_maxNumOfBeams3&quot;,&quot;expected&quot;:true}" time="0.001" timestamp="2016-10-17T19:05:18Z"></testcase>
        <testcase name="true for horizontal baffle = true, false for horizontal baffle = false or if no part slots ar available, test params: {&quot;row&quot;:1,&quot;col&quot;:1,&quot;numCols&quot;:3,&quot;matrixStubName&quot;:&quot;bottomRow_middleCol_maxNumShelves2_maxNumOfBeams3&quot;,&quot;expected&quot;:false}" time="0.002" timestamp="2016-10-17T19:05:18Z"></testcase>
        <testcase name="true for horizontal baffle = true, false for horizontal baffle = false or if no part slots ar available, test params: {&quot;row&quot;:1,&quot;col&quot;:0,&quot;numCols&quot;:1,&quot;matrixStubName&quot;:&quot;bottomRow_middleCol_maxNumShelves2_maxNumOfBeams3&quot;,&quot;expected&quot;:true}" time="0.001" timestamp="2016-10-17T19:05:18Z"></testcase>
        <testcase name="true for horizontal baffle = true, false for horizontal baffle = false or if no part slots ar available, test params: {&quot;row&quot;:0,&quot;col&quot;:0,&quot;numCols&quot;:3,&quot;matrixStubName&quot;:&quot;bottomRow_maxNumShelves2_maxNumOfBeams3&quot;,&quot;expected&quot;:true}" time="0.002" timestamp="2016-10-17T19:05:18Z"></testcase>
        <testcase name="true for horizontal baffle = true, false for horizontal baffle = false or if no part slots ar available, test params: {&quot;row&quot;:1,&quot;col&quot;:0,&quot;numCols&quot;:3,&quot;matrixStubName&quot;:&quot;bottomRow_maxNumShelves2_maxNumOfBeams3&quot;,&quot;expected&quot;:false}" time="0.001" timestamp="2016-10-17T19:05:18Z"></testcase>
        <testcase name="true for horizontal baffle = true, false for horizontal baffle = false or if no part slots ar available, test params: {&quot;row&quot;:0,&quot;col&quot;:0,&quot;numCols&quot;:3,&quot;matrixStubName&quot;:&quot;topRow_maxNumShelves2_maxNumOfBeams3_2&quot;,&quot;expected&quot;:false}" time="0.001" timestamp="2016-10-17T19:05:18Z"></testcase>
        <testcase name="true for horizontal baffle = true, false for horizontal baffle = false or if no part slots ar available, test params: {&quot;row&quot;:1,&quot;col&quot;:0,&quot;numCols&quot;:3,&quot;matrixStubName&quot;:&quot;topRow_maxNumShelves2_maxNumOfBeams3_2&quot;,&quot;expected&quot;:true}" time="0.001" timestamp="2016-10-17T19:05:18Z"></testcase>
    </testsuite>
    <testsuite id="8" name="searchEmptySpaceForHorzBaffle(innerPartsSlotMatrix, row, col, numCols) against horzBeamStubs" hostname="localhost" tests="22" failures="0" errors="0" time="0.062" timestamp="2016-10-17T19:05:18Z">
        <testcase name="true for horizontal beam = true, false for horizontal beams = false or if no part slots ar available, test params: {&quot;row&quot;:0,&quot;col&quot;:0,&quot;numCols&quot;:2,&quot;matrixStubName&quot;:&quot;topRow_maxNumShelves2_maxNumOfBeams2&quot;,&quot;expected&quot;:false}" time="0.002" timestamp="2016-10-17T19:05:18Z"></testcase>
        <testcase name="true for horizontal beam = true, false for horizontal beams = false or if no part slots ar available, test params: {&quot;row&quot;:1,&quot;col&quot;:0,&quot;numCols&quot;:2,&quot;matrixStubName&quot;:&quot;topRow_maxNumShelves2_maxNumOfBeams2&quot;,&quot;expected&quot;:true}" time="0.001" timestamp="2016-10-17T19:05:18Z"></testcase>
        <testcase name="true for horizontal beam = true, false for horizontal beams = false or if no part slots ar available, test params: {&quot;row&quot;:0,&quot;col&quot;:0,&quot;numCols&quot;:2,&quot;matrixStubName&quot;:&quot;bottomRow_maxNumShelves2_maxNumOfBeams2&quot;,&quot;expected&quot;:true}" time="0.001" timestamp="2016-10-17T19:05:18Z"></testcase>
        <testcase name="true for horizontal beam = true, false for horizontal beams = false or if no part slots ar available, test params: {&quot;row&quot;:1,&quot;col&quot;:0,&quot;numCols&quot;:2,&quot;matrixStubName&quot;:&quot;bottomRow_maxNumShelves2_maxNumOfBeams2&quot;,&quot;expected&quot;:false}" time="0.001" timestamp="2016-10-17T19:05:18Z"></testcase>
        <testcase name="true for horizontal beam = true, false for horizontal beams = false or if no part slots ar available, test params: {&quot;row&quot;:0,&quot;col&quot;:0,&quot;numCols&quot;:2,&quot;matrixStubName&quot;:&quot;topRow_maxNumShelves3_maxNumOfBeams2&quot;,&quot;expected&quot;:false}" time="0.001" timestamp="2016-10-17T19:05:18Z"></testcase>
        <testcase name="true for horizontal beam = true, false for horizontal beams = false or if no part slots ar available, test params: {&quot;row&quot;:1,&quot;col&quot;:0,&quot;numCols&quot;:2,&quot;matrixStubName&quot;:&quot;topRow_maxNumShelves3_maxNumOfBeams2&quot;,&quot;expected&quot;:true}" time="0.001" timestamp="2016-10-17T19:05:18Z"></testcase>
        <testcase name="true for horizontal beam = true, false for horizontal beams = false or if no part slots ar available, test params: {&quot;row&quot;:2,&quot;col&quot;:0,&quot;numCols&quot;:2,&quot;matrixStubName&quot;:&quot;topRow_maxNumShelves3_maxNumOfBeams2&quot;,&quot;expected&quot;:true}" time="0.001" timestamp="2016-10-17T19:05:18Z"></testcase>
        <testcase name="true for horizontal beam = true, false for horizontal beams = false or if no part slots ar available, test params: {&quot;row&quot;:0,&quot;col&quot;:1,&quot;numCols&quot;:1,&quot;matrixStubName&quot;:&quot;topRow_maxNumShelves3_maxNumOfBeams2&quot;,&quot;expected&quot;:false}" time="0.001" timestamp="2016-10-17T19:05:18Z"></testcase>
        <testcase name="true for horizontal beam = true, false for horizontal beams = false or if no part slots ar available, test params: {&quot;row&quot;:1,&quot;col&quot;:1,&quot;numCols&quot;:1,&quot;matrixStubName&quot;:&quot;topRow_maxNumShelves3_maxNumOfBeams2&quot;,&quot;expected&quot;:true}" time="0.001" timestamp="2016-10-17T19:05:18Z"></testcase>
        <testcase name="true for horizontal beam = true, false for horizontal beams = false or if no part slots ar available, test params: {&quot;row&quot;:0,&quot;col&quot;:0,&quot;numCols&quot;:2,&quot;matrixStubName&quot;:&quot;bottomRow_maxNumShelves3_maxNumOfBeams2&quot;,&quot;expected&quot;:true}" time="0.001" timestamp="2016-10-17T19:05:18Z"></testcase>
        <testcase name="true for horizontal beam = true, false for horizontal beams = false or if no part slots ar available, test params: {&quot;row&quot;:1,&quot;col&quot;:0,&quot;numCols&quot;:2,&quot;matrixStubName&quot;:&quot;bottomRow_maxNumShelves3_maxNumOfBeams2&quot;,&quot;expected&quot;:true}" time="0.003" timestamp="2016-10-17T19:05:18Z"></testcase>
        <testcase name="true for horizontal beam = true, false for horizontal beams = false or if no part slots ar available, test params: {&quot;row&quot;:2,&quot;col&quot;:0,&quot;numCols&quot;:2,&quot;matrixStubName&quot;:&quot;bottomRow_maxNumShelves3_maxNumOfBeams2&quot;,&quot;expected&quot;:false}" time="0.001" timestamp="2016-10-17T19:05:18Z"></testcase>
        <testcase name="true for horizontal beam = true, false for horizontal beams = false or if no part slots ar available, test params: {&quot;row&quot;:1,&quot;col&quot;:1,&quot;numCols&quot;:1,&quot;matrixStubName&quot;:&quot;bottomRow_maxNumShelves3_maxNumOfBeams2&quot;,&quot;expected&quot;:true}" time="0.001" timestamp="2016-10-17T19:05:18Z"></testcase>
        <testcase name="true for horizontal beam = true, false for horizontal beams = false or if no part slots ar available, test params: {&quot;row&quot;:2,&quot;col&quot;:1,&quot;numCols&quot;:1,&quot;matrixStubName&quot;:&quot;bottomRow_maxNumShelves3_maxNumOfBeams2&quot;,&quot;expected&quot;:false}" time="0.001" timestamp="2016-10-17T19:05:18Z"></testcase>
        <testcase name="true for horizontal beam = true, false for horizontal beams = false or if no part slots ar available, test params: {&quot;row&quot;:0,&quot;col&quot;:0,&quot;numCols&quot;:3,&quot;matrixStubName&quot;:&quot;bottomRow_middleCol_maxNumShelves2_maxNumOfBeams3&quot;,&quot;expected&quot;:true}" time="0.001" timestamp="2016-10-17T19:05:18Z"></testcase>
        <testcase name="true for horizontal beam = true, false for horizontal beams = false or if no part slots ar available, test params: {&quot;row&quot;:0,&quot;col&quot;:0,&quot;numCols&quot;:2,&quot;matrixStubName&quot;:&quot;bottomRow_middleCol_maxNumShelves2_maxNumOfBeams3&quot;,&quot;expected&quot;:true}" time="0.002" timestamp="2016-10-17T19:05:18Z"></testcase>
        <testcase name="true for horizontal beam = true, false for horizontal beams = false or if no part slots ar available, test params: {&quot;row&quot;:1,&quot;col&quot;:1,&quot;numCols&quot;:3,&quot;matrixStubName&quot;:&quot;bottomRow_middleCol_maxNumShelves2_maxNumOfBeams3&quot;,&quot;expected&quot;:false}" time="0.002" timestamp="2016-10-17T19:05:18Z"></testcase>
        <testcase name="true for horizontal beam = true, false for horizontal beams = false or if no part slots ar available, test params: {&quot;row&quot;:1,&quot;col&quot;:0,&quot;numCols&quot;:1,&quot;matrixStubName&quot;:&quot;bottomRow_middleCol_maxNumShelves2_maxNumOfBeams3&quot;,&quot;expected&quot;:true}" time="0.001" timestamp="2016-10-17T19:05:18Z"></testcase>
        <testcase name="true for horizontal beam = true, false for horizontal beams = false or if no part slots ar available, test params: {&quot;row&quot;:0,&quot;col&quot;:0,&quot;numCols&quot;:3,&quot;matrixStubName&quot;:&quot;bottomRow_maxNumShelves2_maxNumOfBeams3&quot;,&quot;expected&quot;:true}" time="0.001" timestamp="2016-10-17T19:05:18Z"></testcase>
        <testcase name="true for horizontal beam = true, false for horizontal beams = false or if no part slots ar available, test params: {&quot;row&quot;:1,&quot;col&quot;:0,&quot;numCols&quot;:3,&quot;matrixStubName&quot;:&quot;bottomRow_maxNumShelves2_maxNumOfBeams3&quot;,&quot;expected&quot;:false}" time="0.001" timestamp="2016-10-17T19:05:18Z"></testcase>
        <testcase name="true for horizontal beam = true, false for horizontal beams = false or if no part slots ar available, test params: {&quot;row&quot;:0,&quot;col&quot;:0,&quot;numCols&quot;:3,&quot;matrixStubName&quot;:&quot;topRow_maxNumShelves2_maxNumOfBeams3_2&quot;,&quot;expected&quot;:false}" time="0.002" timestamp="2016-10-17T19:05:18Z"></testcase>
        <testcase name="true for horizontal beam = true, false for horizontal beams = false or if no part slots ar available, test params: {&quot;row&quot;:1,&quot;col&quot;:0,&quot;numCols&quot;:3,&quot;matrixStubName&quot;:&quot;topRow_maxNumShelves2_maxNumOfBeams3_2&quot;,&quot;expected&quot;:true}" time="0.001" timestamp="2016-10-17T19:05:18Z"></testcase>
    </testsuite>
    <testsuite id="9" name="searchRangeForHorzBaffle(innerPartsSlotMatrix, row, col)" hostname="localhost" tests="28" failures="0" errors="0" time="0.076" timestamp="2016-10-17T19:05:18Z">
        <testcase name="The new matrix should have changed cols as given in the params, test params: {&quot;row&quot;:0,&quot;col&quot;:1,&quot;leftWallOn&quot;:true,&quot;rightWallOn&quot;:true,&quot;matrixStubName&quot;:&quot;horzBflRange_TopRow_maxNumShelves2_maxNumOfBeams3&quot;,&quot;expected&quot;:{&quot;row&quot;:0,&quot;col&quot;:0,&quot;numCols&quot;:2}}" time="0.002" timestamp="2016-10-17T19:05:18Z"></testcase>
        <testcase name="The new matrix should have changed cols as given in the params, test params: {&quot;row&quot;:1,&quot;col&quot;:1,&quot;leftWallOn&quot;:true,&quot;rightWallOn&quot;:true,&quot;matrixStubName&quot;:&quot;horzBflRange_TopRow_maxNumShelves2_maxNumOfBeams3&quot;,&quot;expected&quot;:{&quot;row&quot;:1,&quot;col&quot;:0,&quot;numCols&quot;:3}}" time="0.001" timestamp="2016-10-17T19:05:18Z"></testcase>
        <testcase name="The new matrix should have changed cols as given in the params, test params: {&quot;row&quot;:0,&quot;col&quot;:1,&quot;leftWallOn&quot;:true,&quot;rightWallOn&quot;:true,&quot;matrixStubName&quot;:&quot;horzBflRange_BottomRow_maxNumShelves2_maxNumOfBeams3&quot;,&quot;expected&quot;:{&quot;row&quot;:0,&quot;col&quot;:0,&quot;numCols&quot;:3}}" time="0.001" timestamp="2016-10-17T19:05:18Z"></testcase>
        <testcase name="The new matrix should have changed cols as given in the params, test params: {&quot;row&quot;:1,&quot;col&quot;:1,&quot;leftWallOn&quot;:true,&quot;rightWallOn&quot;:true,&quot;matrixStubName&quot;:&quot;horzBflRange_BottomRow_maxNumShelves2_maxNumOfBeams3&quot;,&quot;expected&quot;:{&quot;row&quot;:1,&quot;col&quot;:0,&quot;numCols&quot;:2}}" time="0.002" timestamp="2016-10-17T19:05:18Z"></testcase>
        <testcase name="The new matrix should have changed cols as given in the params, test params: {&quot;row&quot;:0,&quot;col&quot;:2,&quot;leftWallOn&quot;:true,&quot;rightWallOn&quot;:true,&quot;matrixStubName&quot;:&quot;horzBflRange_TopRow_maxNumShelves2_maxNumOfBeams4&quot;,&quot;expected&quot;:{&quot;row&quot;:0,&quot;col&quot;:0,&quot;numCols&quot;:3}}" time="0.002" timestamp="2016-10-17T19:05:18Z"></testcase>
        <testcase name="The new matrix should have changed cols as given in the params, test params: {&quot;row&quot;:1,&quot;col&quot;:3,&quot;leftWallOn&quot;:true,&quot;rightWallOn&quot;:true,&quot;matrixStubName&quot;:&quot;horzBflRange_TopRow_maxNumShelves2_maxNumOfBeams4&quot;,&quot;expected&quot;:{&quot;row&quot;:1,&quot;col&quot;:0,&quot;numCols&quot;:4}}" time="0.001" timestamp="2016-10-17T19:05:18Z"></testcase>
        <testcase name="The new matrix should have changed cols as given in the params, test params: {&quot;row&quot;:0,&quot;col&quot;:0,&quot;leftWallOn&quot;:true,&quot;rightWallOn&quot;:true,&quot;matrixStubName&quot;:&quot;horzBflRange_TopRow_maxNumShelves3_maxNumOfBeams2&quot;,&quot;expected&quot;:{&quot;row&quot;:0,&quot;col&quot;:0,&quot;numCols&quot;:1}}" time="0.001" timestamp="2016-10-17T19:05:18Z"></testcase>
        <testcase name="The new matrix should have changed cols as given in the params, test params: {&quot;row&quot;:2,&quot;col&quot;:0,&quot;leftWallOn&quot;:true,&quot;rightWallOn&quot;:true,&quot;matrixStubName&quot;:&quot;horzBflRange_TopRow_maxNumShelves3_maxNumOfBeams2&quot;,&quot;expected&quot;:{&quot;row&quot;:2,&quot;col&quot;:0,&quot;numCols&quot;:2}}" time="0.002" timestamp="2016-10-17T19:05:18Z"></testcase>
        <testcase name="The new matrix should have changed cols as given in the params, test params: {&quot;row&quot;:0,&quot;col&quot;:3,&quot;leftWallOn&quot;:true,&quot;rightWallOn&quot;:true,&quot;matrixStubName&quot;:&quot;horzBflRange_maxNumShelves4_maxNumOfBeams6&quot;,&quot;expected&quot;:{&quot;row&quot;:0,&quot;col&quot;:0,&quot;numCols&quot;:4}}" time="0.002" timestamp="2016-10-17T19:05:18Z"></testcase>
        <testcase name="The new matrix should have changed cols as given in the params, test params: {&quot;row&quot;:1,&quot;col&quot;:5,&quot;leftWallOn&quot;:true,&quot;rightWallOn&quot;:true,&quot;matrixStubName&quot;:&quot;horzBflRange_maxNumShelves4_maxNumOfBeams6&quot;,&quot;expected&quot;:{&quot;row&quot;:1,&quot;col&quot;:4,&quot;numCols&quot;:2}}" time="0.001" timestamp="2016-10-17T19:05:18Z"></testcase>
        <testcase name="The new matrix should have changed cols as given in the params, test params: {&quot;row&quot;:1,&quot;col&quot;:4,&quot;leftWallOn&quot;:true,&quot;rightWallOn&quot;:true,&quot;matrixStubName&quot;:&quot;horzBflRange_maxNumShelves4_maxNumOfBeams6&quot;,&quot;expected&quot;:{&quot;row&quot;:1,&quot;col&quot;:4,&quot;numCols&quot;:2}}" time="0.002" timestamp="2016-10-17T19:05:18Z"></testcase>
        <testcase name="The new matrix should have changed cols as given in the params, test params: {&quot;row&quot;:2,&quot;col&quot;:2,&quot;leftWallOn&quot;:true,&quot;rightWallOn&quot;:true,&quot;matrixStubName&quot;:&quot;horzBflRange_maxNumShelves4_maxNumOfBeams6&quot;,&quot;expected&quot;:{&quot;row&quot;:2,&quot;col&quot;:2,&quot;numCols&quot;:4}}" time="0.001" timestamp="2016-10-17T19:05:18Z"></testcase>
        <testcase name="The new matrix should have changed cols as given in the params, test params: {&quot;row&quot;:2,&quot;col&quot;:4,&quot;leftWallOn&quot;:true,&quot;rightWallOn&quot;:true,&quot;matrixStubName&quot;:&quot;horzBflRange_maxNumShelves4_maxNumOfBeams6&quot;,&quot;expected&quot;:{&quot;row&quot;:2,&quot;col&quot;:2,&quot;numCols&quot;:4}}" time="0.001" timestamp="2016-10-17T19:05:18Z"></testcase>
        <testcase name="The new matrix should have changed cols as given in the params, test params: {&quot;row&quot;:3,&quot;col&quot;:0,&quot;leftWallOn&quot;:true,&quot;rightWallOn&quot;:true,&quot;matrixStubName&quot;:&quot;horzBflRange_maxNumShelves4_maxNumOfBeams6&quot;,&quot;expected&quot;:{&quot;row&quot;:3,&quot;col&quot;:0,&quot;numCols&quot;:2}}" time="0.001" timestamp="2016-10-17T19:05:18Z"></testcase>
        <testcase name="The new matrix should have changed cols as given in the params, test params: {&quot;row&quot;:0,&quot;col&quot;:1,&quot;leftWallOn&quot;:false,&quot;rightWallOn&quot;:false,&quot;matrixStubName&quot;:&quot;horzBflRange_TopRow_maxNumShelves2_maxNumOfBeams3&quot;,&quot;expected&quot;:{&quot;row&quot;:0,&quot;col&quot;:0,&quot;numCols&quot;:2}}" time="0.001" timestamp="2016-10-17T19:05:18Z"></testcase>
        <testcase name="The new matrix should have changed cols as given in the params, test params: {&quot;row&quot;:1,&quot;col&quot;:1,&quot;leftWallOn&quot;:false,&quot;rightWallOn&quot;:false,&quot;matrixStubName&quot;:&quot;horzBflRange_TopRow_maxNumShelves2_maxNumOfBeams3&quot;,&quot;expected&quot;:{&quot;row&quot;:1,&quot;col&quot;:0,&quot;numCols&quot;:3}}" time="0.001" timestamp="2016-10-17T19:05:18Z"></testcase>
        <testcase name="The new matrix should have changed cols as given in the params, test params: {&quot;row&quot;:0,&quot;col&quot;:1,&quot;leftWallOn&quot;:false,&quot;rightWallOn&quot;:false,&quot;matrixStubName&quot;:&quot;horzBflRange_BottomRow_maxNumShelves2_maxNumOfBeams3&quot;,&quot;expected&quot;:{&quot;row&quot;:0,&quot;col&quot;:0,&quot;numCols&quot;:3}}" time="0.002" timestamp="2016-10-17T19:05:18Z"></testcase>
        <testcase name="The new matrix should have changed cols as given in the params, test params: {&quot;row&quot;:1,&quot;col&quot;:1,&quot;leftWallOn&quot;:false,&quot;rightWallOn&quot;:false,&quot;matrixStubName&quot;:&quot;horzBflRange_BottomRow_maxNumShelves2_maxNumOfBeams3&quot;,&quot;expected&quot;:{&quot;row&quot;:1,&quot;col&quot;:0,&quot;numCols&quot;:2}}" time="0.001" timestamp="2016-10-17T19:05:18Z"></testcase>
        <testcase name="The new matrix should have changed cols as given in the params, test params: {&quot;row&quot;:0,&quot;col&quot;:2,&quot;leftWallOn&quot;:false,&quot;rightWallOn&quot;:false,&quot;matrixStubName&quot;:&quot;horzBflRange_TopRow_maxNumShelves2_maxNumOfBeams4&quot;,&quot;expected&quot;:{&quot;row&quot;:0,&quot;col&quot;:0,&quot;numCols&quot;:3}}" time="0.001" timestamp="2016-10-17T19:05:18Z"></testcase>
        <testcase name="The new matrix should have changed cols as given in the params, test params: {&quot;row&quot;:1,&quot;col&quot;:3,&quot;leftWallOn&quot;:false,&quot;rightWallOn&quot;:false,&quot;matrixStubName&quot;:&quot;horzBflRange_TopRow_maxNumShelves2_maxNumOfBeams4&quot;,&quot;expected&quot;:{&quot;row&quot;:1,&quot;col&quot;:0,&quot;numCols&quot;:4}}" time="0.001" timestamp="2016-10-17T19:05:18Z"></testcase>
        <testcase name="The new matrix should have changed cols as given in the params, test params: {&quot;row&quot;:0,&quot;col&quot;:0,&quot;leftWallOn&quot;:false,&quot;rightWallOn&quot;:false,&quot;matrixStubName&quot;:&quot;horzBflRange_TopRow_maxNumShelves3_maxNumOfBeams2&quot;,&quot;expected&quot;:{&quot;row&quot;:0,&quot;col&quot;:0,&quot;numCols&quot;:1}}" time="0.001" timestamp="2016-10-17T19:05:18Z"></testcase>
        <testcase name="The new matrix should have changed cols as given in the params, test params: {&quot;row&quot;:2,&quot;col&quot;:0,&quot;leftWallOn&quot;:false,&quot;rightWallOn&quot;:false,&quot;matrixStubName&quot;:&quot;horzBflRange_TopRow_maxNumShelves3_maxNumOfBeams2&quot;,&quot;expected&quot;:{&quot;row&quot;:2,&quot;col&quot;:0,&quot;numCols&quot;:2}}" time="0.001" timestamp="2016-10-17T19:05:18Z"></testcase>
        <testcase name="The new matrix should have changed cols as given in the params, test params: {&quot;row&quot;:0,&quot;col&quot;:3,&quot;leftWallOn&quot;:false,&quot;rightWallOn&quot;:false,&quot;matrixStubName&quot;:&quot;horzBflRange_maxNumShelves4_maxNumOfBeams6&quot;,&quot;expected&quot;:{&quot;row&quot;:0,&quot;col&quot;:0,&quot;numCols&quot;:4}}" time="0.001" timestamp="2016-10-17T19:05:18Z"></testcase>
        <testcase name="The new matrix should have changed cols as given in the params, test params: {&quot;row&quot;:1,&quot;col&quot;:5,&quot;leftWallOn&quot;:false,&quot;rightWallOn&quot;:false,&quot;matrixStubName&quot;:&quot;horzBflRange_maxNumShelves4_maxNumOfBeams6&quot;,&quot;expected&quot;:{&quot;row&quot;:1,&quot;col&quot;:4,&quot;numCols&quot;:2}}" time="0.001" timestamp="2016-10-17T19:05:18Z"></testcase>
        <testcase name="The new matrix should have changed cols as given in the params, test params: {&quot;row&quot;:1,&quot;col&quot;:4,&quot;leftWallOn&quot;:false,&quot;rightWallOn&quot;:false,&quot;matrixStubName&quot;:&quot;horzBflRange_maxNumShelves4_maxNumOfBeams6&quot;,&quot;expected&quot;:{&quot;row&quot;:1,&quot;col&quot;:4,&quot;numCols&quot;:2}}" time="0.002" timestamp="2016-10-17T19:05:18Z"></testcase>
        <testcase name="The new matrix should have changed cols as given in the params, test params: {&quot;row&quot;:2,&quot;col&quot;:2,&quot;leftWallOn&quot;:false,&quot;rightWallOn&quot;:false,&quot;matrixStubName&quot;:&quot;horzBflRange_maxNumShelves4_maxNumOfBeams6&quot;,&quot;expected&quot;:{&quot;row&quot;:2,&quot;col&quot;:2,&quot;numCols&quot;:4}}" time="0.001" timestamp="2016-10-17T19:05:18Z"></testcase>
        <testcase name="The new matrix should have changed cols as given in the params, test params: {&quot;row&quot;:2,&quot;col&quot;:4,&quot;leftWallOn&quot;:false,&quot;rightWallOn&quot;:false,&quot;matrixStubName&quot;:&quot;horzBflRange_maxNumShelves4_maxNumOfBeams6&quot;,&quot;expected&quot;:{&quot;row&quot;:2,&quot;col&quot;:2,&quot;numCols&quot;:4}}" time="0.001" timestamp="2016-10-17T19:05:18Z"></testcase>
        <testcase name="The new matrix should have changed cols as given in the params, test params: {&quot;row&quot;:3,&quot;col&quot;:0,&quot;leftWallOn&quot;:false,&quot;rightWallOn&quot;:false,&quot;matrixStubName&quot;:&quot;horzBflRange_maxNumShelves4_maxNumOfBeams6&quot;,&quot;expected&quot;:{&quot;row&quot;:3,&quot;col&quot;:0,&quot;numCols&quot;:2}}" time="0.001" timestamp="2016-10-17T19:05:18Z"></testcase>
    </testsuite>
    <testsuite id="10" name="searchRangeForVertBaffle(innerPartsSlotMatrix, row, col)" hostname="localhost" tests="14" failures="0" errors="0" time="0.035" timestamp="2016-10-17T19:05:18Z">
        <testcase name="Should return object with row and column and number of rows, from row to (row + numRows), test params: {&quot;t&quot;:1,&quot;row&quot;:0,&quot;col&quot;:0,&quot;matrixStubName&quot;:&quot;vertBflRange_TopRow_maxNumShelves2_maxNumOfBeams3&quot;,&quot;expected&quot;:{&quot;row&quot;:0,&quot;col&quot;:0,&quot;numRows&quot;:2}}" time="0.001" timestamp="2016-10-17T19:05:18Z"></testcase>
        <testcase name="Should return object with row and column and number of rows, from row to (row + numRows), test params: {&quot;t&quot;:2,&quot;row&quot;:1,&quot;col&quot;:1,&quot;matrixStubName&quot;:&quot;vertBflRange_TopRow_maxNumShelves2_maxNumOfBeams3&quot;,&quot;expected&quot;:{&quot;row&quot;:0,&quot;col&quot;:1,&quot;numRows&quot;:2}}" time="0.001" timestamp="2016-10-17T19:05:18Z"></testcase>
        <testcase name="Should return object with row and column and number of rows, from row to (row + numRows), test params: {&quot;t&quot;:3,&quot;row&quot;:0,&quot;col&quot;:1,&quot;matrixStubName&quot;:&quot;vertBflRange_BottomRow_maxNumShelves2_maxNumOfBeams3&quot;,&quot;expected&quot;:{&quot;row&quot;:0,&quot;col&quot;:1,&quot;numRows&quot;:1}}" time="0.001" timestamp="2016-10-17T19:05:18Z"></testcase>
        <testcase name="Should return object with row and column and number of rows, from row to (row + numRows), test params: {&quot;t&quot;:4,&quot;row&quot;:1,&quot;col&quot;:2,&quot;matrixStubName&quot;:&quot;vertBflRange_BottomRow_maxNumShelves2_maxNumOfBeams3&quot;,&quot;expected&quot;:{&quot;row&quot;:1,&quot;col&quot;:2,&quot;numRows&quot;:0}}" time="0.001" timestamp="2016-10-17T19:05:18Z"></testcase>
        <testcase name="Should return object with row and column and number of rows, from row to (row + numRows), test params: {&quot;t&quot;:5,&quot;row&quot;:0,&quot;col&quot;:0,&quot;matrixStubName&quot;:&quot;vertBflRange_TopRow_maxNumShelves3_maxNumOfBeams2&quot;,&quot;expected&quot;:{&quot;row&quot;:0,&quot;col&quot;:0,&quot;numRows&quot;:1}}" time="0.001" timestamp="2016-10-17T19:05:18Z"></testcase>
        <testcase name="Should return object with row and column and number of rows, from row to (row + numRows), test params: {&quot;t&quot;:6,&quot;row&quot;:1,&quot;col&quot;:1,&quot;matrixStubName&quot;:&quot;vertBflRange_TopRow_maxNumShelves3_maxNumOfBeams2&quot;,&quot;expected&quot;:{&quot;row&quot;:0,&quot;col&quot;:1,&quot;numRows&quot;:3}}" time="0.001" timestamp="2016-10-17T19:05:18Z"></testcase>
        <testcase name="Should return object with row and column and number of rows, from row to (row + numRows), test params: {&quot;t&quot;:7,&quot;row&quot;:0,&quot;col&quot;:0,&quot;matrixStubName&quot;:&quot;vertBflRange_TopBtmRow_maxNumShelves3_maxNumOfBeams2&quot;,&quot;expected&quot;:{&quot;row&quot;:0,&quot;col&quot;:0,&quot;numRows&quot;:2}}" time="0.001" timestamp="2016-10-17T19:05:18Z"></testcase>
        <testcase name="Should return object with row and column and number of rows, from row to (row + numRows), test params: {&quot;t&quot;:8,&quot;row&quot;:1,&quot;col&quot;:1,&quot;matrixStubName&quot;:&quot;vertBflRange_TopBtmRow_maxNumShelves3_maxNumOfBeams2&quot;,&quot;expected&quot;:{&quot;row&quot;:0,&quot;col&quot;:1,&quot;numRows&quot;:2}}" time="0.001" timestamp="2016-10-17T19:05:18Z"></testcase>
        <testcase name="Should return object with row and column and number of rows, from row to (row + numRows), test params: {&quot;t&quot;:9,&quot;row&quot;:2,&quot;col&quot;:0,&quot;matrixStubName&quot;:&quot;vertBflRange_maxNumShelves6_maxNumOfBeams5&quot;,&quot;expected&quot;:{&quot;row&quot;:0,&quot;col&quot;:0,&quot;numRows&quot;:3}}" time="0.001" timestamp="2016-10-17T19:05:18Z"></testcase>
        <testcase name="Should return object with row and column and number of rows, from row to (row + numRows), test params: {&quot;t&quot;:10,&quot;row&quot;:3,&quot;col&quot;:1,&quot;matrixStubName&quot;:&quot;vertBflRange_maxNumShelves6_maxNumOfBeams5&quot;,&quot;expected&quot;:{&quot;row&quot;:0,&quot;col&quot;:1,&quot;numRows&quot;:5}}" time="0.001" timestamp="2016-10-17T19:05:18Z"></testcase>
        <testcase name="Should return object with row and column and number of rows, from row to (row + numRows), test params: {&quot;t&quot;:11,&quot;row&quot;:5,&quot;col&quot;:2,&quot;matrixStubName&quot;:&quot;vertBflRange_maxNumShelves6_maxNumOfBeams5&quot;,&quot;expected&quot;:{&quot;row&quot;:2,&quot;col&quot;:2,&quot;numRows&quot;:4}}" time="0.003" timestamp="2016-10-17T19:05:18Z"></testcase>
        <testcase name="Should return object with row and column and number of rows, from row to (row + numRows), test params: {&quot;t&quot;:12,&quot;row&quot;:0,&quot;col&quot;:3,&quot;matrixStubName&quot;:&quot;vertBflRange_maxNumShelves6_maxNumOfBeams5&quot;,&quot;expected&quot;:{&quot;row&quot;:0,&quot;col&quot;:3,&quot;numRows&quot;:2}}" time="0.001" timestamp="2016-10-17T19:05:18Z"></testcase>
        <testcase name="Should return object with row and column and number of rows, from row to (row + numRows), test params: {&quot;t&quot;:13,&quot;row&quot;:0,&quot;col&quot;:4,&quot;matrixStubName&quot;:&quot;vertBflRange_maxNumShelves6_maxNumOfBeams5&quot;,&quot;expected&quot;:{&quot;row&quot;:0,&quot;col&quot;:4,&quot;numRows&quot;:1}}" time="0.001" timestamp="2016-10-17T19:05:18Z"></testcase>
        <testcase name="Should return object with row and column and number of rows, from row to (row + numRows), test params: {&quot;t&quot;:14,&quot;row&quot;:4,&quot;col&quot;:4,&quot;matrixStubName&quot;:&quot;vertBflRange_maxNumShelves6_maxNumOfBeams5&quot;,&quot;expected&quot;:{&quot;row&quot;:4,&quot;col&quot;:4,&quot;numRows&quot;:1}}" time="0.001" timestamp="2016-10-17T19:05:18Z"></testcase>
    </testsuite>
    <testsuite id="11" name="searchEmptySpaceForVertBaffle(innerPartsSlotMatrix, row, col, numRows) against vertBaffleStubs stubs" hostname="localhost" tests="44" failures="0" errors="0" time="0.099" timestamp="2016-10-17T19:05:18Z">
        <testcase name="true for vertical baffle/beam = true, false for vertical baffle/beam = false or if no part slots are available, test params: {&quot;row&quot;:0,&quot;col&quot;:0,&quot;numRows&quot;:2,&quot;matrixStubName&quot;:&quot;leftCol_maxNumShelves2_maxNumOfBeams2&quot;,&quot;expected&quot;:false}" time="0.001" timestamp="2016-10-17T19:05:18Z"></testcase>
        <testcase name="true for vertical baffle/beam = true, false for vertical baffle/beam = false or if no part slots are available, test params: {&quot;row&quot;:0,&quot;col&quot;:1,&quot;numRows&quot;:2,&quot;matrixStubName&quot;:&quot;leftCol_maxNumShelves2_maxNumOfBeams2&quot;,&quot;expected&quot;:true}" time="0.001" timestamp="2016-10-17T19:05:18Z"></testcase>
        <testcase name="true for vertical baffle/beam = true, false for vertical baffle/beam = false or if no part slots are available, test params: {&quot;row&quot;:0,&quot;col&quot;:0,&quot;numRows&quot;:2,&quot;matrixStubName&quot;:&quot;rightCol_maxNumShelves2_maxNumOfBeams2&quot;,&quot;expected&quot;:true}" time="0.001" timestamp="2016-10-17T19:05:18Z"></testcase>
        <testcase name="true for vertical baffle/beam = true, false for vertical baffle/beam = false or if no part slots are available, test params: {&quot;row&quot;:1,&quot;col&quot;:1,&quot;numRows&quot;:2,&quot;matrixStubName&quot;:&quot;rightCol_maxNumShelves2_maxNumOfBeams2&quot;,&quot;expected&quot;:false}" time="0.001" timestamp="2016-10-17T19:05:18Z"></testcase>
        <testcase name="true for vertical baffle/beam = true, false for vertical baffle/beam = false or if no part slots are available, test params: {&quot;row&quot;:0,&quot;col&quot;:0,&quot;numRows&quot;:2,&quot;matrixStubName&quot;:&quot;rightCol_maxNumShelves3_maxNumOfBeams2&quot;,&quot;expected&quot;:true}" time="0.001" timestamp="2016-10-17T19:05:18Z"></testcase>
        <testcase name="true for vertical baffle/beam = true, false for vertical baffle/beam = false or if no part slots are available, test params: {&quot;row&quot;:1,&quot;col&quot;:0,&quot;numRows&quot;:2,&quot;matrixStubName&quot;:&quot;rightCol_maxNumShelves3_maxNumOfBeams2&quot;,&quot;expected&quot;:true}" time="0.001" timestamp="2016-10-17T19:05:18Z"></testcase>
        <testcase name="true for vertical baffle/beam = true, false for vertical baffle/beam = false or if no part slots are available, test params: {&quot;row&quot;:2,&quot;col&quot;:1,&quot;numRows&quot;:2,&quot;matrixStubName&quot;:&quot;rightCol_maxNumShelves3_maxNumOfBeams2&quot;,&quot;expected&quot;:false}" time="0" timestamp="2016-10-17T19:05:18Z"></testcase>
        <testcase name="true for vertical baffle/beam = true, false for vertical baffle/beam = false or if no part slots are available, test params: {&quot;row&quot;:0,&quot;col&quot;:1,&quot;numRows&quot;:1,&quot;matrixStubName&quot;:&quot;rightCol_maxNumShelves3_maxNumOfBeams2&quot;,&quot;expected&quot;:false}" time="0.001" timestamp="2016-10-17T19:05:18Z"></testcase>
        <testcase name="true for vertical baffle/beam = true, false for vertical baffle/beam = false or if no part slots are available, test params: {&quot;row&quot;:1,&quot;col&quot;:1,&quot;numRows&quot;:1,&quot;matrixStubName&quot;:&quot;rightCol_maxNumShelves3_maxNumOfBeams2&quot;,&quot;expected&quot;:false}" time="0.001" timestamp="2016-10-17T19:05:18Z"></testcase>
        <testcase name="true for vertical baffle/beam = true, false for vertical baffle/beam = false or if no part slots are available, test params: {&quot;row&quot;:0,&quot;col&quot;:0,&quot;numRows&quot;:2,&quot;matrixStubName&quot;:&quot;rightCol_btm2Rows_maxNumShelves3_maxNumOfBeams2&quot;,&quot;expected&quot;:true}" time="0.001" timestamp="2016-10-17T19:05:18Z"></testcase>
        <testcase name="true for vertical baffle/beam = true, false for vertical baffle/beam = false or if no part slots are available, test params: {&quot;row&quot;:1,&quot;col&quot;:1,&quot;numRows&quot;:2,&quot;matrixStubName&quot;:&quot;rightCol_btm2Rows_maxNumShelves3_maxNumOfBeams2&quot;,&quot;expected&quot;:false}" time="0.001" timestamp="2016-10-17T19:05:18Z"></testcase>
        <testcase name="true for vertical baffle/beam = true, false for vertical baffle/beam = false or if no part slots are available, test params: {&quot;row&quot;:1,&quot;col&quot;:1,&quot;numRows&quot;:2,&quot;matrixStubName&quot;:&quot;rightCol_btm2Rows_maxNumShelves3_maxNumOfBeams2&quot;,&quot;expected&quot;:false} " time="0.001" timestamp="2016-10-17T19:05:18Z"></testcase>
        <testcase name="true for vertical baffle/beam = true, false for vertical baffle/beam = false or if no part slots are available, test params: {&quot;row&quot;:2,&quot;col&quot;:1,&quot;numRows&quot;:1,&quot;matrixStubName&quot;:&quot;rightCol_btm2Rows_maxNumShelves3_maxNumOfBeams2&quot;,&quot;expected&quot;:false}" time="0.001" timestamp="2016-10-17T19:05:18Z"></testcase>
        <testcase name="true for vertical baffle/beam = true, false for vertical baffle/beam = false or if no part slots are available, test params: {&quot;row&quot;:1,&quot;col&quot;:0,&quot;numRows&quot;:1,&quot;matrixStubName&quot;:&quot;rightCol_btm2Rows_maxNumShelves3_maxNumOfBeams2&quot;,&quot;expected&quot;:true}" time="0" timestamp="2016-10-17T19:05:18Z"></testcase>
        <testcase name="true for vertical baffle/beam = true, false for vertical baffle/beam = false or if no part slots are available, test params: {&quot;row&quot;:0,&quot;col&quot;:0,&quot;numRows&quot;:2,&quot;matrixStubName&quot;:&quot;leftCol_maxNumShelves2_maxNumOfBeams3&quot;,&quot;expected&quot;:false}" time="0" timestamp="2016-10-17T19:05:18Z"></testcase>
        <testcase name="true for vertical baffle/beam = true, false for vertical baffle/beam = false or if no part slots are available, test params: {&quot;row&quot;:0,&quot;col&quot;:1,&quot;numRows&quot;:2,&quot;matrixStubName&quot;:&quot;leftCol_maxNumShelves2_maxNumOfBeams3&quot;,&quot;expected&quot;:true}" time="0" timestamp="2016-10-17T19:05:18Z"></testcase>
        <testcase name="true for vertical baffle/beam = true, false for vertical baffle/beam = false or if no part slots are available, test params: {&quot;row&quot;:1,&quot;col&quot;:2,&quot;numRows&quot;:1,&quot;matrixStubName&quot;:&quot;leftCol_maxNumShelves2_maxNumOfBeams3&quot;,&quot;expected&quot;:true}" time="0.001" timestamp="2016-10-17T19:05:18Z"></testcase>
        <testcase name="true for vertical baffle/beam = true, false for vertical baffle/beam = false or if no part slots are available, test params: {&quot;row&quot;:1,&quot;col&quot;:0,&quot;numRows&quot;:1,&quot;matrixStubName&quot;:&quot;leftCol_maxNumShelves2_maxNumOfBeams3&quot;,&quot;expected&quot;:false}" time="0.001" timestamp="2016-10-17T19:05:18Z"></testcase>
        <testcase name="true for vertical baffle/beam = true, false for vertical baffle/beam = false or if no part slots are available, test params: {&quot;row&quot;:0,&quot;col&quot;:0,&quot;numRows&quot;:2,&quot;matrixStubName&quot;:&quot;rightCol_maxNumShelves2_maxNumOfBeams3&quot;,&quot;expected&quot;:true}" time="0.001" timestamp="2016-10-17T19:05:18Z"></testcase>
        <testcase name="true for vertical baffle/beam = true, false for vertical baffle/beam = false or if no part slots are available, test params: {&quot;row&quot;:0,&quot;col&quot;:2,&quot;numRows&quot;:2,&quot;matrixStubName&quot;:&quot;rightCol_maxNumShelves2_maxNumOfBeams3&quot;,&quot;expected&quot;:false}" time="0.001" timestamp="2016-10-17T19:05:18Z"></testcase>
        <testcase name="true for vertical baffle/beam = true, false for vertical baffle/beam = false or if no part slots are available, test params: {&quot;row&quot;:0,&quot;col&quot;:0,&quot;numRows&quot;:1,&quot;matrixStubName&quot;:&quot;rightCol_btm1Row_maxNumShelves2_maxNumOfBeams3&quot;,&quot;expected&quot;:true}" time="0.001" timestamp="2016-10-17T19:05:18Z"></testcase>
        <testcase name="true for vertical baffle/beam = true, false for vertical baffle/beam = false or if no part slots are available, test params: {&quot;row&quot;:1,&quot;col&quot;:2,&quot;numRows&quot;:1,&quot;matrixStubName&quot;:&quot;rightCol_btm1Row_maxNumShelves2_maxNumOfBeams3&quot;,&quot;expected&quot;:false}" time="0.001" timestamp="2016-10-17T19:05:18Z"></testcase>
        <testcase name="true for vertical baffle/beam = true, false for vertical baffle/beam = false or if no part slots are available, test params: {&quot;row&quot;:0,&quot;col&quot;:0,&quot;numRows&quot;:2,&quot;matrixStubName&quot;:&quot;leftCol_maxNumShelves2_maxNumOfBeams2&quot;,&quot;expected&quot;:false} " time="0.001" timestamp="2016-10-17T19:05:18Z"></testcase>
        <testcase name="true for vertical baffle/beam = true, false for vertical baffle/beam = false or if no part slots are available, test params: {&quot;row&quot;:0,&quot;col&quot;:1,&quot;numRows&quot;:2,&quot;matrixStubName&quot;:&quot;leftCol_maxNumShelves2_maxNumOfBeams2&quot;,&quot;expected&quot;:true} " time="0.001" timestamp="2016-10-17T19:05:18Z"></testcase>
        <testcase name="true for vertical baffle/beam = true, false for vertical baffle/beam = false or if no part slots are available, test params: {&quot;row&quot;:0,&quot;col&quot;:0,&quot;numRows&quot;:2,&quot;matrixStubName&quot;:&quot;rightCol_maxNumShelves2_maxNumOfBeams2&quot;,&quot;expected&quot;:true} " time="0.001" timestamp="2016-10-17T19:05:18Z"></testcase>
        <testcase name="true for vertical baffle/beam = true, false for vertical baffle/beam = false or if no part slots are available, test params: {&quot;row&quot;:1,&quot;col&quot;:1,&quot;numRows&quot;:2,&quot;matrixStubName&quot;:&quot;rightCol_maxNumShelves2_maxNumOfBeams2&quot;,&quot;expected&quot;:false} " time="0.001" timestamp="2016-10-17T19:05:18Z"></testcase>
        <testcase name="true for vertical baffle/beam = true, false for vertical baffle/beam = false or if no part slots are available, test params: {&quot;row&quot;:0,&quot;col&quot;:0,&quot;numRows&quot;:2,&quot;matrixStubName&quot;:&quot;rightCol_maxNumShelves3_maxNumOfBeams2&quot;,&quot;expected&quot;:true} " time="0.001" timestamp="2016-10-17T19:05:18Z"></testcase>
        <testcase name="true for vertical baffle/beam = true, false for vertical baffle/beam = false or if no part slots are available, test params: {&quot;row&quot;:1,&quot;col&quot;:0,&quot;numRows&quot;:2,&quot;matrixStubName&quot;:&quot;rightCol_maxNumShelves3_maxNumOfBeams2&quot;,&quot;expected&quot;:true} " time="0.001" timestamp="2016-10-17T19:05:18Z"></testcase>
        <testcase name="true for vertical baffle/beam = true, false for vertical baffle/beam = false or if no part slots are available, test params: {&quot;row&quot;:2,&quot;col&quot;:1,&quot;numRows&quot;:2,&quot;matrixStubName&quot;:&quot;rightCol_maxNumShelves3_maxNumOfBeams2&quot;,&quot;expected&quot;:false} " time="0.001" timestamp="2016-10-17T19:05:18Z"></testcase>
        <testcase name="true for vertical baffle/beam = true, false for vertical baffle/beam = false or if no part slots are available, test params: {&quot;row&quot;:0,&quot;col&quot;:1,&quot;numRows&quot;:1,&quot;matrixStubName&quot;:&quot;rightCol_maxNumShelves3_maxNumOfBeams2&quot;,&quot;expected&quot;:false} " time="0.001" timestamp="2016-10-17T19:05:18Z"></testcase>
        <testcase name="true for vertical baffle/beam = true, false for vertical baffle/beam = false or if no part slots are available, test params: {&quot;row&quot;:1,&quot;col&quot;:1,&quot;numRows&quot;:1,&quot;matrixStubName&quot;:&quot;rightCol_maxNumShelves3_maxNumOfBeams2&quot;,&quot;expected&quot;:false} " time="0.002" timestamp="2016-10-17T19:05:18Z"></testcase>
        <testcase name="true for vertical baffle/beam = true, false for vertical baffle/beam = false or if no part slots are available, test params: {&quot;row&quot;:0,&quot;col&quot;:0,&quot;numRows&quot;:2,&quot;matrixStubName&quot;:&quot;rightCol_btm2Rows_maxNumShelves3_maxNumOfBeams2&quot;,&quot;expected&quot;:true} " time="0.001" timestamp="2016-10-17T19:05:18Z"></testcase>
        <testcase name="true for vertical baffle/beam = true, false for vertical baffle/beam = false or if no part slots are available, test params: {&quot;row&quot;:1,&quot;col&quot;:1,&quot;numRows&quot;:2,&quot;matrixStubName&quot;:&quot;rightCol_btm2Rows_maxNumShelves3_maxNumOfBeams2&quot;,&quot;expected&quot;:false}  " time="0.001" timestamp="2016-10-17T19:05:18Z"></testcase>
        <testcase name="true for vertical baffle/beam = true, false for vertical baffle/beam = false or if no part slots are available, test params: {&quot;row&quot;:1,&quot;col&quot;:1,&quot;numRows&quot;:2,&quot;matrixStubName&quot;:&quot;rightCol_btm2Rows_maxNumShelves3_maxNumOfBeams2&quot;,&quot;expected&quot;:false}   " time="0.001" timestamp="2016-10-17T19:05:18Z"></testcase>
[...]
        <testcase name="Should return index of the first slot that contains vertical baffle right from the current slot below the mouse cursor, test params: {&quot;t&quot;:56,&quot;row&quot;:1,&quot;col&quot;:2,&quot;numRows&quot;:1,&quot;matrixStubName&quot;:&quot;rightCol_top1Row_maxNumShelves2_maxNumOfBeams3&quot;,&quot;expected&quot;:3}" time="0.001" timestamp="2016-10-17T19:05:19Z"></testcase>
        <testcase name="Should return index of the first slot that contains vertical baffle right from the current slot below the mouse cursor, test params: {&quot;t&quot;:57,&quot;row&quot;:0,&quot;col&quot;:0,&quot;numRows&quot;:2,&quot;matrixStubName&quot;:&quot;rightCol_top1Row_maxNumShelves2_maxNumOfBeams3&quot;,&quot;expected&quot;:2}" time="0.001" timestamp="2016-10-17T19:05:19Z"></testcase>
        <testcase name="Should return index of the first slot that contains vertical baffle right from the current slot below the mouse cursor, test params: {&quot;t&quot;:58,&quot;row&quot;:1,&quot;col&quot;:0,&quot;numRows&quot;:1,&quot;matrixStubName&quot;:&quot;rightCol_top1Row_maxNumShelves2_maxNumOfBeams3&quot;,&quot;expected&quot;:3}" time="0.003" timestamp="2016-10-17T19:05:19Z"></testcase>
        <testcase name="Should return index of the first slot that contains vertical baffle right from the current slot below the mouse cursor, test params: {&quot;t&quot;:59,&quot;row&quot;:0,&quot;col&quot;:2,&quot;numRows&quot;:2,&quot;matrixStubName&quot;:&quot;rightCol_top1Row_maxNumShelves2_maxNumOfBeams3&quot;,&quot;expected&quot;:2}" time="0.001" timestamp="2016-10-17T19:05:19Z"></testcase>
        <testcase name="Should return index of the first slot that contains vertical baffle right from the current slot below the mouse cursor, test params: {&quot;t&quot;:60,&quot;row&quot;:1,&quot;col&quot;:2,&quot;numRows&quot;:1,&quot;matrixStubName&quot;:&quot;rightCol_top1Row_maxNumShelves2_maxNumOfBeams3&quot;,&quot;expected&quot;:3}" time="0.001" timestamp="2016-10-17T19:05:19Z"></testcase>
        <testcase name="Should return index of the first slot that contains vertical baffle right from the current slot below the mouse cursor, test params: {&quot;t&quot;:61,&quot;row&quot;:0,&quot;col&quot;:0,&quot;numRows&quot;:2,&quot;matrixStubName&quot;:&quot;horzBflRange_TopRow_maxNumShelves2_maxNumOfBeams3&quot;,&quot;expected&quot;:2}" time="0.001" timestamp="2016-10-17T19:05:19Z"></testcase>
        <testcase name="Should return index of the first slot that contains vertical baffle right from the current slot below the mouse cursor, test params: {&quot;t&quot;:62,&quot;row&quot;:0,&quot;col&quot;:1,&quot;numRows&quot;:2,&quot;matrixStubName&quot;:&quot;horzBflRange_TopRow_maxNumShelves2_maxNumOfBeams3&quot;,&quot;expected&quot;:2}" time="0.001" timestamp="2016-10-17T19:05:19Z"></testcase>
        <testcase name="Should return index of the first slot that contains vertical baffle right from the current slot below the mouse cursor, test params: {&quot;t&quot;:63,&quot;row&quot;:1,&quot;col&quot;:0,&quot;numRows&quot;:1,&quot;matrixStubName&quot;:&quot;horzBflRange_TopRow_maxNumShelves2_maxNumOfBeams3&quot;,&quot;expected&quot;:3}" time="0.001" timestamp="2016-10-17T19:05:19Z"></testcase>
        <testcase name="Should return index of the first slot that contains vertical baffle right from the current slot below the mouse cursor, test params: {&quot;t&quot;:64,&quot;row&quot;:1,&quot;col&quot;:1,&quot;numRows&quot;:1,&quot;matrixStubName&quot;:&quot;horzBflRange_TopRow_maxNumShelves2_maxNumOfBeams3&quot;,&quot;expected&quot;:3}" time="0.001" timestamp="2016-10-17T19:05:19Z"></testcase>
        <testcase name="Should return index of the first slot that contains vertical baffle right from the current slot below the mouse cursor, test params: {&quot;t&quot;:65,&quot;row&quot;:0,&quot;col&quot;:2,&quot;numRows&quot;:2,&quot;matrixStubName&quot;:&quot;horzBflRange_TopRow_maxNumShelves2_maxNumOfBeams3&quot;,&quot;expected&quot;:2}" time="0.001" timestamp="2016-10-17T19:05:19Z"></testcase>
        <testcase name="Should return index of the first slot that contains vertical baffle right from the current slot below the mouse cursor, test params: {&quot;t&quot;:66,&quot;row&quot;:1,&quot;col&quot;:2,&quot;numRows&quot;:1,&quot;matrixStubName&quot;:&quot;horzBflRange_TopRow_maxNumShelves2_maxNumOfBeams3&quot;,&quot;expected&quot;:3}" time="0.001" timestamp="2016-10-17T19:05:19Z"></testcase>
        <testcase name="Should return index of the first slot that contains vertical baffle right from the current slot below the mouse cursor, test params: {&quot;t&quot;:67,&quot;row&quot;:0,&quot;col&quot;:0,&quot;numRows&quot;:2,&quot;matrixStubName&quot;:&quot;horzBflRange_TopRow_maxNumShelves2_maxNumOfBeams3&quot;,&quot;expected&quot;:2}" time="0.001" timestamp="2016-10-17T19:05:19Z"></testcase>
        <testcase name="Should return index of the first slot that contains vertical baffle right from the current slot below the mouse cursor, test params: {&quot;t&quot;:68,&quot;row&quot;:0,&quot;col&quot;:1,&quot;numRows&quot;:2,&quot;matrixStubName&quot;:&quot;horzBflRange_TopRow_maxNumShelves2_maxNumOfBeams3&quot;,&quot;expected&quot;:2}" time="0.001" timestamp="2016-10-17T19:05:19Z"></testcase>
        <testcase name="Should return index of the first slot that contains vertical baffle right from the current slot below the mouse cursor, test params: {&quot;t&quot;:69,&quot;row&quot;:1,&quot;col&quot;:0,&quot;numRows&quot;:1,&quot;matrixStubName&quot;:&quot;horzBflRange_TopRow_maxNumShelves2_maxNumOfBeams3&quot;,&quot;expected&quot;:3}" time="0.001" timestamp="2016-10-17T19:05:19Z"></testcase>
        <testcase name="Should return index of the first slot that contains vertical baffle right from the current slot below the mouse cursor, test params: {&quot;t&quot;:70,&quot;row&quot;:1,&quot;col&quot;:1,&quot;numRows&quot;:1,&quot;matrixStubName&quot;:&quot;horzBflRange_TopRow_maxNumShelves2_maxNumOfBeams3&quot;,&quot;expected&quot;:3}" time="0.001" timestamp="2016-10-17T19:05:19Z"></testcase>
        <testcase name="Should return index of the first slot that contains vertical baffle right from the current slot below the mouse cursor, test params: {&quot;t&quot;:71,&quot;row&quot;:0,&quot;col&quot;:2,&quot;numRows&quot;:2,&quot;matrixStubName&quot;:&quot;horzBflRange_TopRow_maxNumShelves2_maxNumOfBeams3&quot;,&quot;expected&quot;:2}" time="0.001" timestamp="2016-10-17T19:05:19Z"></testcase>
        <testcase name="Should return index of the first slot that contains vertical baffle right from the current slot below the mouse cursor, test params: {&quot;t&quot;:72,&quot;row&quot;:1,&quot;col&quot;:2,&quot;numRows&quot;:1,&quot;matrixStubName&quot;:&quot;horzBflRange_TopRow_maxNumShelves2_maxNumOfBeams3&quot;,&quot;expected&quot;:3}" time="0.001" timestamp="2016-10-17T19:05:19Z"></testcase>
        <testcase name="Should return index of the first slot that contains vertical baffle right from the current slot below the mouse cursor, test params: {&quot;t&quot;:73,&quot;row&quot;:0,&quot;col&quot;:0,&quot;numRows&quot;:2,&quot;matrixStubName&quot;:&quot;horzBflRange_BottomRow_maxNumShelves2_maxNumOfBeams3&quot;,&quot;expected&quot;:3}" time="0.001" timestamp="2016-10-17T19:05:19Z"></testcase>
        <testcase name="Should return index of the first slot that contains vertical baffle right from the current slot below the mouse cursor, test params: {&quot;t&quot;:74,&quot;row&quot;:0,&quot;col&quot;:1,&quot;numRows&quot;:2,&quot;matrixStubName&quot;:&quot;horzBflRange_BottomRow_maxNumShelves2_maxNumOfBeams3&quot;,&quot;expected&quot;:3}" time="0.001" timestamp="2016-10-17T19:05:19Z"></testcase>
        <testcase name="Should return index of the first slot that contains vertical baffle right from the current slot below the mouse cursor, test params: {&quot;t&quot;:75,&quot;row&quot;:0,&quot;col&quot;:2,&quot;numRows&quot;:2,&quot;matrixStubName&quot;:&quot;horzBflRange_BottomRow_maxNumShelves2_maxNumOfBeams3&quot;,&quot;expected&quot;:3}" time="0.001" timestamp="2016-10-17T19:05:19Z"></testcase>
        <testcase name="Should return index of the first slot that contains vertical baffle right from the current slot below the mouse cursor, test params: {&quot;t&quot;:76,&quot;row&quot;:1,&quot;col&quot;:0,&quot;numRows&quot;:1,&quot;matrixStubName&quot;:&quot;horzBflRange_BottomRow_maxNumShelves2_maxNumOfBeams3&quot;,&quot;expected&quot;:2}" time="0.001" timestamp="2016-10-17T19:05:19Z"></testcase>
        <testcase name="Should return index of the first slot that contains vertical baffle right from the current slot below the mouse cursor, test params: {&quot;t&quot;:77,&quot;row&quot;:1,&quot;col&quot;:1,&quot;numRows&quot;:1,&quot;matrixStubName&quot;:&quot;horzBflRange_BottomRow_maxNumShelves2_maxNumOfBeams3&quot;,&quot;expected&quot;:2}" time="0" timestamp="2016-10-17T19:05:19Z"></testcase>
        <testcase name="Should return index of the first slot that contains vertical baffle right from the current slot below the mouse cursor, test params: {&quot;t&quot;:78,&quot;row&quot;:1,&quot;col&quot;:2,&quot;numRows&quot;:1,&quot;matrixStubName&quot;:&quot;horzBflRange_BottomRow_maxNumShelves2_maxNumOfBeams3&quot;,&quot;expected&quot;:2}" time="0.001" timestamp="2016-10-17T19:05:19Z"></testcase>
        <testcase name="Should return index of the first slot that contains vertical baffle right from the current slot below the mouse cursor, test params: {&quot;t&quot;:79,&quot;row&quot;:0,&quot;col&quot;:0,&quot;numRows&quot;:2,&quot;matrixStubName&quot;:&quot;horzBflRange_BottomRow_maxNumShelves2_maxNumOfBeams3&quot;,&quot;expected&quot;:3}" time="0.001" timestamp="2016-10-17T19:05:19Z"></testcase>
        <testcase name="Should return index of the first slot that contains vertical baffle right from the current slot below the mouse cursor, test params: {&quot;t&quot;:80,&quot;row&quot;:0,&quot;col&quot;:1,&quot;numRows&quot;:2,&quot;matrixStubName&quot;:&quot;horzBflRange_BottomRow_maxNumShelves2_maxNumOfBeams3&quot;,&quot;expected&quot;:3}" time="0.001" timestamp="2016-10-17T19:05:19Z"></testcase>
        <testcase name="Should return index of the first slot that contains vertical baffle right from the current slot below the mouse cursor, test params: {&quot;t&quot;:81,&quot;row&quot;:0,&quot;col&quot;:2,&quot;numRows&quot;:2,&quot;matrixStubName&quot;:&quot;horzBflRange_BottomRow_maxNumShelves2_maxNumOfBeams3&quot;,&quot;expected&quot;:3}" time="0.001" timestamp="2016-10-17T19:05:19Z"></testcase>
        <testcase name="Should return index of the first slot that contains vertical baffle right from the current slot below the mouse cursor, test params: {&quot;t&quot;:82,&quot;row&quot;:1,&quot;col&quot;:0,&quot;numRows&quot;:1,&quot;matrixStubName&quot;:&quot;horzBflRange_BottomRow_maxNumShelves2_maxNumOfBeams3&quot;,&quot;expected&quot;:2}" time="0.001" timestamp="2016-10-17T19:05:19Z"></testcase>
        <testcase name="Should return index of the first slot that contains vertical baffle right from the current slot below the mouse cursor, test params: {&quot;t&quot;:83,&quot;row&quot;:1,&quot;col&quot;:1,&quot;numRows&quot;:1,&quot;matrixStubName&quot;:&quot;horzBflRange_BottomRow_maxNumShelves2_maxNumOfBeams3&quot;,&quot;expected&quot;:2}" time="0.001" timestamp="2016-10-17T19:05:19Z"></testcase>
        <testcase name="Should return index of the first slot that contains vertical baffle right from the current slot below the mouse cursor, test params: {&quot;t&quot;:84,&quot;row&quot;:1,&quot;col&quot;:2,&quot;numRows&quot;:1,&quot;matrixStubName&quot;:&quot;horzBflRange_BottomRow_maxNumShelves2_maxNumOfBeams3&quot;,&quot;expected&quot;:2}" time="0.001" timestamp="2016-10-17T19:05:19Z"></testcase>
        <testcase name="Should return index of the first slot that contains vertical baffle right from the current slot below the mouse cursor, test params: {&quot;t&quot;:85,&quot;row&quot;:0,&quot;col&quot;:0,&quot;numRows&quot;:4,&quot;matrixStubName&quot;:&quot;horzBflRange_maxNumShelves4_maxNumOfBeams6&quot;,&quot;expected&quot;:4}" time="0.001" timestamp="2016-10-17T19:05:19Z"></testcase>
        <testcase name="Should return index of the first slot that contains vertical baffle right from the current slot below the mouse cursor, test params: {&quot;t&quot;:86,&quot;row&quot;:0,&quot;col&quot;:1,&quot;numRows&quot;:4,&quot;matrixStubName&quot;:&quot;horzBflRange_maxNumShelves4_maxNumOfBeams6&quot;,&quot;expected&quot;:4}" time="0.001" timestamp="2016-10-17T19:05:19Z"></testcase>
        <testcase name="Should return index of the first slot that contains vertical baffle right from the current slot below the mouse cursor, test params: {&quot;t&quot;:87,&quot;row&quot;:0,&quot;col&quot;:2,&quot;numRows&quot;:4,&quot;matrixStubName&quot;:&quot;horzBflRange_maxNumShelves4_maxNumOfBeams6&quot;,&quot;expected&quot;:4}" time="0.001" timestamp="2016-10-17T19:05:19Z"></testcase>
        <testcase name="Should return index of the first slot that contains vertical baffle right from the current slot below the mouse cursor, test params: {&quot;t&quot;:88,&quot;row&quot;:2,&quot;col&quot;:3,&quot;numRows&quot;:2,&quot;matrixStubName&quot;:&quot;horzBflRange_maxNumShelves4_maxNumOfBeams6&quot;,&quot;expected&quot;:6}" time="0" timestamp="2016-10-17T19:05:19Z"></testcase>
        <testcase name="Should return index of the first slot that contains vertical baffle right from the current slot below the mouse cursor, test params: {&quot;t&quot;:89,&quot;row&quot;:2,&quot;col&quot;:5,&quot;numRows&quot;:2,&quot;matrixStubName&quot;:&quot;horzBflRange_maxNumShelves4_maxNumOfBeams6&quot;,&quot;expected&quot;:6}" time="0.001" timestamp="2016-10-17T19:05:19Z"></testcase>
        <testcase name="Should return index of the first slot that contains vertical baffle right from the current slot below the mouse cursor, test params: {&quot;t&quot;:90,&quot;row&quot;:0,&quot;col&quot;:5,&quot;numRows&quot;:4,&quot;matrixStubName&quot;:&quot;horzBflRange_maxNumShelves4_maxNumOfBeams6&quot;,&quot;expected&quot;:6}" time="0.001" timestamp="2016-10-17T19:05:19Z"></testcase>
        <testcase name="Should return index of the first slot that contains vertical baffle right from the current slot below the mouse cursor, test params: {&quot;t&quot;:91,&quot;row&quot;:0,&quot;col&quot;:0,&quot;numRows&quot;:4,&quot;matrixStubName&quot;:&quot;horzBflRange_maxNumShelves4_maxNumOfBeams6&quot;,&quot;expected&quot;:4}" time="0.001" timestamp="2016-10-17T19:05:19Z"></testcase>
        <testcase name="Should return index of the first slot that contains vertical baffle right from the current slot below the mouse cursor, test params: {&quot;t&quot;:92,&quot;row&quot;:0,&quot;col&quot;:1,&quot;numRows&quot;:4,&quot;matrixStubName&quot;:&quot;horzBflRange_maxNumShelves4_maxNumOfBeams6&quot;,&quot;expected&quot;:4}" time="0.001" timestamp="2016-10-17T19:05:19Z"></testcase>
        <testcase name="Should return index of the first slot that contains vertical baffle right from the current slot below the mouse cursor, test params: {&quot;t&quot;:93,&quot;row&quot;:0,&quot;col&quot;:2,&quot;numRows&quot;:4,&quot;matrixStubName&quot;:&quot;horzBflRange_maxNumShelves4_maxNumOfBeams6&quot;,&quot;expected&quot;:4}" time="0.001" timestamp="2016-10-17T19:05:19Z"></testcase>
        <testcase name="Should return index of the first slot that contains vertical baffle right from the current slot below the mouse cursor, test params: {&quot;t&quot;:94,&quot;row&quot;:2,&quot;col&quot;:3,&quot;numRows&quot;:2,&quot;matrixStubName&quot;:&quot;horzBflRange_maxNumShelves4_maxNumOfBeams6&quot;,&quot;expected&quot;:6}" time="0.001" timestamp="2016-10-17T19:05:19Z"></testcase>
        <testcase name="Should return index of the first slot that contains vertical baffle right from the current slot below the mouse cursor, test params: {&quot;t&quot;:95,&quot;row&quot;:2,&quot;col&quot;:5,&quot;numRows&quot;:2,&quot;matrixStubName&quot;:&quot;horzBflRange_maxNumShelves4_maxNumOfBeams6&quot;,&quot;expected&quot;:6}" time="0.001" timestamp="2016-10-17T19:05:19Z"></testcase>
        <testcase name="Should return index of the first slot that contains vertical baffle right from the current slot below the mouse cursor, test params: {&quot;t&quot;:96,&quot;row&quot;:0,&quot;col&quot;:5,&quot;numRows&quot;:4,&quot;matrixStubName&quot;:&quot;horzBflRange_maxNumShelves4_maxNumOfBeams6&quot;,&quot;expected&quot;:6}" time="0.001" timestamp="2016-10-17T19:05:19Z"></testcase>
        <testcase name="Should return index of the first slot that contains vertical baffle right from the current slot below the mouse cursor, test params: {&quot;t&quot;:97,&quot;row&quot;:0,&quot;col&quot;:0,&quot;numRows&quot;:3,&quot;matrixStubName&quot;:&quot;rightCol_maxNumShelves3_maxNumOfBeams2&quot;,&quot;expected&quot;:1}" time="0.001" timestamp="2016-10-17T19:05:19Z"></testcase>
        <testcase name="Should return index of the first slot that contains vertical baffle right from the current slot below the mouse cursor, test params: {&quot;t&quot;:98,&quot;row&quot;:0,&quot;col&quot;:1,&quot;numRows&quot;:3,&quot;matrixStubName&quot;:&quot;rightCol_maxNumShelves3_maxNumOfBeams2&quot;,&quot;expected&quot;:1}" time="0.001" timestamp="2016-10-17T19:05:19Z"></testcase>
        <testcase name="Should return index of the first slot that contains vertical baffle right from the current slot below the mouse cursor, test params: {&quot;t&quot;:99,&quot;row&quot;:1,&quot;col&quot;:0,&quot;numRows&quot;:2,&quot;matrixStubName&quot;:&quot;rightCol_maxNumShelves3_maxNumOfBeams2&quot;,&quot;expected&quot;:1}" time="0.001" timestamp="2016-10-17T19:05:19Z"></testcase>
        <testcase name="Should return index of the first slot that contains vertical baffle right from the current slot below the mouse cursor, test params: {&quot;t&quot;:100,&quot;row&quot;:1,&quot;col&quot;:1,&quot;numRows&quot;:2,&quot;matrixStubName&quot;:&quot;rightCol_maxNumShelves3_maxNumOfBeams2&quot;,&quot;expected&quot;:1}" time="0.001" timestamp="2016-10-17T19:05:19Z"></testcase>
        <testcase name="Should return index of the first slot that contains vertical baffle right from the current slot below the mouse cursor, test params: {&quot;t&quot;:101,&quot;row&quot;:0,&quot;col&quot;:0,&quot;numRows&quot;:3,&quot;matrixStubName&quot;:&quot;rightCol_maxNumShelves3_maxNumOfBeams2&quot;,&quot;expected&quot;:1}" time="0.001" timestamp="2016-10-17T19:05:19Z"></testcase>
        <testcase name="Should return index of the first slot that contains vertical baffle right from the current slot below the mouse cursor, test params: {&quot;t&quot;:102,&quot;row&quot;:0,&quot;col&quot;:1,&quot;numRows&quot;:3,&quot;matrixStubName&quot;:&quot;rightCol_maxNumShelves3_maxNumOfBeams2&quot;,&quot;expected&quot;:1}" time="0.001" timestamp="2016-10-17T19:05:19Z"></testcase>
        <testcase name="Should return index of the first slot that contains vertical baffle right from the current slot below the mouse cursor, test params: {&quot;t&quot;:103,&quot;row&quot;:1,&quot;col&quot;:0,&quot;numRows&quot;:2,&quot;matrixStubName&quot;:&quot;rightCol_maxNumShelves3_maxNumOfBeams2&quot;,&quot;expected&quot;:1}" time="0.001" timestamp="2016-10-17T19:05:19Z"></testcase>
        <testcase name="Should return index of the first slot that contains vertical baffle right from the current slot below the mouse cursor, test params: {&quot;t&quot;:104,&quot;row&quot;:1,&quot;col&quot;:1,&quot;numRows&quot;:2,&quot;matrixStubName&quot;:&quot;rightCol_maxNumShelves3_maxNumOfBeams2&quot;,&quot;expected&quot;:1}" time="0.001" timestamp="2016-10-17T19:05:19Z"></testcase>
    </testsuite>
</testsuites>