<?xml version="1.0"?>
<testsuite name="Firefox 48.0.0 (Ubuntu 0.0.0)" package="" timestamp="2016-10-27T15:51:28" id="0" hostname="asus-vlado" tests="965" errors="0" failures="0" time="8.44">
  <properties>
    <property name="browser.fullName" value="Mozilla/5.0 (X11; Ubuntu; Linux i686; rv:48.0) Gecko/20100101 Firefox/48.0"/>
  </properties>
  <testcase name="Enteriror Screen Tests Testing frame width. It must be equal to: cupboardDepth + rearWallWidth + thickness * 2" time="0.01" classname="Firefox_48_0_0_(Ubuntu_0_0_0).Enteriror Screen Tests"/>
  <testcase name="defaultSlotDataObject() parts array should be non empty containing preset value of parts (4 is max currently)" time="0.004" classname="Firefox_48_0_0_(Ubuntu_0_0_0).defaultSlotDataObject()"/>
  <testcase name="defaultInnerPartsMatrix(maxNumOfInnerShelves, maxNumOfBeams) should return two dimesinal array containing default data slot objects" time="0.006" classname="Firefox_48_0_0_(Ubuntu_0_0_0).defaultInnerPartsMatrix(maxNumOfInnerShelves, maxNumOfBeams)"/>
  <testcase name="makeInnerPartsMatrix(fcdo, slotMatrix) Should create default matrix with ceiling/floor and left wall depending on how they are enabled" time="0.007" classname="Firefox_48_0_0_(Ubuntu_0_0_0).makeInnerPartsMatrix(fcdo, slotMatrix)"/>
  <testcase name="makeInnerPartsMatrix(fcdo, slotMatrix) Should create default matrix with ceiling/floor and left wall depending on how they are enabled " time="0.003" classname="Firefox_48_0_0_(Ubuntu_0_0_0).makeInnerPartsMatrix(fcdo, slotMatrix)"/>
  <testcase name="makeInnerPartsMatrix(fcdo, slotMatrix) Should create default matrix with ceiling/floor and left wall depending on how they are enabled  " time="0.002" classname="Firefox_48_0_0_(Ubuntu_0_0_0).makeInnerPartsMatrix(fcdo, slotMatrix)"/>
  <testcase name="makeInnerPartsMatrix(fcdo, slotMatrix) Should create default matrix with ceiling/floor and left wall depending on how they are enabled   " time="0.007" classname="Firefox_48_0_0_(Ubuntu_0_0_0).makeInnerPartsMatrix(fcdo, slotMatrix)"/>
  <testcase name="makeInnerPartsMatrix(fcdo, slotMatrix) Should create default matrix with ceiling/floor and left wall depending on how they are enabled    " time="0.001" classname="Firefox_48_0_0_(Ubuntu_0_0_0).makeInnerPartsMatrix(fcdo, slotMatrix)"/>
  <testcase name="makeInnerPartsMatrix(fcdo, slotMatrix) Should create default matrix with ceiling/floor and left wall depending on how they are enabled     " time="0.003" classname="Firefox_48_0_0_(Ubuntu_0_0_0).makeInnerPartsMatrix(fcdo, slotMatrix)"/>
  <testcase name="makeInnerPartsMatrix(fcdo, slotMatrix) Should create default matrix with ceiling/floor and left wall depending on how they are enabled      " time="0.005" classname="Firefox_48_0_0_(Ubuntu_0_0_0).makeInnerPartsMatrix(fcdo, slotMatrix)"/>
  <testcase name="makeInnerPartsMatrix(fcdo, slotMatrix) Should create default matrix with ceiling/floor and left wall depending on how they are enabled       " time="0.006" classname="Firefox_48_0_0_(Ubuntu_0_0_0).makeInnerPartsMatrix(fcdo, slotMatrix)"/>
  <testcase name="makeInnerPartsMatrix(fcdo, slotMatrix) Should create default matrix with ceiling/floor and left wall depending on how they are enabled        " time="0.002" classname="Firefox_48_0_0_(Ubuntu_0_0_0).makeInnerPartsMatrix(fcdo, slotMatrix)"/>
  <testcase name="makeInnerPartsMatrix(fcdo, slotMatrix) Should create default matrix with ceiling/floor and left wall depending on how they are enabled         " time="0.001" classname="Firefox_48_0_0_(Ubuntu_0_0_0).makeInnerPartsMatrix(fcdo, slotMatrix)"/>
  <testcase name="makeInnerPartsMatrix(fcdo, slotMatrix) Should create default matrix with ceiling/floor and left wall depending on how they are enabled          " time="0.004" classname="Firefox_48_0_0_(Ubuntu_0_0_0).makeInnerPartsMatrix(fcdo, slotMatrix)"/>
  <testcase name="makeInnerPartsMatrix(fcdo, slotMatrix) Should create default matrix with ceiling/floor and left wall depending on how they are enabled           " time="0.005" classname="Firefox_48_0_0_(Ubuntu_0_0_0).makeInnerPartsMatrix(fcdo, slotMatrix)"/>
  <testcase name="makeInnerPartsMatrix(fcdo, slotMatrix) Should create default matrix with ceiling/floor and left wall depending on how they are enabled            " time="0.001" classname="Firefox_48_0_0_(Ubuntu_0_0_0).makeInnerPartsMatrix(fcdo, slotMatrix)"/>
  <testcase name="makeInnerPartsMatrix(fcdo, slotMatrix) Should create default matrix with ceiling/floor and left wall depending on how they are enabled             " time="0.004" classname="Firefox_48_0_0_(Ubuntu_0_0_0).makeInnerPartsMatrix(fcdo, slotMatrix)"/>
  <testcase name="makeInnerPartsMatrix(fcdo, slotMatrix) Should create default matrix with ceiling/floor and left wall depending on how they are enabled              " time="0.001" classname="Firefox_48_0_0_(Ubuntu_0_0_0).makeInnerPartsMatrix(fcdo, slotMatrix)"/>
  <testcase name="makeInnerPartsMatrix(fcdo, slotMatrix) Should create default matrix with ceiling/floor and left wall depending on how they are enabled               " time="0.001" classname="Firefox_48_0_0_(Ubuntu_0_0_0).makeInnerPartsMatrix(fcdo, slotMatrix)"/>
  <testcase name="makeInnerPartsMatrix(fcdo, slotMatrix) Should create default matrix with ceiling/floor and left wall depending on how they are enabled                " time="0.002" classname="Firefox_48_0_0_(Ubuntu_0_0_0).makeInnerPartsMatrix(fcdo, slotMatrix)"/>
  <testcase name="makeInnerPartsMatrix(fcdo, slotMatrix) Should create default matrix with ceiling/floor and left wall depending on how they are enabled                 " time="0.014" classname="Firefox_48_0_0_(Ubuntu_0_0_0).makeInnerPartsMatrix(fcdo, slotMatrix)"/>
  <testcase name="makeInnerPartsMatrix(fcdo, slotMatrix) Should create default matrix with ceiling/floor and left wall depending on how they are enabled                  " time="0.001" classname="Firefox_48_0_0_(Ubuntu_0_0_0).makeInnerPartsMatrix(fcdo, slotMatrix)"/>
  <testcase name="makeInnerPartsMatrix(fcdo, slotMatrix) Should create default matrix with ceiling/floor and left wall depending on how they are enabled                   " time="0.005" classname="Firefox_48_0_0_(Ubuntu_0_0_0).makeInnerPartsMatrix(fcdo, slotMatrix)"/>
  <testcase name="makeInnerPartsMatrix(fcdo, slotMatrix) Should create default matrix with ceiling/floor and left wall depending on how they are enabled                    " time="0.002" classname="Firefox_48_0_0_(Ubuntu_0_0_0).makeInnerPartsMatrix(fcdo, slotMatrix)"/>
  <testcase name="makeInnerPartsMatrix(fcdo, slotMatrix) Should create default matrix with ceiling/floor and left wall depending on how they are enabled                     " time="0.006" classname="Firefox_48_0_0_(Ubuntu_0_0_0).makeInnerPartsMatrix(fcdo, slotMatrix)"/>
  <testcase name="makeInnerPartsMatrix(fcdo, slotMatrix) Should create default matrix with ceiling/floor and left wall depending on how they are enabled                      " time="0.005" classname="Firefox_48_0_0_(Ubuntu_0_0_0).makeInnerPartsMatrix(fcdo, slotMatrix)"/>
  <testcase name="makeInnerPartsMatrix(fcdo, slotMatrix) Should create default matrix with ceiling/floor and left wall depending on how they are enabled                       " time="0.002" classname="Firefox_48_0_0_(Ubuntu_0_0_0).makeInnerPartsMatrix(fcdo, slotMatrix)"/>
  <testcase name="makeInnerPartsMatrix(fcdo, slotMatrix) Should create default matrix if the given matrix argument is non-truthy or empty array" time="0.001" classname="Firefox_48_0_0_(Ubuntu_0_0_0).makeInnerPartsMatrix(fcdo, slotMatrix)"/>
  <testcase name="makeInnerPartsMatrix(fcdo, slotMatrix) Should create default matrix if the given matrix argument is non-truthy or empty array " time="0.005" classname="Firefox_48_0_0_(Ubuntu_0_0_0).makeInnerPartsMatrix(fcdo, slotMatrix)"/>
  <testcase name="makeInnerPartsMatrix(fcdo, slotMatrix) Should create default matrix if the given matrix argument is non-truthy or empty array  " time="0.002" classname="Firefox_48_0_0_(Ubuntu_0_0_0).makeInnerPartsMatrix(fcdo, slotMatrix)"/>
  <testcase name="makeInnerPartsMatrix(fcdo, slotMatrix) Should create default matrix if the given matrix argument is non-truthy or empty array   " time="0.006" classname="Firefox_48_0_0_(Ubuntu_0_0_0).makeInnerPartsMatrix(fcdo, slotMatrix)"/>
  <testcase name="makeInnerPartsMatrix(fcdo, slotMatrix) Should create default matrix if the given matrix argument is non-truthy or empty array    " time="0.006" classname="Firefox_48_0_0_(Ubuntu_0_0_0).makeInnerPartsMatrix(fcdo, slotMatrix)"/>
  <testcase name="makeInnerPartsMatrix(fcdo, slotMatrix) Should create default matrix if the given matrix argument is non-truthy or empty array     " time="0.002" classname="Firefox_48_0_0_(Ubuntu_0_0_0).makeInnerPartsMatrix(fcdo, slotMatrix)"/>
  <testcase name="makeInnerPartsMatrix(fcdo, slotMatrix) Should create default matrix if the given matrix argument is non-truthy or empty array      " time="0.001" classname="Firefox_48_0_0_(Ubuntu_0_0_0).makeInnerPartsMatrix(fcdo, slotMatrix)"/>
  <testcase name="makeInnerPartsMatrix(fcdo, slotMatrix) Should create default matrix if the given matrix argument is non-truthy or empty array       " time="0.001" classname="Firefox_48_0_0_(Ubuntu_0_0_0).makeInnerPartsMatrix(fcdo, slotMatrix)"/>
  <testcase name="searchEmptySpaceForHorzBaffle(innerPartsSlotMatrix, row, col, numCols) against horzBaffleStubs true for horizontal baffle = true, false for horizontal baffle = false or if no part slots ar available" time="0.001" classname="Firefox_48_0_0_(Ubuntu_0_0_0).searchEmptySpaceForHorzBaffle(innerPartsSlotMatrix, row, col, numCols) against horzBaffleStubs"/>
  <testcase name="searchEmptySpaceForHorzBaffle(innerPartsSlotMatrix, row, col, numCols) against horzBaffleStubs true for horizontal baffle = true, false for horizontal baffle = false or if no part slots ar available " time="0.001" classname="Firefox_48_0_0_(Ubuntu_0_0_0).searchEmptySpaceForHorzBaffle(innerPartsSlotMatrix, row, col, numCols) against horzBaffleStubs"/>
  <testcase name="searchEmptySpaceForHorzBaffle(innerPartsSlotMatrix, row, col, numCols) against horzBaffleStubs true for horizontal baffle = true, false for horizontal baffle = false or if no part slots ar available  " time="0.001" classname="Firefox_48_0_0_(Ubuntu_0_0_0).searchEmptySpaceForHorzBaffle(innerPartsSlotMatrix, row, col, numCols) against horzBaffleStubs"/>
  <testcase name="searchEmptySpaceForHorzBaffle(innerPartsSlotMatrix, row, col, numCols) against horzBaffleStubs true for horizontal baffle = true, false for horizontal baffle = false or if no part slots ar available   " time="0.001" classname="Firefox_48_0_0_(Ubuntu_0_0_0).searchEmptySpaceForHorzBaffle(innerPartsSlotMatrix, row, col, numCols) against horzBaffleStubs"/>
  <testcase name="searchEmptySpaceForHorzBaffle(innerPartsSlotMatrix, row, col, numCols) against horzBaffleStubs true for horizontal baffle = true, false for horizontal baffle = false or if no part slots ar available    " time="0.001" classname="Firefox_48_0_0_(Ubuntu_0_0_0).searchEmptySpaceForHorzBaffle(innerPartsSlotMatrix, row, col, numCols) against horzBaffleStubs"/>
  <testcase name="searchEmptySpaceForHorzBaffle(innerPartsSlotMatrix, row, col, numCols) against horzBaffleStubs true for horizontal baffle = true, false for horizontal baffle = false or if no part slots ar available     " time="0.001" classname="Firefox_48_0_0_(Ubuntu_0_0_0).searchEmptySpaceForHorzBaffle(innerPartsSlotMatrix, row, col, numCols) against horzBaffleStubs"/>
  <testcase name="searchEmptySpaceForHorzBaffle(innerPartsSlotMatrix, row, col, numCols) against horzBaffleStubs true for horizontal baffle = true, false for horizontal baffle = false or if no part slots ar available      " time="0.005" classname="Firefox_48_0_0_(Ubuntu_0_0_0).searchEmptySpaceForHorzBaffle(innerPartsSlotMatrix, row, col, numCols) against horzBaffleStubs"/>
  <testcase name="searchEmptySpaceForHorzBaffle(innerPartsSlotMatrix, row, col, numCols) against horzBaffleStubs true for horizontal baffle = true, false for horizontal baffle = false or if no part slots ar available       " time="0.005" classname="Firefox_48_0_0_(Ubuntu_0_0_0).searchEmptySpaceForHorzBaffle(innerPartsSlotMatrix, row, col, numCols) against horzBaffleStubs"/>
  <testcase name="searchEmptySpaceForHorzBaffle(innerPartsSlotMatrix, row, col, numCols) against horzBaffleStubs true for horizontal baffle = true, false for horizontal baffle = false or if no part slots ar available        " time="0.001" classname="Firefox_48_0_0_(Ubuntu_0_0_0).searchEmptySpaceForHorzBaffle(innerPartsSlotMatrix, row, col, numCols) against horzBaffleStubs"/>
  <testcase name="searchEmptySpaceForHorzBaffle(innerPartsSlotMatrix, row, col, numCols) against horzBaffleStubs true for horizontal baffle = true, false for horizontal baffle = false or if no part slots ar available         " time="0.001" classname="Firefox_48_0_0_(Ubuntu_0_0_0).searchEmptySpaceForHorzBaffle(innerPartsSlotMatrix, row, col, numCols) against horzBaffleStubs"/>
  <testcase name="searchEmptySpaceForHorzBaffle(innerPartsSlotMatrix, row, col, numCols) against horzBaffleStubs true for horizontal baffle = true, false for horizontal baffle = false or if no part slots ar available          " time="0.007" classname="Firefox_48_0_0_(Ubuntu_0_0_0).searchEmptySpaceForHorzBaffle(innerPartsSlotMatrix, row, col, numCols) against horzBaffleStubs"/>
  <testcase name="searchEmptySpaceForHorzBaffle(innerPartsSlotMatrix, row, col, numCols) against horzBaffleStubs true for horizontal baffle = true, false for horizontal baffle = false or if no part slots ar available           " time="0.001" classname="Firefox_48_0_0_(Ubuntu_0_0_0).searchEmptySpaceForHorzBaffle(innerPartsSlotMatrix, row, col, numCols) against horzBaffleStubs"/>
  <testcase name="searchEmptySpaceForHorzBaffle(innerPartsSlotMatrix, row, col, numCols) against horzBaffleStubs true for horizontal baffle = true, false for horizontal baffle = false or if no part slots ar available            " time="0.001" classname="Firefox_48_0_0_(Ubuntu_0_0_0).searchEmptySpaceForHorzBaffle(innerPartsSlotMatrix, row, col, numCols) against horzBaffleStubs"/>
  <testcase name="searchEmptySpaceForHorzBaffle(innerPartsSlotMatrix, row, col, numCols) against horzBaffleStubs true for horizontal baffle = true, false for horizontal baffle = false or if no part slots ar available             " time="0.001" classname="Firefox_48_0_0_(Ubuntu_0_0_0).searchEmptySpaceForHorzBaffle(innerPartsSlotMatrix, row, col, numCols) against horzBaffleStubs"/>
  <testcase name="searchEmptySpaceForHorzBaffle(innerPartsSlotMatrix, row, col, numCols) against horzBaffleStubs true for horizontal baffle = true, false for horizontal baffle = false or if no part slots ar available              " time="0.001" classname="Firefox_48_0_0_(Ubuntu_0_0_0).searchEmptySpaceForHorzBaffle(innerPartsSlotMatrix, row, col, numCols) against horzBaffleStubs"/>
  <testcase name="searchEmptySpaceForHorzBaffle(innerPartsSlotMatrix, row, col, numCols) against horzBaffleStubs true for horizontal baffle = true, false for horizontal baffle = false or if no part slots ar available               " time="0.007" classname="Firefox_48_0_0_(Ubuntu_0_0_0).searchEmptySpaceForHorzBaffle(innerPartsSlotMatrix, row, col, numCols) against horzBaffleStubs"/>
  <testcase name="searchEmptySpaceForHorzBaffle(innerPartsSlotMatrix, row, col, numCols) against horzBaffleStubs true for horizontal baffle = true, false for horizontal baffle = false or if no part slots ar available                " time="0.001" classname="Firefox_48_0_0_(Ubuntu_0_0_0).searchEmptySpaceForHorzBaffle(innerPartsSlotMatrix, row, col, numCols) against horzBaffleStubs"/>
  <testcase name="searchEmptySpaceForHorzBaffle(innerPartsSlotMatrix, row, col, numCols) against horzBaffleStubs true for horizontal baffle = true, false for horizontal baffle = false or if no part slots ar available                 " time="0.001" classname="Firefox_48_0_0_(Ubuntu_0_0_0).searchEmptySpaceForHorzBaffle(innerPartsSlotMatrix, row, col, numCols) against horzBaffleStubs"/>
  <testcase name="searchEmptySpaceForHorzBaffle(innerPartsSlotMatrix, row, col, numCols) against horzBaffleStubs true for horizontal baffle = true, false for horizontal baffle = false or if no part slots ar available                  " time="0.001" classname="Firefox_48_0_0_(Ubuntu_0_0_0).searchEmptySpaceForHorzBaffle(innerPartsSlotMatrix, row, col, numCols) against horzBaffleStubs"/>
  <testcase name="searchEmptySpaceForHorzBaffle(innerPartsSlotMatrix, row, col, numCols) against horzBaffleStubs true for horizontal baffle = true, false for horizontal baffle = false or if no part slots ar available                   " time="0" classname="Firefox_48_0_0_(Ubuntu_0_0_0).searchEmptySpaceForHorzBaffle(innerPartsSlotMatrix, row, col, numCols) against horzBaffleStubs"/>
  <testcase name="searchEmptySpaceForHorzBaffle(innerPartsSlotMatrix, row, col, numCols) against horzBaffleStubs true for horizontal baffle = true, false for horizontal baffle = false or if no part slots ar available                    " time="0.001" classname="Firefox_48_0_0_(Ubuntu_0_0_0).searchEmptySpaceForHorzBaffle(innerPartsSlotMatrix, row, col, numCols) against horzBaffleStubs"/>
  <testcase name="searchEmptySpaceForHorzBaffle(innerPartsSlotMatrix, row, col, numCols) against horzBaffleStubs true for horizontal baffle = true, false for horizontal baffle = false or if no part slots ar available                     " time="0.001" classname="Firefox_48_0_0_(Ubuntu_0_0_0).searchEmptySpaceForHorzBaffle(innerPartsSlotMatrix, row, col, numCols) against horzBaffleStubs"/>
  <testcase name="searchEmptySpaceForHorzBaffle(innerPartsSlotMatrix, row, col, numCols) against horzBeamStubs true for horizontal beam = true, false for horizontal beams = false or if no part slots ar available" time="0.001" classname="Firefox_48_0_0_(Ubuntu_0_0_0).searchEmptySpaceForHorzBaffle(innerPartsSlotMatrix, row, col, numCols) against horzBeamStubs"/>
  <testcase name="searchEmptySpaceForHorzBaffle(innerPartsSlotMatrix, row, col, numCols) against horzBeamStubs true for horizontal beam = true, false for horizontal beams = false or if no part slots ar available " time="0.001" classname="Firefox_48_0_0_(Ubuntu_0_0_0).searchEmptySpaceForHorzBaffle(innerPartsSlotMatrix, row, col, numCols) against horzBeamStubs"/>
  <testcase name="searchEmptySpaceForHorzBaffle(innerPartsSlotMatrix, row, col, numCols) against horzBeamStubs true for horizontal beam = true, false for horizontal beams = false or if no part slots ar available  " time="0.011" classname="Firefox_48_0_0_(Ubuntu_0_0_0).searchEmptySpaceForHorzBaffle(innerPartsSlotMatrix, row, col, numCols) against horzBeamStubs"/>
  <testcase name="searchEmptySpaceForHorzBaffle(innerPartsSlotMatrix, row, col, numCols) against horzBeamStubs true for horizontal beam = true, false for horizontal beams = false or if no part slots ar available   " time="0.001" classname="Firefox_48_0_0_(Ubuntu_0_0_0).searchEmptySpaceForHorzBaffle(innerPartsSlotMatrix, row, col, numCols) against horzBeamStubs"/>
  <testcase name="searchEmptySpaceForHorzBaffle(innerPartsSlotMatrix, row, col, numCols) against horzBeamStubs true for horizontal beam = true, false for horizontal beams = false or if no part slots ar available    " time="0.006" classname="Firefox_48_0_0_(Ubuntu_0_0_0).searchEmptySpaceForHorzBaffle(innerPartsSlotMatrix, row, col, numCols) against horzBeamStubs"/>
  <testcase name="searchEmptySpaceForHorzBaffle(innerPartsSlotMatrix, row, col, numCols) against horzBeamStubs true for horizontal beam = true, false for horizontal beams = false or if no part slots ar available     " time="0.001" classname="Firefox_48_0_0_(Ubuntu_0_0_0).searchEmptySpaceForHorzBaffle(innerPartsSlotMatrix, row, col, numCols) against horzBeamStubs"/>
  <testcase name="searchEmptySpaceForHorzBaffle(innerPartsSlotMatrix, row, col, numCols) against horzBeamStubs true for horizontal beam = true, false for horizontal beams = false or if no part slots ar available      " time="0.001" classname="Firefox_48_0_0_(Ubuntu_0_0_0).searchEmptySpaceForHorzBaffle(innerPartsSlotMatrix, row, col, numCols) against horzBeamStubs"/>
  <testcase name="searchEmptySpaceForHorzBaffle(innerPartsSlotMatrix, row, col, numCols) against horzBeamStubs true for horizontal beam = true, false for horizontal beams = false or if no part slots ar available       " time="0.001" classname="Firefox_48_0_0_(Ubuntu_0_0_0).searchEmptySpaceForHorzBaffle(innerPartsSlotMatrix, row, col, numCols) against horzBeamStubs"/>
  <testcase name="searchEmptySpaceForHorzBaffle(innerPartsSlotMatrix, row, col, numCols) against horzBeamStubs true for horizontal beam = true, false for horizontal beams = false or if no part slots ar available        " time="0.001" classname="Firefox_48_0_0_(Ubuntu_0_0_0).searchEmptySpaceForHorzBaffle(innerPartsSlotMatrix, row, col, numCols) against horzBeamStubs"/>
  <testcase name="searchEmptySpaceForHorzBaffle(innerPartsSlotMatrix, row, col, numCols) against horzBeamStubs true for horizontal beam = true, false for horizontal beams = false or if no part slots ar available         " time="0.002" classname="Firefox_48_0_0_(Ubuntu_0_0_0).searchEmptySpaceForHorzBaffle(innerPartsSlotMatrix, row, col, numCols) against horzBeamStubs"/>
  <testcase name="searchEmptySpaceForHorzBaffle(innerPartsSlotMatrix, row, col, numCols) against horzBeamStubs true for horizontal beam = true, false for horizontal beams = false or if no part slots ar available          " time="0.012" classname="Firefox_48_0_0_(Ubuntu_0_0_0).searchEmptySpaceForHorzBaffle(innerPartsSlotMatrix, row, col, numCols) against horzBeamStubs"/>
  <testcase name="searchEmptySpaceForHorzBaffle(innerPartsSlotMatrix, row, col, numCols) against horzBeamStubs true for horizontal beam = true, false for horizontal beams = false or if no part slots ar available           " time="0.006" classname="Firefox_48_0_0_(Ubuntu_0_0_0).searchEmptySpaceForHorzBaffle(innerPartsSlotMatrix, row, col, numCols) against horzBeamStubs"/>
  <testcase name="searchEmptySpaceForHorzBaffle(innerPartsSlotMatrix, row, col, numCols) against horzBeamStubs true for horizontal beam = true, false for horizontal beams = false or if no part slots ar available            " time="0.001" classname="Firefox_48_0_0_(Ubuntu_0_0_0).searchEmptySpaceForHorzBaffle(innerPartsSlotMatrix, row, col, numCols) against horzBeamStubs"/>
  <testcase name="searchEmptySpaceForHorzBaffle(innerPartsSlotMatrix, row, col, numCols) against horzBeamStubs true for horizontal beam = true, false for horizontal beams = false or if no part slots ar available             " time="0.001" classname="Firefox_48_0_0_(Ubuntu_0_0_0).searchEmptySpaceForHorzBaffle(innerPartsSlotMatrix, row, col, numCols) against horzBeamStubs"/>
  <testcase name="searchEmptySpaceForHorzBaffle(innerPartsSlotMatrix, row, col, numCols) against horzBeamStubs true for horizontal beam = true, false for horizontal beams = false or if no part slots ar available              " time="0.001" classname="Firefox_48_0_0_(Ubuntu_0_0_0).searchEmptySpaceForHorzBaffle(innerPartsSlotMatrix, row, col, numCols) against horzBeamStubs"/>
  <testcase name="searchEmptySpaceForHorzBaffle(innerPartsSlotMatrix, row, col, numCols) against horzBeamStubs true for horizontal beam = true, false for horizontal beams = false or if no part slots ar available               " time="0.01" classname="Firefox_48_0_0_(Ubuntu_0_0_0).searchEmptySpaceForHorzBaffle(innerPartsSlotMatrix, row, col, numCols) against horzBeamStubs"/>
  <testcase name="searchEmptySpaceForHorzBaffle(innerPartsSlotMatrix, row, col, numCols) against horzBeamStubs true for horizontal beam = true, false for horizontal beams = false or if no part slots ar available                " time="0.009" classname="Firefox_48_0_0_(Ubuntu_0_0_0).searchEmptySpaceForHorzBaffle(innerPartsSlotMatrix, row, col, numCols) against horzBeamStubs"/>
  <testcase name="searchEmptySpaceForHorzBaffle(innerPartsSlotMatrix, row, col, numCols) against horzBeamStubs true for horizontal beam = true, false for horizontal beams = false or if no part slots ar available                 " time="0.007" classname="Firefox_48_0_0_(Ubuntu_0_0_0).searchEmptySpaceForHorzBaffle(innerPartsSlotMatrix, row, col, numCols) against horzBeamStubs"/>
  <testcase name="searchEmptySpaceForHorzBaffle(innerPartsSlotMatrix, row, col, numCols) against horzBeamStubs true for horizontal beam = true, false for horizontal beams = false or if no part slots ar available                  " time="0.001" classname="Firefox_48_0_0_(Ubuntu_0_0_0).searchEmptySpaceForHorzBaffle(innerPartsSlotMatrix, row, col, numCols) against horzBeamStubs"/>
  <testcase name="searchEmptySpaceForHorzBaffle(innerPartsSlotMatrix, row, col, numCols) against horzBeamStubs true for horizontal beam = true, false for horizontal beams = false or if no part slots ar available                   " time="0.001" classname="Firefox_48_0_0_(Ubuntu_0_0_0).searchEmptySpaceForHorzBaffle(innerPartsSlotMatrix, row, col, numCols) against horzBeamStubs"/>
  <testcase name="searchEmptySpaceForHorzBaffle(innerPartsSlotMatrix, row, col, numCols) against horzBeamStubs true for horizontal beam = true, false for horizontal beams = false or if no part slots ar available                    " time="0.001" classname="Firefox_48_0_0_(Ubuntu_0_0_0).searchEmptySpaceForHorzBaffle(innerPartsSlotMatrix, row, col, numCols) against horzBeamStubs"/>
  <testcase name="searchEmptySpaceForHorzBaffle(innerPartsSlotMatrix, row, col, numCols) against horzBeamStubs true for horizontal beam = true, false for horizontal beams = false or if no part slots ar available                     " time="0.001" classname="Firefox_48_0_0_(Ubuntu_0_0_0).searchEmptySpaceForHorzBaffle(innerPartsSlotMatrix, row, col, numCols) against horzBeamStubs"/>
  <testcase name="searchRangeForHorzBaffle(innerPartsSlotMatrix, row, col) The new matrix should have changed cols as given in the params" time="0.003" classname="Firefox_48_0_0_(Ubuntu_0_0_0).searchRangeForHorzBaffle(innerPartsSlotMatrix, row, col)"/>
  <testcase name="searchRangeForHorzBaffle(innerPartsSlotMatrix, row, col) The new matrix should have changed cols as given in the params " time="0.001" classname="Firefox_48_0_0_(Ubuntu_0_0_0).searchRangeForHorzBaffle(innerPartsSlotMatrix, row, col)"/>
  <testcase name="searchRangeForHorzBaffle(innerPartsSlotMatrix, row, col) The new matrix should have changed cols as given in the params  " time="0.011" classname="Firefox_48_0_0_(Ubuntu_0_0_0).searchRangeForHorzBaffle(innerPartsSlotMatrix, row, col)"/>
  <testcase name="searchRangeForHorzBaffle(innerPartsSlotMatrix, row, col) The new matrix should have changed cols as given in the params   " time="0.004" classname="Firefox_48_0_0_(Ubuntu_0_0_0).searchRangeForHorzBaffle(innerPartsSlotMatrix, row, col)"/>
  <testcase name="searchRangeForHorzBaffle(innerPartsSlotMatrix, row, col) The new matrix should have changed cols as given in the params    " time="0.005" classname="Firefox_48_0_0_(Ubuntu_0_0_0).searchRangeForHorzBaffle(innerPartsSlotMatrix, row, col)"/>
  <testcase name="searchRangeForHorzBaffle(innerPartsSlotMatrix, row, col) The new matrix should have changed cols as given in the params     " time="0.003" classname="Firefox_48_0_0_(Ubuntu_0_0_0).searchRangeForHorzBaffle(innerPartsSlotMatrix, row, col)"/>
  <testcase name="searchRangeForHorzBaffle(innerPartsSlotMatrix, row, col) The new matrix should have changed cols as given in the params      " time="0.007" classname="Firefox_48_0_0_(Ubuntu_0_0_0).searchRangeForHorzBaffle(innerPartsSlotMatrix, row, col)"/>
  <testcase name="searchRangeForHorzBaffle(innerPartsSlotMatrix, row, col) The new matrix should have changed cols as given in the params       " time="0.004" classname="Firefox_48_0_0_(Ubuntu_0_0_0).searchRangeForHorzBaffle(innerPartsSlotMatrix, row, col)"/>
  <testcase name="searchRangeForHorzBaffle(innerPartsSlotMatrix, row, col) The new matrix should have changed cols as given in the params        " time="0.007" classname="Firefox_48_0_0_(Ubuntu_0_0_0).searchRangeForHorzBaffle(innerPartsSlotMatrix, row, col)"/>
  <testcase name="searchRangeForHorzBaffle(innerPartsSlotMatrix, row, col) The new matrix should have changed cols as given in the params         " time="0.002" classname="Firefox_48_0_0_(Ubuntu_0_0_0).searchRangeForHorzBaffle(innerPartsSlotMatrix, row, col)"/>
  <testcase name="searchRangeForHorzBaffle(innerPartsSlotMatrix, row, col) The new matrix should have changed cols as given in the params          " time="0.001" classname="Firefox_48_0_0_(Ubuntu_0_0_0).searchRangeForHorzBaffle(innerPartsSlotMatrix, row, col)"/>
  <testcase name="searchRangeForHorzBaffle(innerPartsSlotMatrix, row, col) The new matrix should have changed cols as given in the params           " time="0.012" classname="Firefox_48_0_0_(Ubuntu_0_0_0).searchRangeForHorzBaffle(innerPartsSlotMatrix, row, col)"/>
  <testcase name="searchRangeForHorzBaffle(innerPartsSlotMatrix, row, col) The new matrix should have changed cols as given in the params            " time="0.005" classname="Firefox_48_0_0_(Ubuntu_0_0_0).searchRangeForHorzBaffle(innerPartsSlotMatrix, row, col)"/>
  <testcase name="searchRangeForHorzBaffle(innerPartsSlotMatrix, row, col) The new matrix should have changed cols as given in the params             " time="0.003" classname="Firefox_48_0_0_(Ubuntu_0_0_0).searchRangeForHorzBaffle(innerPartsSlotMatrix, row, col)"/>
  <testcase name="searchRangeForHorzBaffle(innerPartsSlotMatrix, row, col) The new matrix should have changed cols as given in the params              " time="0.002" classname="Firefox_48_0_0_(Ubuntu_0_0_0).searchRangeForHorzBaffle(innerPartsSlotMatrix, row, col)"/>
  <testcase name="searchRangeForHorzBaffle(innerPartsSlotMatrix, row, col) The new matrix should have changed cols as given in the params               " time="0.002" classname="Firefox_48_0_0_(Ubuntu_0_0_0).searchRangeForHorzBaffle(innerPartsSlotMatrix, row, col)"/>
  <testcase name="searchRangeForHorzBaffle(innerPartsSlotMatrix, row, col) The new matrix should have changed cols as given in the params                " time="0.003" classname="Firefox_48_0_0_(Ubuntu_0_0_0).searchRangeForHorzBaffle(innerPartsSlotMatrix, row, col)"/>
  <testcase name="searchRangeForHorzBaffle(innerPartsSlotMatrix, row, col) The new matrix should have changed cols as given in the params                 " time="0.004" classname="Firefox_48_0_0_(Ubuntu_0_0_0).searchRangeForHorzBaffle(innerPartsSlotMatrix, row, col)"/>
  <testcase name="searchRangeForHorzBaffle(innerPartsSlotMatrix, row, col) The new matrix should have changed cols as given in the params                  " time="0.005" classname="Firefox_48_0_0_(Ubuntu_0_0_0).searchRangeForHorzBaffle(innerPartsSlotMatrix, row, col)"/>
  <testcase name="searchRangeForHorzBaffle(innerPartsSlotMatrix, row, col) The new matrix should have changed cols as given in the params                   " time="0.004" classname="Firefox_48_0_0_(Ubuntu_0_0_0).searchRangeForHorzBaffle(innerPartsSlotMatrix, row, col)"/>
  <testcase name="searchRangeForHorzBaffle(innerPartsSlotMatrix, row, col) The new matrix should have changed cols as given in the params                    " time="0.006" classname="Firefox_48_0_0_(Ubuntu_0_0_0).searchRangeForHorzBaffle(innerPartsSlotMatrix, row, col)"/>
  <testcase name="searchRangeForHorzBaffle(innerPartsSlotMatrix, row, col) The new matrix should have changed cols as given in the params                     " time="0.001" classname="Firefox_48_0_0_(Ubuntu_0_0_0).searchRangeForHorzBaffle(innerPartsSlotMatrix, row, col)"/>
  <testcase name="searchRangeForHorzBaffle(innerPartsSlotMatrix, row, col) The new matrix should have changed cols as given in the params                      " time="0.001" classname="Firefox_48_0_0_(Ubuntu_0_0_0).searchRangeForHorzBaffle(innerPartsSlotMatrix, row, col)"/>
  <testcase name="searchRangeForHorzBaffle(innerPartsSlotMatrix, row, col) The new matrix should have changed cols as given in the params                       " time="0.001" classname="Firefox_48_0_0_(Ubuntu_0_0_0).searchRangeForHorzBaffle(innerPartsSlotMatrix, row, col)"/>
  <testcase name="searchRangeForHorzBaffle(innerPartsSlotMatrix, row, col) The new matrix should have changed cols as given in the params                        " time="0.014" classname="Firefox_48_0_0_(Ubuntu_0_0_0).searchRangeForHorzBaffle(innerPartsSlotMatrix, row, col)"/>
  <testcase name="searchRangeForHorzBaffle(innerPartsSlotMatrix, row, col) The new matrix should have changed cols as given in the params                         " time="0.001" classname="Firefox_48_0_0_(Ubuntu_0_0_0).searchRangeForHorzBaffle(innerPartsSlotMatrix, row, col)"/>
  <testcase name="searchRangeForHorzBaffle(innerPartsSlotMatrix, row, col) The new matrix should have changed cols as given in the params                          " time="0.001" classname="Firefox_48_0_0_(Ubuntu_0_0_0).searchRangeForHorzBaffle(innerPartsSlotMatrix, row, col)"/>
  <testcase name="searchRangeForHorzBaffle(innerPartsSlotMatrix, row, col) The new matrix should have changed cols as given in the params                           " time="0.001" classname="Firefox_48_0_0_(Ubuntu_0_0_0).searchRangeForHorzBaffle(innerPartsSlotMatrix, row, col)"/>
  <testcase name="searchRangeForVertBaffle(innerPartsSlotMatrix, row, col) Should return object with row and column and number of rows, from row to (row + numRows)" time="0.02" classname="Firefox_48_0_0_(Ubuntu_0_0_0).searchRangeForVertBaffle(innerPartsSlotMatrix, row, col)"/>
  <testcase name="searchRangeForVertBaffle(innerPartsSlotMatrix, row, col) Should return object with row and column and number of rows, from row to (row + numRows) " time="0.001" classname="Firefox_48_0_0_(Ubuntu_0_0_0).searchRangeForVertBaffle(innerPartsSlotMatrix, row, col)"/>
  <testcase name="searchRangeForVertBaffle(innerPartsSlotMatrix, row, col) Should return object with row and column and number of rows, from row to (row + numRows)  " time="0.008" classname="Firefox_48_0_0_(Ubuntu_0_0_0).searchRangeForVertBaffle(innerPartsSlotMatrix, row, col)"/>
  <testcase name="searchRangeForVertBaffle(innerPartsSlotMatrix, row, col) Should return object with row and column and number of rows, from row to (row + numRows)   " time="0.001" classname="Firefox_48_0_0_(Ubuntu_0_0_0).searchRangeForVertBaffle(innerPartsSlotMatrix, row, col)"/>
  <testcase name="searchRangeForVertBaffle(innerPartsSlotMatrix, row, col) Should return object with row and column and number of rows, from row to (row + numRows)    " time="0.008" classname="Firefox_48_0_0_(Ubuntu_0_0_0).searchRangeForVertBaffle(innerPartsSlotMatrix, row, col)"/>
  <testcase name="searchRangeForVertBaffle(innerPartsSlotMatrix, row, col) Should return object with row and column and number of rows, from row to (row + numRows)     " time="0.003" classname="Firefox_48_0_0_(Ubuntu_0_0_0).searchRangeForVertBaffle(innerPartsSlotMatrix, row, col)"/>
  <testcase name="searchRangeForVertBaffle(innerPartsSlotMatrix, row, col) Should return object with row and column and number of rows, from row to (row + numRows)      " time="0.001" classname="Firefox_48_0_0_(Ubuntu_0_0_0).searchRangeForVertBaffle(innerPartsSlotMatrix, row, col)"/>
  <testcase name="searchRangeForVertBaffle(innerPartsSlotMatrix, row, col) Should return object with row and column and number of rows, from row to (row + numRows)       " time="0.009" classname="Firefox_48_0_0_(Ubuntu_0_0_0).searchRangeForVertBaffle(innerPartsSlotMatrix, row, col)"/>
  <testcase name="searchRangeForVertBaffle(innerPartsSlotMatrix, row, col) Should return object with row and column and number of rows, from row to (row + numRows)        " time="0.001" classname="Firefox_48_0_0_(Ubuntu_0_0_0).searchRangeForVertBaffle(innerPartsSlotMatrix, row, col)"/>
  <testcase name="searchRangeForVertBaffle(innerPartsSlotMatrix, row, col) Should return object with row and column and number of rows, from row to (row + numRows)         " time="0.002" classname="Firefox_48_0_0_(Ubuntu_0_0_0).searchRangeForVertBaffle(innerPartsSlotMatrix, row, col)"/>
  <testcase name="searchRangeForVertBaffle(innerPartsSlotMatrix, row, col) Should return object with row and column and number of rows, from row to (row + numRows)          " time="0.012" classname="Firefox_48_0_0_(Ubuntu_0_0_0).searchRangeForVertBaffle(innerPartsSlotMatrix, row, col)"/>
  <testcase name="searchRangeForVertBaffle(innerPartsSlotMatrix, row, col) Should return object with row and column and number of rows, from row to (row + numRows)           " time="0.002" classname="Firefox_48_0_0_(Ubuntu_0_0_0).searchRangeForVertBaffle(innerPartsSlotMatrix, row, col)"/>
  <testcase name="searchRangeForVertBaffle(innerPartsSlotMatrix, row, col) Should return object with row and column and number of rows, from row to (row + numRows)            " time="0.014" classname="Firefox_48_0_0_(Ubuntu_0_0_0).searchRangeForVertBaffle(innerPartsSlotMatrix, row, col)"/>
  <testcase name="searchRangeForVertBaffle(innerPartsSlotMatrix, row, col) Should return object with row and column and number of rows, from row to (row + numRows)             " time="0.001" classname="Firefox_48_0_0_(Ubuntu_0_0_0).searchRangeForVertBaffle(innerPartsSlotMatrix, row, col)"/>
  <testcase name="searchEmptySpaceForVertBaffle(innerPartsSlotMatrix, row, col, numRows) against vertBaffleStubs stubs true for vertical baffle/beam = true, false for vertical baffle/beam = false or if no part slots are available" time="0.001" classname="Firefox_48_0_0_(Ubuntu_0_0_0).searchEmptySpaceForVertBaffle(innerPartsSlotMatrix, row, col, numRows) against vertBaffleStubs stubs"/>
  <testcase name="searchEmptySpaceForVertBaffle(innerPartsSlotMatrix, row, col, numRows) against vertBaffleStubs stubs true for vertical baffle/beam = true, false for vertical baffle/beam = false or if no part slots are available " time="0.008" classname="Firefox_48_0_0_(Ubuntu_0_0_0).searchEmptySpaceForVertBaffle(innerPartsSlotMatrix, row, col, numRows) against vertBaffleStubs stubs"/>
  <testcase name="searchEmptySpaceForVertBaffle(innerPartsSlotMatrix, row, col, numRows) against vertBaffleStubs stubs true for vertical baffle/beam = true, false for vertical baffle/beam = false or if no part slots are available  " time="0.009" classname="Firefox_48_0_0_(Ubuntu_0_0_0).searchEmptySpaceForVertBaffle(innerPartsSlotMatrix, row, col, numRows) against vertBaffleStubs stubs"/>
  <testcase name="searchEmptySpaceForVertBaffle(innerPartsSlotMatrix, row, col, numRows) against vertBaffleStubs stubs true for vertical baffle/beam = true, false for vertical baffle/beam = false or if no part slots are available   " time="0.009" classname="Firefox_48_0_0_(Ubuntu_0_0_0).searchEmptySpaceForVertBaffle(innerPartsSlotMatrix, row, col, numRows) against vertBaffleStubs stubs"/>
  <testcase name="searchEmptySpaceForVertBaffle(innerPartsSlotMatrix, row, col, numRows) against vertBaffleStubs stubs true for vertical baffle/beam = true, false for vertical baffle/beam = false or if no part slots are available    " time="0.001" classname="Firefox_48_0_0_(Ubuntu_0_0_0).searchEmptySpaceForVertBaffle(innerPartsSlotMatrix, row, col, numRows) against vertBaffleStubs stubs"/>
  <testcase name="searchEmptySpaceForVertBaffle(innerPartsSlotMatrix, row, col, numRows) against vertBaffleStubs stubs true for vertical baffle/beam = true, false for vertical baffle/beam = false or if no part slots are available     " time="0.001" classname="Firefox_48_0_0_(Ubuntu_0_0_0).searchEmptySpaceForVertBaffle(innerPartsSlotMatrix, row, col, numRows) against vertBaffleStubs stubs"/>
  <testcase name="searchEmptySpaceForVertBaffle(innerPartsSlotMatrix, row, col, numRows) against vertBaffleStubs stubs true for vertical baffle/beam = true, false for vertical baffle/beam = false or if no part slots are available      " time="0.001" classname="Firefox_48_0_0_(Ubuntu_0_0_0).searchEmptySpaceForVertBaffle(innerPartsSlotMatrix, row, col, numRows) against vertBaffleStubs stubs"/>
  <testcase name="searchEmptySpaceForVertBaffle(innerPartsSlotMatrix, row, col, numRows) against vertBaffleStubs stubs true for vertical baffle/beam = true, false for vertical baffle/beam = false or if no part slots are available       " time="0.007" classname="Firefox_48_0_0_(Ubuntu_0_0_0).searchEmptySpaceForVertBaffle(innerPartsSlotMatrix, row, col, numRows) against vertBaffleStubs stubs"/>
  <testcase name="searchEmptySpaceForVertBaffle(innerPartsSlotMatrix, row, col, numRows) against vertBaffleStubs stubs true for vertical baffle/beam = true, false for vertical baffle/beam = false or if no part slots are available        " time="0.001" classname="Firefox_48_0_0_(Ubuntu_0_0_0).searchEmptySpaceForVertBaffle(innerPartsSlotMatrix, row, col, numRows) against vertBaffleStubs stubs"/>
  <testcase name="searchEmptySpaceForVertBaffle(innerPartsSlotMatrix, row, col, numRows) against vertBaffleStubs stubs true for vertical baffle/beam = true, false for vertical baffle/beam = false or if no part slots are available         " time="0.001" classname="Firefox_48_0_0_(Ubuntu_0_0_0).searchEmptySpaceForVertBaffle(innerPartsSlotMatrix, row, col, numRows) against vertBaffleStubs stubs"/>
  <testcase name="searchEmptySpaceForVertBaffle(innerPartsSlotMatrix, row, col, numRows) against vertBaffleStubs stubs true for vertical baffle/beam = true, false for vertical baffle/beam = false or if no part slots are available          " time="0.006" classname="Firefox_48_0_0_(Ubuntu_0_0_0).searchEmptySpaceForVertBaffle(innerPartsSlotMatrix, row, col, numRows) against vertBaffleStubs stubs"/>
  <testcase name="searchEmptySpaceForVertBaffle(innerPartsSlotMatrix, row, col, numRows) against vertBaffleStubs stubs true for vertical baffle/beam = true, false for vertical baffle/beam = false or if no part slots are available           " time="0.002" classname="Firefox_48_0_0_(Ubuntu_0_0_0).searchEmptySpaceForVertBaffle(innerPartsSlotMatrix, row, col, numRows) against vertBaffleStubs stubs"/>
  <testcase name="searchEmptySpaceForVertBaffle(innerPartsSlotMatrix, row, col, numRows) against vertBaffleStubs stubs true for vertical baffle/beam = true, false for vertical baffle/beam = false or if no part slots are available            " time="0.004" classname="Firefox_48_0_0_(Ubuntu_0_0_0).searchEmptySpaceForVertBaffle(innerPartsSlotMatrix, row, col, numRows) against vertBaffleStubs stubs"/>
  <testcase name="searchEmptySpaceForVertBaffle(innerPartsSlotMatrix, row, col, numRows) against vertBaffleStubs stubs true for vertical baffle/beam = true, false for vertical baffle/beam = false or if no part slots are available             " time="0.001" classname="Firefox_48_0_0_(Ubuntu_0_0_0).searchEmptySpaceForVertBaffle(innerPartsSlotMatrix, row, col, numRows) against vertBaffleStubs stubs"/>
  <testcase name="searchEmptySpaceForVertBaffle(innerPartsSlotMatrix, row, col, numRows) against vertBaffleStubs stubs true for vertical baffle/beam = true, false for vertical baffle/beam = false or if no part slots are available              " time="0.001" classname="Firefox_48_0_0_(Ubuntu_0_0_0).searchEmptySpaceForVertBaffle(innerPartsSlotMatrix, row, col, numRows) against vertBaffleStubs stubs"/>
  <testcase name="searchEmptySpaceForVertBaffle(innerPartsSlotMatrix, row, col, numRows) against vertBaffleStubs stubs true for vertical baffle/beam = true, false for vertical baffle/beam = false or if no part slots are available               " time="0.001" classname="Firefox_48_0_0_(Ubuntu_0_0_0).searchEmptySpaceForVertBaffle(innerPartsSlotMatrix, row, col, numRows) against vertBaffleStubs stubs"/>
  <testcase name="searchEmptySpaceForVertBaffle(innerPartsSlotMatrix, row, col, numRows) against vertBaffleStubs stubs true for vertical baffle/beam = true, false for vertical baffle/beam = false or if no part slots are available                " time="0.003" classname="Firefox_48_0_0_(Ubuntu_0_0_0).searchEmptySpaceForVertBaffle(innerPartsSlotMatrix, row, col, numRows) against vertBaffleStubs stubs"/>
  <testcase name="searchEmptySpaceForVertBaffle(innerPartsSlotMatrix, row, col, numRows) against vertBaffleStubs stubs true for vertical baffle/beam = true, false for vertical baffle/beam = false or if no part slots are available                 " time="0.004" classname="Firefox_48_0_0_(Ubuntu_0_0_0).searchEmptySpaceForVertBaffle(innerPartsSlotMatrix, row, col, numRows) against vertBaffleStubs stubs"/>
  <testcase name="searchEmptySpaceForVertBaffle(innerPartsSlotMatrix, row, col, numRows) against vertBaffleStubs stubs true for vertical baffle/beam = true, false for vertical baffle/beam = false or if no part slots are available                  " time="0.002" classname="Firefox_48_0_0_(Ubuntu_0_0_0).searchEmptySpaceForVertBaffle(innerPartsSlotMatrix, row, col, numRows) against vertBaffleStubs stubs"/>
  <testcase name="searchEmptySpaceForVertBaffle(innerPartsSlotMatrix, row, col, numRows) against vertBaffleStubs stubs true for vertical baffle/beam = true, false for vertical baffle/beam = false or if no part slots are available                   " time="0.002" classname="Firefox_48_0_0_(Ubuntu_0_0_0).searchEmptySpaceForVertBaffle(innerPartsSlotMatrix, row, col, numRows) against vertBaffleStubs stubs"/>
  <testcase name="searchEmptySpaceForVertBaffle(innerPartsSlotMatrix, row, col, numRows) against vertBaffleStubs stubs true for vertical baffle/beam = true, false for vertical baffle/beam = false or if no part slots are available                    " time="0.005" classname="Firefox_48_0_0_(Ubuntu_0_0_0).searchEmptySpaceForVertBaffle(innerPartsSlotMatrix, row, col, numRows) against vertBaffleStubs stubs"/>
  <testcase name="searchEmptySpaceForVertBaffle(innerPartsSlotMatrix, row, col, numRows) against vertBaffleStubs stubs true for vertical baffle/beam = true, false for vertical baffle/beam = false or if no part slots are available                     " time="0.007" classname="Firefox_48_0_0_(Ubuntu_0_0_0).searchEmptySpaceForVertBaffle(innerPartsSlotMatrix, row, col, numRows) against vertBaffleStubs stubs"/>
  <testcase name="searchEmptySpaceForVertBaffle(innerPartsSlotMatrix, row, col, numRows) against vertBaffleStubs stubs true for vertical baffle/beam = true, false for vertical baffle/beam = false or if no part slots are available                      " time="0.004" classname="Firefox_48_0_0_(Ubuntu_0_0_0).searchEmptySpaceForVertBaffle(innerPartsSlotMatrix, row, col, numRows) against vertBaffleStubs stubs"/>
  <testcase name="searchEmptySpaceForVertBaffle(innerPartsSlotMatrix, row, col, numRows) against vertBaffleStubs stubs true for vertical baffle/beam = true, false for vertical baffle/beam = false or if no part slots are available                       " time="0.01" classname="Firefox_48_0_0_(Ubuntu_0_0_0).searchEmptySpaceForVertBaffle(innerPartsSlotMatrix, row, col, numRows) against vertBaffleStubs stubs"/>
  <testcase name="searchEmptySpaceForVertBaffle(innerPartsSlotMatrix, row, col, numRows) against vertBaffleStubs stubs true for vertical baffle/beam = true, false for vertical baffle/beam = false or if no part slots are available                        " time="0.006" classname="Firefox_48_0_0_(Ubuntu_0_0_0).searchEmptySpaceForVertBaffle(innerPartsSlotMatrix, row, col, numRows) against vertBaffleStubs stubs"/>
  <testcase name="searchEmptySpaceForVertBaffle(innerPartsSlotMatrix, row, col, numRows) against vertBaffleStubs stubs true for vertical baffle/beam = true, false for vertical baffle/beam = false or if no part slots are available                         " time="0.001" classname="Firefox_48_0_0_(Ubuntu_0_0_0).searchEmptySpaceForVertBaffle(innerPartsSlotMatrix, row, col, numRows) against vertBaffleStubs stubs"/>
  <testcase name="searchEmptySpaceForVertBaffle(innerPartsSlotMatrix, row, col, numRows) against vertBaffleStubs stubs true for vertical baffle/beam = true, false for vertical baffle/beam = false or if no part slots are available                          " time="0.001" classname="Firefox_48_0_0_(Ubuntu_0_0_0).searchEmptySpaceForVertBaffle(innerPartsSlotMatrix, row, col, numRows) against vertBaffleStubs stubs"/>
  <testcase name="searchEmptySpaceForVertBaffle(innerPartsSlotMatrix, row, col, numRows) against vertBaffleStubs stubs true for vertical baffle/beam = true, false for vertical baffle/beam = false or if no part slots are available                           " time="0.01" classname="Firefox_48_0_0_(Ubuntu_0_0_0).searchEmptySpaceForVertBaffle(innerPartsSlotMatrix, row, col, numRows) against vertBaffleStubs stubs"/>
  <testcase name="searchEmptySpaceForVertBaffle(innerPartsSlotMatrix, row, col, numRows) against vertBaffleStubs stubs true for vertical baffle/beam = true, false for vertical baffle/beam = false or if no part slots are available                            " time="0.003" classname="Firefox_48_0_0_(Ubuntu_0_0_0).searchEmptySpaceForVertBaffle(innerPartsSlotMatrix, row, col, numRows) against vertBaffleStubs stubs"/>
  <testcase name="searchEmptySpaceForVertBaffle(innerPartsSlotMatrix, row, col, numRows) against vertBaffleStubs stubs true for vertical baffle/beam = true, false for vertical baffle/beam = false or if no part slots are available                             " time="0" classname="Firefox_48_0_0_(Ubuntu_0_0_0).searchEmptySpaceForVertBaffle(innerPartsSlotMatrix, row, col, numRows) against vertBaffleStubs stubs"/>
  <testcase name="searchEmptySpaceForVertBaffle(innerPartsSlotMatrix, row, col, numRows) against vertBaffleStubs stubs true for vertical baffle/beam = true, false for vertical baffle/beam = false or if no part slots are available                              " time="0.001" classname="Firefox_48_0_0_(Ubuntu_0_0_0).searchEmptySpaceForVertBaffle(innerPartsSlotMatrix, row, col, numRows) against vertBaffleStubs stubs"/>
  <testcase name="searchEmptySpaceForVertBaffle(innerPartsSlotMatrix, row, col, numRows) against vertBaffleStubs stubs true for vertical baffle/beam = true, false for vertical baffle/beam = false or if no part slots are available                               " time="0.001" classname="Firefox_48_0_0_(Ubuntu_0_0_0).searchEmptySpaceForVertBaffle(innerPartsSlotMatrix, row, col, numRows) against vertBaffleStubs stubs"/>
  <testcase name="searchEmptySpaceForVertBaffle(innerPartsSlotMatrix, row, col, numRows) against vertBaffleStubs stubs true for vertical baffle/beam = true, false for vertical baffle/beam = false or if no part slots are available                                " time="0.012" classname="Firefox_48_0_0_(Ubuntu_0_0_0).searchEmptySpaceForVertBaffle(innerPartsSlotMatrix, row, col, numRows) against vertBaffleStubs stubs"/>
  <testcase name="searchEmptySpaceForVertBaffle(innerPartsSlotMatrix, row, col, numRows) against vertBaffleStubs stubs true for vertical baffle/beam = true, false for vertical baffle/beam = false or if no part slots are available                                 " time="0.003" classname="Firefox_48_0_0_(Ubuntu_0_0_0).searchEmptySpaceForVertBaffle(innerPartsSlotMatrix, row, col, numRows) against vertBaffleStubs stubs"/>
  <testcase name="searchEmptySpaceForVertBaffle(innerPartsSlotMatrix, row, col, numRows) against vertBaffleStubs stubs true for vertical baffle/beam = true, false for vertical baffle/beam = false or if no part slots are available                                  " time="0.009" classname="Firefox_48_0_0_(Ubuntu_0_0_0).searchEmptySpaceForVertBaffle(innerPartsSlotMatrix, row, col, numRows) against vertBaffleStubs stubs"/>
  <testcase name="searchEmptySpaceForVertBaffle(innerPartsSlotMatrix, row, col, numRows) against vertBaffleStubs stubs true for vertical baffle/beam = true, false for vertical baffle/beam = false or if no part slots are available                                   " time="0.004" classname="Firefox_48_0_0_(Ubuntu_0_0_0).searchEmptySpaceForVertBaffle(innerPartsSlotMatrix, row, col, numRows) against vertBaffleStubs stubs"/>
  <testcase name="searchEmptySpaceForVertBaffle(innerPartsSlotMatrix, row, col, numRows) against vertBaffleStubs stubs true for vertical baffle/beam = true, false for vertical baffle/beam = false or if no part slots are available                                    " time="0.001" classname="Firefox_48_0_0_(Ubuntu_0_0_0).searchEmptySpaceForVertBaffle(innerPartsSlotMatrix, row, col, numRows) against vertBaffleStubs stubs"/>
  <testcase name="searchEmptySpaceForVertBaffle(innerPartsSlotMatrix, row, col, numRows) against vertBaffleStubs stubs true for vertical baffle/beam = true, false for vertical baffle/beam = false or if no part slots are available                                     " time="0.004" classname="Firefox_48_0_0_(Ubuntu_0_0_0).searchEmptySpaceForVertBaffle(innerPartsSlotMatrix, row, col, numRows) against vertBaffleStubs stubs"/>
  <testcase name="searchEmptySpaceForVertBaffle(innerPartsSlotMatrix, row, col, numRows) against vertBaffleStubs stubs true for vertical baffle/beam = true, false for vertical baffle/beam = false or if no part slots are available                                      " time="0.001" classname="Firefox_48_0_0_(Ubuntu_0_0_0).searchEmptySpaceForVertBaffle(innerPartsSlotMatrix, row, col, numRows) against vertBaffleStubs stubs"/>
  <testcase name="searchEmptySpaceForVertBaffle(innerPartsSlotMatrix, row, col, numRows) against vertBaffleStubs stubs true for vertical baffle/beam = true, false for vertical baffle/beam = false or if no part slots are available                                       " time="0.001" classname="Firefox_48_0_0_(Ubuntu_0_0_0).searchEmptySpaceForVertBaffle(innerPartsSlotMatrix, row, col, numRows) against vertBaffleStubs stubs"/>
  <testcase name="searchEmptySpaceForVertBaffle(innerPartsSlotMatrix, row, col, numRows) against vertBaffleStubs stubs true for vertical baffle/beam = true, false for vertical baffle/beam = false or if no part slots are available                                        " time="0.004" classname="Firefox_48_0_0_(Ubuntu_0_0_0).searchEmptySpaceForVertBaffle(innerPartsSlotMatrix, row, col, numRows) against vertBaffleStubs stubs"/>
  <testcase name="searchEmptySpaceForVertBaffle(innerPartsSlotMatrix, row, col, numRows) against vertBaffleStubs stubs true for vertical baffle/beam = true, false for vertical baffle/beam = false or if no part slots are available                                         " time="0.001" classname="Firefox_48_0_0_(Ubuntu_0_0_0).searchEmptySpaceForVertBaffle(innerPartsSlotMatrix, row, col, numRows) against vertBaffleStubs stubs"/>
  <testcase name="searchEmptySpaceForVertBaffle(innerPartsSlotMatrix, row, col, numRows) against vertBaffleStubs stubs true for vertical baffle/beam = true, false for vertical baffle/beam = false or if no part slots are available                                          " time="0.004" classname="Firefox_48_0_0_(Ubuntu_0_0_0).searchEmptySpaceForVertBaffle(innerPartsSlotMatrix, row, col, numRows) against vertBaffleStubs stubs"/>
  <testcase name="searchEmptySpaceForVertBaffle(innerPartsSlotMatrix, row, col, numRows) against vertBaffleStubs stubs true for vertical baffle/beam = true, false for vertical baffle/beam = false or if no part slots are available                                           " time="0.001" classname="Firefox_48_0_0_(Ubuntu_0_0_0).searchEmptySpaceForVertBaffle(innerPartsSlotMatrix, row, col, numRows) against vertBaffleStubs stubs"/>
  <testcase name="searchEmptySpaceForVertBaffle(innerPartsSlotMatrix, row, col, numRows) against vertBeamStubs stubs true for vertical beam = true, false for vertical beam = false or if no part slots ar available" time="0.001" classname="Firefox_48_0_0_(Ubuntu_0_0_0).searchEmptySpaceForVertBaffle(innerPartsSlotMatrix, row, col, numRows) against vertBeamStubs stubs"/>
  <testcase name="searchEmptySpaceForVertBaffle(innerPartsSlotMatrix, row, col, numRows) against vertBeamStubs stubs true for vertical beam = true, false for vertical beam = false or if no part slots ar available " time="0.005" classname="Firefox_48_0_0_(Ubuntu_0_0_0).searchEmptySpaceForVertBaffle(innerPartsSlotMatrix, row, col, numRows) against vertBeamStubs stubs"/>
  <testcase name="searchEmptySpaceForVertBaffle(innerPartsSlotMatrix, row, col, numRows) against vertBeamStubs stubs true for vertical beam = true, false for vertical beam = false or if no part slots ar available  " time="0.002" classname="Firefox_48_0_0_(Ubuntu_0_0_0).searchEmptySpaceForVertBaffle(innerPartsSlotMatrix, row, col, numRows) against vertBeamStubs stubs"/>
  <testcase name="searchEmptySpaceForVertBaffle(innerPartsSlotMatrix, row, col, numRows) against vertBeamStubs stubs true for vertical beam = true, false for vertical beam = false or if no part slots ar available   " time="0.003" classname="Firefox_48_0_0_(Ubuntu_0_0_0).searchEmptySpaceForVertBaffle(innerPartsSlotMatrix, row, col, numRows) against vertBeamStubs stubs"/>
  <testcase name="searchEmptySpaceForVertBaffle(innerPartsSlotMatrix, row, col, numRows) against vertBeamStubs stubs true for vertical beam = true, false for vertical beam = false or if no part slots ar available    " time="0.001" classname="Firefox_48_0_0_(Ubuntu_0_0_0).searchEmptySpaceForVertBaffle(innerPartsSlotMatrix, row, col, numRows) against vertBeamStubs stubs"/>
  <testcase name="searchEmptySpaceForVertBaffle(innerPartsSlotMatrix, row, col, numRows) against vertBeamStubs stubs true for vertical beam = true, false for vertical beam = false or if no part slots ar available     " time="0.001" classname="Firefox_48_0_0_(Ubuntu_0_0_0).searchEmptySpaceForVertBaffle(innerPartsSlotMatrix, row, col, numRows) against vertBeamStubs stubs"/>
  <testcase name="searchEmptySpaceForVertBaffle(innerPartsSlotMatrix, row, col, numRows) against vertBeamStubs stubs true for vertical beam = true, false for vertical beam = false or if no part slots ar available      " time="0" classname="Firefox_48_0_0_(Ubuntu_0_0_0).searchEmptySpaceForVertBaffle(innerPartsSlotMatrix, row, col, numRows) against vertBeamStubs stubs"/>
  <testcase name="searchEmptySpaceForVertBaffle(innerPartsSlotMatrix, row, col, numRows) against vertBeamStubs stubs true for vertical beam = true, false for vertical beam = false or if no part slots ar available       " time="0.004" classname="Firefox_48_0_0_(Ubuntu_0_0_0).searchEmptySpaceForVertBaffle(innerPartsSlotMatrix, row, col, numRows) against vertBeamStubs stubs"/>
  <testcase name="searchEmptySpaceForVertBaffle(innerPartsSlotMatrix, row, col, numRows) against vertBeamStubs stubs true for vertical beam = true, false for vertical beam = false or if no part slots ar available        " time="0.001" classname="Firefox_48_0_0_(Ubuntu_0_0_0).searchEmptySpaceForVertBaffle(innerPartsSlotMatrix, row, col, numRows) against vertBeamStubs stubs"/>
  <testcase name="searchEmptySpaceForVertBaffle(innerPartsSlotMatrix, row, col, numRows) against vertBeamStubs stubs true for vertical beam = true, false for vertical beam = false or if no part slots ar available         " time="0.003" classname="Firefox_48_0_0_(Ubuntu_0_0_0).searchEmptySpaceForVertBaffle(innerPartsSlotMatrix, row, col, numRows) against vertBeamStubs stubs"/>
  <testcase name="searchEmptySpaceForVertBaffle(innerPartsSlotMatrix, row, col, numRows) against vertBeamStubs stubs true for vertical beam = true, false for vertical beam = false or if no part slots ar available          " time="0.003" classname="Firefox_48_0_0_(Ubuntu_0_0_0).searchEmptySpaceForVertBaffle(innerPartsSlotMatrix, row, col, numRows) against vertBeamStubs stubs"/>
  <testcase name="searchEmptySpaceForVertBaffle(innerPartsSlotMatrix, row, col, numRows) against vertBeamStubs stubs true for vertical beam = true, false for vertical beam = false or if no part slots ar available           " time="0.001" classname="Firefox_48_0_0_(Ubuntu_0_0_0).searchEmptySpaceForVertBaffle(innerPartsSlotMatrix, row, col, numRows) against vertBeamStubs stubs"/>
  <testcase name="searchEmptySpaceForVertBaffle(innerPartsSlotMatrix, row, col, numRows) against vertBeamStubs stubs true for vertical beam = true, false for vertical beam = false or if no part slots ar available            " time="0.001" classname="Firefox_48_0_0_(Ubuntu_0_0_0).searchEmptySpaceForVertBaffle(innerPartsSlotMatrix, row, col, numRows) against vertBeamStubs stubs"/>
  <testcase name="searchEmptySpaceForVertBaffle(innerPartsSlotMatrix, row, col, numRows) against vertBeamStubs stubs true for vertical beam = true, false for vertical beam = false or if no part slots ar available             " time="0" classname="Firefox_48_0_0_(Ubuntu_0_0_0).searchEmptySpaceForVertBaffle(innerPartsSlotMatrix, row, col, numRows) against vertBeamStubs stubs"/>
  <testcase name="searchEmptySpaceForVertBaffle(innerPartsSlotMatrix, row, col, numRows) against vertBeamStubs stubs true for vertical beam = true, false for vertical beam = false or if no part slots ar available              " time="0.002" classname="Firefox_48_0_0_(Ubuntu_0_0_0).searchEmptySpaceForVertBaffle(innerPartsSlotMatrix, row, col, numRows) against vertBeamStubs stubs"/>
  <testcase name="searchEmptySpaceForVertBaffle(innerPartsSlotMatrix, row, col, numRows) against vertBeamStubs stubs true for vertical beam = true, false for vertical beam = false or if no part slots ar available               " time="0.003" classname="Firefox_48_0_0_(Ubuntu_0_0_0).searchEmptySpaceForVertBaffle(innerPartsSlotMatrix, row, col, numRows) against vertBeamStubs stubs"/>
  <testcase name="searchEmptySpaceForVertBaffle(innerPartsSlotMatrix, row, col, numRows) against vertBeamStubs stubs true for vertical beam = true, false for vertical beam = false or if no part slots ar available                " time="0" classname="Firefox_48_0_0_(Ubuntu_0_0_0).searchEmptySpaceForVertBaffle(innerPartsSlotMatrix, row, col, numRows) against vertBeamStubs stubs"/>
  <testcase name="searchEmptySpaceForVertBaffle(innerPartsSlotMatrix, row, col, numRows) against vertBeamStubs stubs true for vertical beam = true, false for vertical beam = false or if no part slots ar available                 " time="0.006" classname="Firefox_48_0_0_(Ubuntu_0_0_0).searchEmptySpaceForVertBaffle(innerPartsSlotMatrix, row, col, numRows) against vertBeamStubs stubs"/>
  <testcase name="searchEmptySpaceForVertBaffle(innerPartsSlotMatrix, row, col, numRows) against vertBeamStubs stubs true for vertical beam = true, false for vertical beam = false or if no part slots ar available                  " time="0.005" classname="Firefox_48_0_0_(Ubuntu_0_0_0).searchEmptySpaceForVertBaffle(innerPartsSlotMatrix, row, col, numRows) against vertBeamStubs stubs"/>
  <testcase name="searchEmptySpaceForVertBaffle(innerPartsSlotMatrix, row, col, numRows) against vertBeamStubs stubs true for vertical beam = true, false for vertical beam = false or if no part slots ar available                   " time="0.004" classname="Firefox_48_0_0_(Ubuntu_0_0_0).searchEmptySpaceForVertBaffle(innerPartsSlotMatrix, row, col, numRows) against vertBeamStubs stubs"/>
  <testcase name="searchEmptySpaceForVertBaffle(innerPartsSlotMatrix, row, col, numRows) against vertBeamStubs stubs true for vertical beam = true, false for vertical beam = false or if no part slots ar available                    " time="0.001" classname="Firefox_48_0_0_(Ubuntu_0_0_0).searchEmptySpaceForVertBaffle(innerPartsSlotMatrix, row, col, numRows) against vertBeamStubs stubs"/>
  <testcase name="searchEmptySpaceForVertBaffle(innerPartsSlotMatrix, row, col, numRows) against vertBeamStubs stubs true for vertical beam = true, false for vertical beam = false or if no part slots ar available                     " time="0.005" classname="Firefox_48_0_0_(Ubuntu_0_0_0).searchEmptySpaceForVertBaffle(innerPartsSlotMatrix, row, col, numRows) against vertBeamStubs stubs"/>
  <testcase name="searchEmptySpaceForHorzBeam(innerPartsSlotMatrix, row, col, numCols) The new matrix should have changed cols as given in the params" time="0.003" classname="Firefox_48_0_0_(Ubuntu_0_0_0).searchEmptySpaceForHorzBeam(innerPartsSlotMatrix, row, col, numCols)"/>
  <testcase name="searchEmptySpaceForHorzBeam(innerPartsSlotMatrix, row, col, numCols) The new matrix should have changed cols as given in the params " time="0.003" classname="Firefox_48_0_0_(Ubuntu_0_0_0).searchEmptySpaceForHorzBeam(innerPartsSlotMatrix, row, col, numCols)"/>
  <testcase name="searchEmptySpaceForHorzBeam(innerPartsSlotMatrix, row, col, numCols) The new matrix should have changed cols as given in the params  " time="0.004" classname="Firefox_48_0_0_(Ubuntu_0_0_0).searchEmptySpaceForHorzBeam(innerPartsSlotMatrix, row, col, numCols)"/>
  <testcase name="searchEmptySpaceForHorzBeam(innerPartsSlotMatrix, row, col, numCols) The new matrix should have changed cols as given in the params   " time="0.002" classname="Firefox_48_0_0_(Ubuntu_0_0_0).searchEmptySpaceForHorzBeam(innerPartsSlotMatrix, row, col, numCols)"/>
  <testcase name="searchEmptySpaceForHorzBeam(innerPartsSlotMatrix, row, col, numCols) The new matrix should have changed cols as given in the params    " time="0.004" classname="Firefox_48_0_0_(Ubuntu_0_0_0).searchEmptySpaceForHorzBeam(innerPartsSlotMatrix, row, col, numCols)"/>
  <testcase name="searchEmptySpaceForHorzBeam(innerPartsSlotMatrix, row, col, numCols) The new matrix should have changed cols as given in the params     " time="0.003" classname="Firefox_48_0_0_(Ubuntu_0_0_0).searchEmptySpaceForHorzBeam(innerPartsSlotMatrix, row, col, numCols)"/>
  <testcase name="searchEmptySpaceForHorzBeam(innerPartsSlotMatrix, row, col, numCols) The new matrix should have changed cols as given in the params      " time="0.007" classname="Firefox_48_0_0_(Ubuntu_0_0_0).searchEmptySpaceForHorzBeam(innerPartsSlotMatrix, row, col, numCols)"/>
  <testcase name="searchEmptySpaceForHorzBeam(innerPartsSlotMatrix, row, col, numCols) The new matrix should have changed cols as given in the params       " time="0.001" classname="Firefox_48_0_0_(Ubuntu_0_0_0).searchEmptySpaceForHorzBeam(innerPartsSlotMatrix, row, col, numCols)"/>
  <testcase name="searchEmptySpaceForHorzBeam(innerPartsSlotMatrix, row, col, numCols) The new matrix should have changed cols as given in the params        " time="0.008" classname="Firefox_48_0_0_(Ubuntu_0_0_0).searchEmptySpaceForHorzBeam(innerPartsSlotMatrix, row, col, numCols)"/>
  <testcase name="searchEmptySpaceForHorzBeam(innerPartsSlotMatrix, row, col, numCols) The new matrix should have changed cols as given in the params         " time="0.001" classname="Firefox_48_0_0_(Ubuntu_0_0_0).searchEmptySpaceForHorzBeam(innerPartsSlotMatrix, row, col, numCols)"/>
  <testcase name="searchEmptySpaceForHorzBeam(innerPartsSlotMatrix, row, col, numCols) The new matrix should have changed cols as given in the params          " time="0.003" classname="Firefox_48_0_0_(Ubuntu_0_0_0).searchEmptySpaceForHorzBeam(innerPartsSlotMatrix, row, col, numCols)"/>
  <testcase name="searchEmptySpaceForHorzBeam(innerPartsSlotMatrix, row, col, numCols) The new matrix should have changed cols as given in the params           " time="0.002" classname="Firefox_48_0_0_(Ubuntu_0_0_0).searchEmptySpaceForHorzBeam(innerPartsSlotMatrix, row, col, numCols)"/>
  <testcase name="searchEmptySpaceForHorzBeam(innerPartsSlotMatrix, row, col, numCols) The new matrix should have changed cols as given in the params            " time="0.004" classname="Firefox_48_0_0_(Ubuntu_0_0_0).searchEmptySpaceForHorzBeam(innerPartsSlotMatrix, row, col, numCols)"/>
  <testcase name="searchEmptySpaceForHorzBeam(innerPartsSlotMatrix, row, col, numCols) The new matrix should have changed cols as given in the params             " time="0.002" classname="Firefox_48_0_0_(Ubuntu_0_0_0).searchEmptySpaceForHorzBeam(innerPartsSlotMatrix, row, col, numCols)"/>
  <testcase name="searchHorzBflAbove(innerPartsSlotMatrix, row, col, numCols) The new matrix should have changed rows as given in the params" time="0.003" classname="Firefox_48_0_0_(Ubuntu_0_0_0).searchHorzBflAbove(innerPartsSlotMatrix, row, col, numCols)"/>
  <testcase name="searchHorzBflAbove(innerPartsSlotMatrix, row, col, numCols) The new matrix should have changed rows as given in the params " time="0.003" classname="Firefox_48_0_0_(Ubuntu_0_0_0).searchHorzBflAbove(innerPartsSlotMatrix, row, col, numCols)"/>
  <testcase name="searchHorzBflAbove(innerPartsSlotMatrix, row, col, numCols) The new matrix should have changed rows as given in the params  " time="0.003" classname="Firefox_48_0_0_(Ubuntu_0_0_0).searchHorzBflAbove(innerPartsSlotMatrix, row, col, numCols)"/>
  <testcase name="searchHorzBflAbove(innerPartsSlotMatrix, row, col, numCols) The new matrix should have changed rows as given in the params   " time="0.001" classname="Firefox_48_0_0_(Ubuntu_0_0_0).searchHorzBflAbove(innerPartsSlotMatrix, row, col, numCols)"/>
  <testcase name="searchHorzBflAbove(innerPartsSlotMatrix, row, col, numCols) The new matrix should have changed rows as given in the params    " time="0.001" classname="Firefox_48_0_0_(Ubuntu_0_0_0).searchHorzBflAbove(innerPartsSlotMatrix, row, col, numCols)"/>
  <testcase name="searchHorzBflAbove(innerPartsSlotMatrix, row, col, numCols) The new matrix should have changed rows as given in the params     " time="0.001" classname="Firefox_48_0_0_(Ubuntu_0_0_0).searchHorzBflAbove(innerPartsSlotMatrix, row, col, numCols)"/>
  <testcase name="searchHorzBflAbove(innerPartsSlotMatrix, row, col, numCols) The new matrix should have changed rows as given in the params      " time="0.001" classname="Firefox_48_0_0_(Ubuntu_0_0_0).searchHorzBflAbove(innerPartsSlotMatrix, row, col, numCols)"/>
  <testcase name="searchHorzBflAbove(innerPartsSlotMatrix, row, col, numCols) The new matrix should have changed rows as given in the params       " time="0.002" classname="Firefox_48_0_0_(Ubuntu_0_0_0).searchHorzBflAbove(innerPartsSlotMatrix, row, col, numCols)"/>
  <testcase name="searchHorzBflAbove(innerPartsSlotMatrix, row, col, numCols) The new matrix should have changed rows as given in the params        " time="0.003" classname="Firefox_48_0_0_(Ubuntu_0_0_0).searchHorzBflAbove(innerPartsSlotMatrix, row, col, numCols)"/>
  <testcase name="searchHorzBflAbove(innerPartsSlotMatrix, row, col, numCols) The new matrix should have changed rows as given in the params         " time="0.001" classname="Firefox_48_0_0_(Ubuntu_0_0_0).searchHorzBflAbove(innerPartsSlotMatrix, row, col, numCols)"/>
  <testcase name="searchHorzBflAbove(innerPartsSlotMatrix, row, col, numCols) The new matrix should have changed rows as given in the params          " time="0.011" classname="Firefox_48_0_0_(Ubuntu_0_0_0).searchHorzBflAbove(innerPartsSlotMatrix, row, col, numCols)"/>
  <testcase name="searchHorzBflAbove(innerPartsSlotMatrix, row, col, numCols) The new matrix should have changed rows as given in the params           " time="0.004" classname="Firefox_48_0_0_(Ubuntu_0_0_0).searchHorzBflAbove(innerPartsSlotMatrix, row, col, numCols)"/>
  <testcase name="searchHorzBflAbove(innerPartsSlotMatrix, row, col, numCols) The new matrix should have changed rows as given in the params            " time="0.005" classname="Firefox_48_0_0_(Ubuntu_0_0_0).searchHorzBflAbove(innerPartsSlotMatrix, row, col, numCols)"/>
  <testcase name="searchHorzBflAbove(innerPartsSlotMatrix, row, col, numCols) The new matrix should have changed rows as given in the params             " time="0.001" classname="Firefox_48_0_0_(Ubuntu_0_0_0).searchHorzBflAbove(innerPartsSlotMatrix, row, col, numCols)"/>
  <testcase name="searchHorzBflAbove(innerPartsSlotMatrix, row, col, numCols) The new matrix should have changed rows as given in the params              " time="0.001" classname="Firefox_48_0_0_(Ubuntu_0_0_0).searchHorzBflAbove(innerPartsSlotMatrix, row, col, numCols)"/>
  <testcase name="searchHorzBflAbove(innerPartsSlotMatrix, row, col, numCols) The new matrix should have changed rows as given in the params               " time="0.003" classname="Firefox_48_0_0_(Ubuntu_0_0_0).searchHorzBflAbove(innerPartsSlotMatrix, row, col, numCols)"/>
  <testcase name="searchHorzBflAbove(innerPartsSlotMatrix, row, col, numCols) The new matrix should have changed rows as given in the params                " time="0.004" classname="Firefox_48_0_0_(Ubuntu_0_0_0).searchHorzBflAbove(innerPartsSlotMatrix, row, col, numCols)"/>
  <testcase name="searchHorzBflAbove(innerPartsSlotMatrix, row, col, numCols) The new matrix should have changed rows as given in the params                 " time="0.001" classname="Firefox_48_0_0_(Ubuntu_0_0_0).searchHorzBflAbove(innerPartsSlotMatrix, row, col, numCols)"/>
  <testcase name="searchHorzBflAbove(innerPartsSlotMatrix, row, col, numCols) The new matrix should have changed rows as given in the params                  " time="0.001" classname="Firefox_48_0_0_(Ubuntu_0_0_0).searchHorzBflAbove(innerPartsSlotMatrix, row, col, numCols)"/>
  <testcase name="searchHorzBflAbove(innerPartsSlotMatrix, row, col, numCols) The new matrix should have changed rows as given in the params                   " time="0.009" classname="Firefox_48_0_0_(Ubuntu_0_0_0).searchHorzBflAbove(innerPartsSlotMatrix, row, col, numCols)"/>
  <testcase name="searchHorzBflAbove(innerPartsSlotMatrix, row, col, numCols) The new matrix should have changed rows as given in the params                    " time="0.002" classname="Firefox_48_0_0_(Ubuntu_0_0_0).searchHorzBflAbove(innerPartsSlotMatrix, row, col, numCols)"/>
  <testcase name="searchHorzBflAbove(innerPartsSlotMatrix, row, col, numCols) The new matrix should have changed rows as given in the params                     " time="0.004" classname="Firefox_48_0_0_(Ubuntu_0_0_0).searchHorzBflAbove(innerPartsSlotMatrix, row, col, numCols)"/>
  <testcase name="searchHorzBflAbove(innerPartsSlotMatrix, row, col, numCols) The new matrix should have changed rows as given in the params                      " time="0.006" classname="Firefox_48_0_0_(Ubuntu_0_0_0).searchHorzBflAbove(innerPartsSlotMatrix, row, col, numCols)"/>
  <testcase name="searchHorzBflAbove(innerPartsSlotMatrix, row, col, numCols) The new matrix should have changed rows as given in the params                       " time="0.006" classname="Firefox_48_0_0_(Ubuntu_0_0_0).searchHorzBflAbove(innerPartsSlotMatrix, row, col, numCols)"/>
  <testcase name="searchHorzBflAbove(innerPartsSlotMatrix, row, col, numCols) The new matrix should have changed rows as given in the params                        " time="0.005" classname="Firefox_48_0_0_(Ubuntu_0_0_0).searchHorzBflAbove(innerPartsSlotMatrix, row, col, numCols)"/>
  <testcase name="searchHorzBflAbove(innerPartsSlotMatrix, row, col, numCols) The new matrix should have changed rows as given in the params                         " time="0.001" classname="Firefox_48_0_0_(Ubuntu_0_0_0).searchHorzBflAbove(innerPartsSlotMatrix, row, col, numCols)"/>
  <testcase name="searchHorzBflAbove(innerPartsSlotMatrix, row, col, numCols) The new matrix should have changed rows as given in the params                          " time="0.001" classname="Firefox_48_0_0_(Ubuntu_0_0_0).searchHorzBflAbove(innerPartsSlotMatrix, row, col, numCols)"/>
  <testcase name="searchHorzBflAbove(innerPartsSlotMatrix, row, col, numCols) The new matrix should have changed rows as given in the params                           " time="0.002" classname="Firefox_48_0_0_(Ubuntu_0_0_0).searchHorzBflAbove(innerPartsSlotMatrix, row, col, numCols)"/>
  <testcase name="searchHorzBflAbove(innerPartsSlotMatrix, row, col, numCols) The new matrix should have changed rows as given in the params                            " time="0.001" classname="Firefox_48_0_0_(Ubuntu_0_0_0).searchHorzBflAbove(innerPartsSlotMatrix, row, col, numCols)"/>
  <testcase name="searchHorzBflAbove(innerPartsSlotMatrix, row, col, numCols) The new matrix should have changed rows as given in the params                             " time="0.008" classname="Firefox_48_0_0_(Ubuntu_0_0_0).searchHorzBflAbove(innerPartsSlotMatrix, row, col, numCols)"/>
  <testcase name="searchHorzBflAbove(innerPartsSlotMatrix, row, col, numCols) The new matrix should have changed rows as given in the params                              " time="0.001" classname="Firefox_48_0_0_(Ubuntu_0_0_0).searchHorzBflAbove(innerPartsSlotMatrix, row, col, numCols)"/>
  <testcase name="searchHorzBflAbove(innerPartsSlotMatrix, row, col, numCols) The new matrix should have changed rows as given in the params                               " time="0.001" classname="Firefox_48_0_0_(Ubuntu_0_0_0).searchHorzBflAbove(innerPartsSlotMatrix, row, col, numCols)"/>
  <testcase name="searchHorzBflAbove(innerPartsSlotMatrix, row, col, numCols) The new matrix should have changed rows as given in the params                                " time="0.002" classname="Firefox_48_0_0_(Ubuntu_0_0_0).searchHorzBflAbove(innerPartsSlotMatrix, row, col, numCols)"/>
  <testcase name="searchHorzBflAbove(innerPartsSlotMatrix, row, col, numCols) The new matrix should have changed rows as given in the params                                 " time="0.002" classname="Firefox_48_0_0_(Ubuntu_0_0_0).searchHorzBflAbove(innerPartsSlotMatrix, row, col, numCols)"/>
  <testcase name="searchHorzBflAbove(innerPartsSlotMatrix, row, col, numCols) The new matrix should have changed rows as given in the params                                  " time="0.001" classname="Firefox_48_0_0_(Ubuntu_0_0_0).searchHorzBflAbove(innerPartsSlotMatrix, row, col, numCols)"/>
  <testcase name="searchHorzBflBelow(innerPartsSlotMatrix, row, col, numRows, numCols) The new matrix should have changed rows as given in the params" time="0.004" classname="Firefox_48_0_0_(Ubuntu_0_0_0).searchHorzBflBelow(innerPartsSlotMatrix, row, col, numRows, numCols)"/>
  <testcase name="searchHorzBflBelow(innerPartsSlotMatrix, row, col, numRows, numCols) The new matrix should have changed rows as given in the params " time="0.001" classname="Firefox_48_0_0_(Ubuntu_0_0_0).searchHorzBflBelow(innerPartsSlotMatrix, row, col, numRows, numCols)"/>
  <testcase name="searchHorzBflBelow(innerPartsSlotMatrix, row, col, numRows, numCols) The new matrix should have changed rows as given in the params  " time="0.006" classname="Firefox_48_0_0_(Ubuntu_0_0_0).searchHorzBflBelow(innerPartsSlotMatrix, row, col, numRows, numCols)"/>
  <testcase name="searchHorzBflBelow(innerPartsSlotMatrix, row, col, numRows, numCols) The new matrix should have changed rows as given in the params   " time="0.008" classname="Firefox_48_0_0_(Ubuntu_0_0_0).searchHorzBflBelow(innerPartsSlotMatrix, row, col, numRows, numCols)"/>
  <testcase name="searchHorzBflBelow(innerPartsSlotMatrix, row, col, numRows, numCols) The new matrix should have changed rows as given in the params    " time="0.001" classname="Firefox_48_0_0_(Ubuntu_0_0_0).searchHorzBflBelow(innerPartsSlotMatrix, row, col, numRows, numCols)"/>
  <testcase name="searchHorzBflBelow(innerPartsSlotMatrix, row, col, numRows, numCols) The new matrix should have changed rows as given in the params     " time="0.006" classname="Firefox_48_0_0_(Ubuntu_0_0_0).searchHorzBflBelow(innerPartsSlotMatrix, row, col, numRows, numCols)"/>
  <testcase name="searchHorzBflBelow(innerPartsSlotMatrix, row, col, numRows, numCols) The new matrix should have changed rows as given in the params      " time="0" classname="Firefox_48_0_0_(Ubuntu_0_0_0).searchHorzBflBelow(innerPartsSlotMatrix, row, col, numRows, numCols)"/>
  <testcase name="searchHorzBflBelow(innerPartsSlotMatrix, row, col, numRows, numCols) The new matrix should have changed rows as given in the params       " time="0.005" classname="Firefox_48_0_0_(Ubuntu_0_0_0).searchHorzBflBelow(innerPartsSlotMatrix, row, col, numRows, numCols)"/>
  <testcase name="searchHorzBflBelow(innerPartsSlotMatrix, row, col, numRows, numCols) The new matrix should have changed rows as given in the params        " time="0.001" classname="Firefox_48_0_0_(Ubuntu_0_0_0).searchHorzBflBelow(innerPartsSlotMatrix, row, col, numRows, numCols)"/>
[...]
  <testcase name="getHexColor(hashString) Should calculate hex value out of CSS value          " time="0.003" classname="Firefox_48_0_0_(Ubuntu_0_0_0).getHexColor(hashString)"/>
  <testcase name="getHexColor(hashString) Should calculate hex value out of CSS value           " time="0.002" classname="Firefox_48_0_0_(Ubuntu_0_0_0).getHexColor(hashString)"/>
  <testcase name="getHexColor(hashString) Should calculate hex value out of CSS value            " time="0.003" classname="Firefox_48_0_0_(Ubuntu_0_0_0).getHexColor(hashString)"/>
  <testcase name="getHexColor(hashString) Should calculate hex value out of CSS value             " time="0.002" classname="Firefox_48_0_0_(Ubuntu_0_0_0).getHexColor(hashString)"/>
  <testcase name="getHexColor(hashString) Should calculate hex value out of CSS value              " time="0" classname="Firefox_48_0_0_(Ubuntu_0_0_0).getHexColor(hashString)"/>
  <testcase name="getHexColor(hashString) Should calculate hex value out of CSS value               " time="0.001" classname="Firefox_48_0_0_(Ubuntu_0_0_0).getHexColor(hashString)"/>
  <testcase name="getHexColor(hashString) Should calculate hex value out of CSS value                " time="0.001" classname="Firefox_48_0_0_(Ubuntu_0_0_0).getHexColor(hashString)"/>
  <testcase name="getHexColor(hashString) Should calculate hex value out of CSS value                 " time="0" classname="Firefox_48_0_0_(Ubuntu_0_0_0).getHexColor(hashString)"/>
  <testcase name="getHexColor(hashString) Should calculate hex value out of CSS value                  " time="0.001" classname="Firefox_48_0_0_(Ubuntu_0_0_0).getHexColor(hashString)"/>
  <testcase name="getHexColor(hashString) Should calculate hex value out of CSS value                   " time="0.001" classname="Firefox_48_0_0_(Ubuntu_0_0_0).getHexColor(hashString)"/>
  <testcase name="getHexColor(hashString) Should calculate hex value out of CSS value                    " time="0.003" classname="Firefox_48_0_0_(Ubuntu_0_0_0).getHexColor(hashString)"/>
  <testcase name="getHexColor(hashString) Should calculate hex value out of CSS value                     " time="0.001" classname="Firefox_48_0_0_(Ubuntu_0_0_0).getHexColor(hashString)"/>
  <testcase name="getHexColor(hashString) Should calculate hex value out of CSS value                      " time="0.001" classname="Firefox_48_0_0_(Ubuntu_0_0_0).getHexColor(hashString)"/>
  <testcase name="getHexColor(hashString) Should calculate hex value out of CSS value                       " time="0" classname="Firefox_48_0_0_(Ubuntu_0_0_0).getHexColor(hashString)"/>
  <testcase name="getColor(colorType, hashColor) Should calculate hex value out of CSS value " time="0.001" classname="Firefox_48_0_0_(Ubuntu_0_0_0).getColor(colorType, hashColor)"/>
  <testcase name="getColor(colorType, hashColor) Should calculate hex value out of CSS value  " time="0.001" classname="Firefox_48_0_0_(Ubuntu_0_0_0).getColor(colorType, hashColor)"/>
  <testcase name="getColor(colorType, hashColor) Should calculate hex value out of CSS value   " time="0.001" classname="Firefox_48_0_0_(Ubuntu_0_0_0).getColor(colorType, hashColor)"/>
  <testcase name="getColor(colorType, hashColor) Should calculate hex value out of CSS value    " time="0" classname="Firefox_48_0_0_(Ubuntu_0_0_0).getColor(colorType, hashColor)"/>
  <testcase name="getColor(colorType, hashColor) Should calculate hex value out of CSS value     " time="0.001" classname="Firefox_48_0_0_(Ubuntu_0_0_0).getColor(colorType, hashColor)"/>
  <testcase name="getColor(colorType, hashColor) Should calculate hex value out of CSS value      " time="0.002" classname="Firefox_48_0_0_(Ubuntu_0_0_0).getColor(colorType, hashColor)"/>
  <testcase name="getColor(colorType, hashColor) Should calculate hex value out of CSS value       " time="0" classname="Firefox_48_0_0_(Ubuntu_0_0_0).getColor(colorType, hashColor)"/>
  <testcase name="getDarkerStringColor(rgbString, prcnt) Should return string representation of the given percent darker color" time="0.001" classname="Firefox_48_0_0_(Ubuntu_0_0_0).getDarkerStringColor(rgbString, prcnt)"/>
  <testcase name="getDarkerStringColor(rgbString, prcnt) Should return string representation of the given percent darker color " time="0.001" classname="Firefox_48_0_0_(Ubuntu_0_0_0).getDarkerStringColor(rgbString, prcnt)"/>
  <testcase name="getDarkerStringColor(rgbString, prcnt) Should return string representation of the given percent darker color  " time="0.001" classname="Firefox_48_0_0_(Ubuntu_0_0_0).getDarkerStringColor(rgbString, prcnt)"/>
  <testcase name="getDarkerStringColor(rgbString, prcnt) Should return string representation of the given percent darker color   " time="0" classname="Firefox_48_0_0_(Ubuntu_0_0_0).getDarkerStringColor(rgbString, prcnt)"/>
  <testcase name="getDarkerStringColor(rgbString, prcnt) Should return string representation of the given percent darker color    " time="0.001" classname="Firefox_48_0_0_(Ubuntu_0_0_0).getDarkerStringColor(rgbString, prcnt)"/>
  <testcase name="decimalRound(value, exp) Returns decimal round to the given " time="0.001" classname="Firefox_48_0_0_(Ubuntu_0_0_0).decimalRound(value, exp)"/>
  <testcase name="decimalRound(value, exp) Returns decimal round to the given  " time="0.001" classname="Firefox_48_0_0_(Ubuntu_0_0_0).decimalRound(value, exp)"/>
  <testcase name="decimalFloor(value, exp) Returns decimal round to the given " time="0.002" classname="Firefox_48_0_0_(Ubuntu_0_0_0).decimalFloor(value, exp)"/>
  <testcase name="decimalCeil(value, exp) Returns decimal round to the given " time="0.002" classname="Firefox_48_0_0_(Ubuntu_0_0_0).decimalCeil(value, exp)"/>
  <testcase name="isTopCornerShelvesDrawn(lowerYBound, upperYBound, y) y is equal to lowerYBound. (lowerYBound &lt;=  y &lt; upperYbound). expected = true." time="0.001" classname="Firefox_48_0_0_(Ubuntu_0_0_0).isTopCornerShelvesDrawn(lowerYBound, upperYBound, y)"/>
  <testcase name="isTopCornerShelvesDrawn(lowerYBound, upperYBound, y) y is equal to upperYBound. (lowerYBound &lt;=  y &lt; upperYbound). expected = false." time="0.001" classname="Firefox_48_0_0_(Ubuntu_0_0_0).isTopCornerShelvesDrawn(lowerYBound, upperYBound, y)"/>
  <testcase name="isTopCornerShelvesDrawn(lowerYBound, upperYBound, y) y is lower than lowerYBound. (lowerYBound &lt;=  y &lt; upperYbound). expected = false." time="0.001" classname="Firefox_48_0_0_(Ubuntu_0_0_0).isTopCornerShelvesDrawn(lowerYBound, upperYBound, y)"/>
  <testcase name="isTopCornerShelvesDrawn(lowerYBound, upperYBound, y) y is between lowerYBound and upperYBound. (lowerYBound &lt;=  y &lt; upperYbound). expected = true." time="0.001" classname="Firefox_48_0_0_(Ubuntu_0_0_0).isTopCornerShelvesDrawn(lowerYBound, upperYBound, y)"/>
  <testcase name="isRectShelveDrawn(midPoint, y) y is equal to midPoint. (midPoint ==  y). expected = true." time="0.001" classname="Firefox_48_0_0_(Ubuntu_0_0_0).isRectShelveDrawn(midPoint, y)"/>
  <testcase name="isRectShelveDrawn(midPoint, y) y is not equal to midPoint. (midPoint !=  y). expected = false." time="0.001" classname="Firefox_48_0_0_(Ubuntu_0_0_0).isRectShelveDrawn(midPoint, y)"/>
  <testcase name="isBottomCornerShelvesDrawn(lowerYBound, upperYBound, y) y equal to lowerYBound. (lowerYBound &lt;  y &lt;= upperYbound). expected = false." time="0.001" classname="Firefox_48_0_0_(Ubuntu_0_0_0).isBottomCornerShelvesDrawn(lowerYBound, upperYBound, y)"/>
  <testcase name="isBottomCornerShelvesDrawn(lowerYBound, upperYBound, y) y equal to upperYBound. (lowerYBound &lt;  y &lt;= upperYbound). expected = true." time="0.001" classname="Firefox_48_0_0_(Ubuntu_0_0_0).isBottomCornerShelvesDrawn(lowerYBound, upperYBound, y)"/>
  <testcase name="isBottomCornerShelvesDrawn(lowerYBound, upperYBound, y) y is between lowerYBound and upperYBound. (lowerYBound &lt;  y &lt;= upperYbound). expected = true." time="0.001" classname="Firefox_48_0_0_(Ubuntu_0_0_0).isBottomCornerShelvesDrawn(lowerYBound, upperYBound, y)"/>
  <testcase name="isBottomCornerShelvesDrawn(lowerYBound, upperYBound, y) y is bigger than upperYBound. (lowerYBound &lt;  y &lt;= upperYbound). expected = false." time="0.001" classname="Firefox_48_0_0_(Ubuntu_0_0_0).isBottomCornerShelvesDrawn(lowerYBound, upperYBound, y)"/>
  <testcase name="percentToSample(percent, sum) Returns decimal round to the given " time="0.001" classname="Firefox_48_0_0_(Ubuntu_0_0_0).percentToSample(percent, sum)"/>
  <testcase name="percentToSample(percent, sum) Returns decimal round to the given  " time="0.001" classname="Firefox_48_0_0_(Ubuntu_0_0_0).percentToSample(percent, sum)"/>
  <testcase name="percentToSample(percent, sum) Returns decimal round to the given   " time="0.001" classname="Firefox_48_0_0_(Ubuntu_0_0_0).percentToSample(percent, sum)"/>
  <testcase name="percentToSample(percent, sum) Returns decimal round to the given    " time="0.001" classname="Firefox_48_0_0_(Ubuntu_0_0_0).percentToSample(percent, sum)"/>
  <testcase name="percentToSample(percent, sum) Returns decimal round to the given     " time="0" classname="Firefox_48_0_0_(Ubuntu_0_0_0).percentToSample(percent, sum)"/>
  <testcase name="percentToSample(percent, sum) Returns decimal round to the given      " time="0.001" classname="Firefox_48_0_0_(Ubuntu_0_0_0).percentToSample(percent, sum)"/>
  <testcase name="percentToSample(percent, sum) Returns decimal round to the given       " time="0.001" classname="Firefox_48_0_0_(Ubuntu_0_0_0).percentToSample(percent, sum)"/>
  <testcase name="percentToSample(percent, sum) Returns decimal round to the given        " time="0" classname="Firefox_48_0_0_(Ubuntu_0_0_0).percentToSample(percent, sum)"/>
  <testcase name="percentToSample(percent, sum) Returns decimal round to the given         " time="0.001" classname="Firefox_48_0_0_(Ubuntu_0_0_0).percentToSample(percent, sum)"/>
  <testcase name="sampleToPercent(sample, sum) Returns decimal round to the given " time="0.001" classname="Firefox_48_0_0_(Ubuntu_0_0_0).sampleToPercent(sample, sum)"/>
  <testcase name="sampleToPercent(sample, sum) Returns decimal round to the given  " time="0.003" classname="Firefox_48_0_0_(Ubuntu_0_0_0).sampleToPercent(sample, sum)"/>
  <testcase name="sampleToPercent(sample, sum) Returns decimal round to the given   " time="0.001" classname="Firefox_48_0_0_(Ubuntu_0_0_0).sampleToPercent(sample, sum)"/>
  <testcase name="sampleToPercent(sample, sum) Returns decimal round to the given    " time="0.001" classname="Firefox_48_0_0_(Ubuntu_0_0_0).sampleToPercent(sample, sum)"/>
  <testcase name="sampleToPercent(sample, sum) Returns decimal round to the given     " time="0.001" classname="Firefox_48_0_0_(Ubuntu_0_0_0).sampleToPercent(sample, sum)"/>
  <testcase name="sampleToPercent(sample, sum) Returns decimal round to the given      " time="0.001" classname="Firefox_48_0_0_(Ubuntu_0_0_0).sampleToPercent(sample, sum)"/>
  <testcase name="sampleToPercent(sample, sum) Returns decimal round to the given       " time="0.001" classname="Firefox_48_0_0_(Ubuntu_0_0_0).sampleToPercent(sample, sum)"/>
  <testcase name="sampleToPercent(sample, sum) Returns decimal round to the given        " time="0.001" classname="Firefox_48_0_0_(Ubuntu_0_0_0).sampleToPercent(sample, sum)"/>
  <testcase name="sampleToPercent(sample, sum) Returns decimal round to the given         " time="0.001" classname="Firefox_48_0_0_(Ubuntu_0_0_0).sampleToPercent(sample, sum)"/>
  <testcase name="Testing Parameterized.js plugin test sum(a, b)" time="0.002" classname="Firefox_48_0_0_(Ubuntu_0_0_0).Testing Parameterized.js plugin"/>
  <testcase name="Testing Parameterized.js plugin test sum(a, b) " time="0.001" classname="Firefox_48_0_0_(Ubuntu_0_0_0).Testing Parameterized.js plugin"/>
  <testcase name="Testing Parameterized.js plugin test sum(a, b)  " time="0" classname="Firefox_48_0_0_(Ubuntu_0_0_0).Testing Parameterized.js plugin"/>
  <system-out>
    <![CDATA[Chrome 41.0.2272 (Linux 0.0.0) LOG: null
,Chrome 41.0.2272 (Linux 0.0.0) LOG: Object{millsPerPixel: 7, millsPerPixelForDepth: 16, cupboardWidth: 2500, cupboardHeight: 2500, cupboardDepth: 700, leftShelveWidth: 250, rightShelveWidth: 250, thickness: 30, floorChkBox: true, ceilingChkBox: true, leftShelveChkBox: true, rightShelveChkBox: true, rearChkBox: true, standLeftChkBox: true, standRightChkBox: true, standChkBox: true, shelveCssColor: '#3d6990', fullWidth: 3000, maxNumOfShelves: 25, maxNumOfInnerShelves: 25, maxNumOfBeams: 25}
,Firefox 48.0.0 (Ubuntu 0.0.0) LOG: null
,PhantomJS 2.1.1 (Linux 0.0.0) LOG: Object{millsPerPixel: 7, millsPerPixelForDepth: 16, cupboardWidth: 2500, cupboardHeight: 2500, cupboardDepth: 700, leftShelveWidth: 250, rightShelveWidth: 250, thickness: 30, floorChkBox: true, ceilingChkBox: true, leftShelveChkBox: true, rightShelveChkBox: true, rearChkBox: true, standLeftChkBox: true, standRightChkBox: true, standChkBox: true, shelveCssColor: '#3d6990', fullWidth: 3000, maxNumOfShelves: 25, maxNumOfInnerShelves: 25, maxNumOfBeams: 25}
,Firefox 48.0.0 (Ubuntu 0.0.0) LOG: Object{millsPerPixel: 7, millsPerPixelForDepth: 16, cupboardWidth: 2500, cupboardHeight: 2500, cupboardDepth: 700, leftShelveWidth: 250, rightShelveWidth: 250, thickness: 30, floorChkBox: true, ceilingChkBox: true, leftShelveChkBox: true, rightShelveChkBox: true, rearChkBox: true, standLeftChkBox: true, standRightChkBox: true, standChkBox: true, shelveCssColor: '#3d6990', fullWidth: 3000, maxNumOfShelves: 25, maxNumOfInnerShelves: 25, maxNumOfBeams: 25}
,Chrome 41.0.2272 (Linux 0.0.0) LOG: 'test: 6, '
,Chrome 41.0.2272 (Linux 0.0.0) LOG: 'test: 7, '
,Chrome 41.0.2272 (Linux 0.0.0) LOG: 'test: 8, '
,Chrome 41.0.2272 (Linux 0.0.0) LOG: 'test: 9, '
,Chrome 41.0.2272 (Linux 0.0.0) LOG: 'test: 10, '
,PhantomJS 2.1.1 (Linux 0.0.0) LOG: Object{millsPerPixel: 7, millsPerPixelForDepth: 16, cupboardWidth: 2500, cupboardHeight: 2500, cupboardDepth: 700, leftShelveWidth: 250, rightShelveWidth: 250, thickness: 30, floorChkBox: true, ceilingChkBox: true, leftShelveChkBox: true, rightShelveChkBox: true, rearChkBox: true, standLeftChkBox: true, standRightChkBox: true, standChkBox: true, shelveCssColor: '#3d6990', fullWidth: 3000, maxNumOfShelves: 25, maxNumOfInnerShelves: 25, maxNumOfBeams: 25}
,PhantomJS 2.1.1 (Linux 0.0.0) LOG: 'test: 6, '
,PhantomJS 2.1.1 (Linux 0.0.0) LOG: 'test: 7, '
,PhantomJS 2.1.1 (Linux 0.0.0) LOG: 'test: 8, '
,PhantomJS 2.1.1 (Linux 0.0.0) LOG: 'test: 9, '
,PhantomJS 2.1.1 (Linux 0.0.0) LOG: 'test: 10, '
,Chrome 41.0.2272 (Linux 0.0.0) LOG: 'hello vlade'
,Chrome 41.0.2272 (Linux 0.0.0) LOG: '#3d6990'
,Chrome 41.0.2272 (Linux 0.0.0) LOG: '#3d6990'
,Chrome 41.0.2272 (Linux 0.0.0) LOG: '#3d6990'
,Chrome 41.0.2272 (Linux 0.0.0) LOG: '#3d6990'
,Chrome 41.0.2272 (Linux 0.0.0) LOG: '#3d6990'
,Chrome 41.0.2272 (Linux 0.0.0) LOG: '#3d6990'
,Chrome 41.0.2272 (Linux 0.0.0) LOG: '#3d6990'
,Chrome 41.0.2272 (Linux 0.0.0) LOG: '#3d6990'
,Chrome 41.0.2272 (Linux 0.0.0) LOG: '#3d6990'
,Chrome 41.0.2272 (Linux 0.0.0) LOG: '#3d6990'
,Chrome 41.0.2272 (Linux 0.0.0) LOG: '#3d6990'
,Chrome 41.0.2272 (Linux 0.0.0) LOG: '#3d6990'
,Chrome 41.0.2272 (Linux 0.0.0) LOG: '#3d6990'
,Chrome 41.0.2272 (Linux 0.0.0) LOG: '#3d6990'
,Chrome 41.0.2272 (Linux 0.0.0) LOG: '#3d6990'
,Chrome 41.0.2272 (Linux 0.0.0) LOG: '#3d6990'
,Chrome 41.0.2272 (Linux 0.0.0) LOG: '#3d6990'
,Chrome 41.0.2272 (Linux 0.0.0) LOG: '#3d6990'
,Chrome 41.0.2272 (Linux 0.0.0) LOG: '#3d6990'
,Chrome 41.0.2272 (Linux 0.0.0) LOG: '#3d6990'
,Chrome 41.0.2272 (Linux 0.0.0) LOG: '#3d6990'
,Chrome 41.0.2272 (Linux 0.0.0) LOG: '#3d6990'
,Chrome 41.0.2272 (Linux 0.0.0) LOG: '#3d6990'
,Chrome 41.0.2272 (Linux 0.0.0) LOG: '#3d6990'
,Chrome 41.0.2272 (Linux 0.0.0) LOG: '#3d6990'
,Chrome 41.0.2272 (Linux 0.0.0) LOG: '#3d6990'
,Chrome 41.0.2272 (Linux 0.0.0) LOG: '#3d6990'
,Chrome 41.0.2272 (Linux 0.0.0) LOG: '#3d6990'
,Chrome 41.0.2272 (Linux 0.0.0) LOG: '#3d6990'
,Chrome 41.0.2272 (Linux 0.0.0) LOG: '#3d6990'
,Chrome 41.0.2272 (Linux 0.0.0) LOG: '#3d6990'
,Chrome 41.0.2272 (Linux 0.0.0) LOG: '#3d6990'
,Chrome 41.0.2272 (Linux 0.0.0) LOG: '#3d6990'
,Chrome 41.0.2272 (Linux 0.0.0) LOG: '#3d6990'
,Chrome 41.0.2272 (Linux 0.0.0) LOG: '#3d6990'
,Chrome 41.0.2272 (Linux 0.0.0) LOG: '#3d6990'
,Chrome 41.0.2272 (Linux 0.0.0) LOG: '#3d6990'
,Firefox 48.0.0 (Ubuntu 0.0.0) LOG: 'test: 6, '
,Firefox 48.0.0 (Ubuntu 0.0.0) LOG: 'test: 7, '
,Firefox 48.0.0 (Ubuntu 0.0.0) LOG: 'test: 8, '
,Firefox 48.0.0 (Ubuntu 0.0.0) LOG: 'test: 9, '
,Firefox 48.0.0 (Ubuntu 0.0.0) LOG: 'test: 10, '
,PhantomJS 2.1.1 (Linux 0.0.0) LOG: 'hello vlade'
,PhantomJS 2.1.1 (Linux 0.0.0) LOG: '#3d6990'
,PhantomJS 2.1.1 (Linux 0.0.0) LOG: '#3d6990'
,PhantomJS 2.1.1 (Linux 0.0.0) LOG: '#3d6990'
,PhantomJS 2.1.1 (Linux 0.0.0) LOG: '#3d6990'
,PhantomJS 2.1.1 (Linux 0.0.0) LOG: '#3d6990'
,PhantomJS 2.1.1 (Linux 0.0.0) LOG: '#3d6990'
,PhantomJS 2.1.1 (Linux 0.0.0) LOG: '#3d6990'
,PhantomJS 2.1.1 (Linux 0.0.0) LOG: '#3d6990'
,PhantomJS 2.1.1 (Linux 0.0.0) LOG: '#3d6990'
,PhantomJS 2.1.1 (Linux 0.0.0) LOG: '#3d6990'
,PhantomJS 2.1.1 (Linux 0.0.0) LOG: '#3d6990'
,PhantomJS 2.1.1 (Linux 0.0.0) LOG: '#3d6990'
,PhantomJS 2.1.1 (Linux 0.0.0) LOG: '#3d6990'
,PhantomJS 2.1.1 (Linux 0.0.0) LOG: '#3d6990'
,PhantomJS 2.1.1 (Linux 0.0.0) LOG: '#3d6990'
,PhantomJS 2.1.1 (Linux 0.0.0) LOG: '#3d6990'
,PhantomJS 2.1.1 (Linux 0.0.0) LOG: '#3d6990'
,PhantomJS 2.1.1 (Linux 0.0.0) LOG: '#3d6990'
,PhantomJS 2.1.1 (Linux 0.0.0) LOG: '#3d6990'
,PhantomJS 2.1.1 (Linux 0.0.0) LOG: '#3d6990'
,PhantomJS 2.1.1 (Linux 0.0.0) LOG: '#3d6990'
,PhantomJS 2.1.1 (Linux 0.0.0) LOG: '#3d6990'
,PhantomJS 2.1.1 (Linux 0.0.0) LOG: '#3d6990'
,PhantomJS 2.1.1 (Linux 0.0.0) LOG: '#3d6990'
,PhantomJS 2.1.1 (Linux 0.0.0) LOG: '#3d6990'
,PhantomJS 2.1.1 (Linux 0.0.0) LOG: '#3d6990'
,PhantomJS 2.1.1 (Linux 0.0.0) LOG: '#3d6990'
,PhantomJS 2.1.1 (Linux 0.0.0) LOG: '#3d6990'
,PhantomJS 2.1.1 (Linux 0.0.0) LOG: '#3d6990'
,PhantomJS 2.1.1 (Linux 0.0.0) LOG: '#3d6990'
,PhantomJS 2.1.1 (Linux 0.0.0) LOG: '#3d6990'
,PhantomJS 2.1.1 (Linux 0.0.0) LOG: '#3d6990'
,PhantomJS 2.1.1 (Linux 0.0.0) LOG: '#3d6990'
,PhantomJS 2.1.1 (Linux 0.0.0) LOG: '#3d6990'
,PhantomJS 2.1.1 (Linux 0.0.0) LOG: '#3d6990'
,PhantomJS 2.1.1 (Linux 0.0.0) LOG: '#3d6990'
,PhantomJS 2.1.1 (Linux 0.0.0) LOG: '#3d6990'
,Firefox 48.0.0 (Ubuntu 0.0.0) LOG: 'hello vlade'
,Firefox 48.0.0 (Ubuntu 0.0.0) LOG: '#3d6990'
,Firefox 48.0.0 (Ubuntu 0.0.0) LOG: '#3d6990'
,Firefox 48.0.0 (Ubuntu 0.0.0) LOG: '#3d6990'
,Firefox 48.0.0 (Ubuntu 0.0.0) LOG: '#3d6990'
,Firefox 48.0.0 (Ubuntu 0.0.0) LOG: '#3d6990'
,Firefox 48.0.0 (Ubuntu 0.0.0) LOG: '#3d6990'
,Firefox 48.0.0 (Ubuntu 0.0.0) LOG: '#3d6990'
,Firefox 48.0.0 (Ubuntu 0.0.0) LOG: '#3d6990'
,Firefox 48.0.0 (Ubuntu 0.0.0) LOG: '#3d6990'
,Firefox 48.0.0 (Ubuntu 0.0.0) LOG: '#3d6990'
,Firefox 48.0.0 (Ubuntu 0.0.0) LOG: '#3d6990'
,Firefox 48.0.0 (Ubuntu 0.0.0) LOG: '#3d6990'
,Firefox 48.0.0 (Ubuntu 0.0.0) LOG: '#3d6990'
,Firefox 48.0.0 (Ubuntu 0.0.0) LOG: '#3d6990'
,Firefox 48.0.0 (Ubuntu 0.0.0) LOG: '#3d6990'
,Firefox 48.0.0 (Ubuntu 0.0.0) LOG: '#3d6990'
,Firefox 48.0.0 (Ubuntu 0.0.0) LOG: '#3d6990'
,Firefox 48.0.0 (Ubuntu 0.0.0) LOG: '#3d6990'
,Firefox 48.0.0 (Ubuntu 0.0.0) LOG: '#3d6990'
,Firefox 48.0.0 (Ubuntu 0.0.0) LOG: '#3d6990'
,Firefox 48.0.0 (Ubuntu 0.0.0) LOG: '#3d6990'
,Firefox 48.0.0 (Ubuntu 0.0.0) LOG: '#3d6990'
,Firefox 48.0.0 (Ubuntu 0.0.0) LOG: '#3d6990'
,Firefox 48.0.0 (Ubuntu 0.0.0) LOG: '#3d6990'
,Firefox 48.0.0 (Ubuntu 0.0.0) LOG: '#3d6990'
,Firefox 48.0.0 (Ubuntu 0.0.0) LOG: '#3d6990'
,Firefox 48.0.0 (Ubuntu 0.0.0) LOG: '#3d6990'
,Firefox 48.0.0 (Ubuntu 0.0.0) LOG: '#3d6990'
,Firefox 48.0.0 (Ubuntu 0.0.0) LOG: '#3d6990'
,Firefox 48.0.0 (Ubuntu 0.0.0) LOG: '#3d6990'
,Firefox 48.0.0 (Ubuntu 0.0.0) LOG: '#3d6990'
,Firefox 48.0.0 (Ubuntu 0.0.0) LOG: '#3d6990'
,Firefox 48.0.0 (Ubuntu 0.0.0) LOG: '#3d6990'
,Firefox 48.0.0 (Ubuntu 0.0.0) LOG: '#3d6990'
,Firefox 48.0.0 (Ubuntu 0.0.0) LOG: '#3d6990'
,Firefox 48.0.0 (Ubuntu 0.0.0) LOG: '#3d6990'
,Firefox 48.0.0 (Ubuntu 0.0.0) LOG: '#3d6990'

]]>
  </system-out>
  <system-err/>
</testsuite>